<?xml version="1.0" encoding="UTF-8"?>
<!-- Generated by org.testng.reporters.JUnitXMLReporter -->
<testsuite hostname="v2mumpc0474" ignored="0" name="LT_139_Verify_OffersViaSPS_WithCreditEditAndSecondMortgageAsNo" tests="1" failures="1" timestamp="17 Nov 2017 09:40:25 GMT" time="39.158" errors="0">
  <testcase name="verify_OffersViaSPS_WithCreditEditAndSecondMortgageAsNo" time="38.958" classname="in.v2solutions.hybrid.testcases.LT_139_Verify_OffersViaSPS_WithCreditEditAndSecondMortgageAsNo">
    <failure type="java.lang.AssertionError" message="FAIL - Not able to Navigate google.co.in Siteunknown error: unhandled inspector error: {&amp;quot;code&amp;quot;:-32000,&amp;quot;message&amp;quot;:&amp;quot;Cannot navigate to invalid URL&amp;quot;}
  (Session info: chrome=62.0.3202.94)
  (Driver info: chromedriver=2.33.506120 (e3e53437346286c0bc2d2dc9aa4915ba81d9023f),platform=Windows NT 10.0.15063 x86_64) (WARNING: The server did not provide any stacktrace information)
Command duration or timeout: 0 milliseconds
Build info: version: &amp;apos;3.6.0&amp;apos;, revision: &amp;apos;6fbf3ec767&amp;apos;, time: &amp;apos;2017-09-27T16:15:40.131Z&amp;apos;
System info: host: &amp;apos;V2MUMPC0474&amp;apos;, ip: &amp;apos;192.168.50.25&amp;apos;, os.name: &amp;apos;Windows 10&amp;apos;, os.arch: &amp;apos;amd64&amp;apos;, os.version: &amp;apos;10.0&amp;apos;, java.version: &amp;apos;1.8.0_141&amp;apos;
Driver info: org.openqa.selenium.chrome.ChromeDriver
Capabilities [{mobileEmulationEnabled=false, hasTouchScreen=false, platform=XP, acceptSslCerts=true, webStorageEnabled=true, browserName=chrome, takesScreenshot=true, javascriptEnabled=true, platformName=XP, setWindowRect=true, unexpectedAlertBehaviour=, applicationCacheEnabled=false, rotatable=false, networkConnectionEnabled=false, chrome={chromedriverVersion=2.33.506120 (e3e53437346286c0bc2d2dc9aa4915ba81d9023f), userDataDir=C:\Users\DHRUVA~1.PAT\AppData\Local\Temp\scoped_dir2664_3783}, takesHeapSnapshot=true, pageLoadStrategy=normal, unhandledPromptBehavior=, databaseEnabled=false, handlesAlerts=true, version=62.0.3202.94, browserConnectionEnabled=false, nativeEvents=true, locationContextEnabled=true, cssSelectorsEnabled=true}]
Session ID: d260e5c3adc01883b4f6467b9ec84f0c &amp;amp;&amp;amp; FAIL - Not able to enter Dhruval Patel in GOOGLE_INPUTTEXT Field , For Error Screenshot please refer to this link  : &amp;lt;a href=&amp;apos;LT_139--Failed_AT-InputText-GOOGLE_INPUTTEXT-1711_031024_PM(IST).png&amp;apos;&amp;gt;LT_139--Failed_AT-InputText-GOOGLE_INPUTTEXT-1711_031024_PM(IST).png&amp;lt;/a&amp;gt; &amp;amp;&amp;amp;  expected [true] but found [false]">
      <![CDATA[java.lang.AssertionError: FAIL - Not able to Navigate google.co.in Siteunknown error: unhandled inspector error: {"code":-32000,"message":"Cannot navigate to invalid URL"}
  (Session info: chrome=62.0.3202.94)
  (Driver info: chromedriver=2.33.506120 (e3e53437346286c0bc2d2dc9aa4915ba81d9023f),platform=Windows NT 10.0.15063 x86_64) (WARNING: The server did not provide any stacktrace information)
Command duration or timeout: 0 milliseconds
Build info: version: '3.6.0', revision: '6fbf3ec767', time: '2017-09-27T16:15:40.131Z'
System info: host: 'V2MUMPC0474', ip: '192.168.50.25', os.name: 'Windows 10', os.arch: 'amd64', os.version: '10.0', java.version: '1.8.0_141'
Driver info: org.openqa.selenium.chrome.ChromeDriver
Capabilities [{mobileEmulationEnabled=false, hasTouchScreen=false, platform=XP, acceptSslCerts=true, webStorageEnabled=true, browserName=chrome, takesScreenshot=true, javascriptEnabled=true, platformName=XP, setWindowRect=true, unexpectedAlertBehaviour=, applicationCacheEnabled=false, rotatable=false, networkConnectionEnabled=false, chrome={chromedriverVersion=2.33.506120 (e3e53437346286c0bc2d2dc9aa4915ba81d9023f), userDataDir=C:\Users\DHRUVA~1.PAT\AppData\Local\Temp\scoped_dir2664_3783}, takesHeapSnapshot=true, pageLoadStrategy=normal, unhandledPromptBehavior=, databaseEnabled=false, handlesAlerts=true, version=62.0.3202.94, browserConnectionEnabled=false, nativeEvents=true, locationContextEnabled=true, cssSelectorsEnabled=true}]
Session ID: d260e5c3adc01883b4f6467b9ec84f0c && FAIL - Not able to enter Dhruval Patel in GOOGLE_INPUTTEXT Field , For Error Screenshot please refer to this link  : <a href='LT_139--Failed_AT-InputText-GOOGLE_INPUTTEXT-1711_031024_PM(IST).png'>LT_139--Failed_AT-InputText-GOOGLE_INPUTTEXT-1711_031024_PM(IST).png</a> &&  expected [true] but found [false]
	at in.v2solutions.hybrid.util.Keywords.executeKeywords(Keywords.java:663)
	at in.v2solutions.hybrid.testcases.LT_139_Verify_OffersViaSPS_WithCreditEditAndSecondMortgageAsNo.verify_OffersViaSPS_WithCreditEditAndSecondMortgageAsNo(LT_139_Verify_OffersViaSPS_WithCreditEditAndSecondMortgageAsNo.java:59)
... Removed 28 stack frames]]>
    </failure>
  </testcase> <!-- verify_OffersViaSPS_WithCreditEditAndSecondMortgageAsNo -->
</testsuite> <!-- LT_139_Verify_OffersViaSPS_WithCreditEditAndSecondMortgageAsNo -->
