<?xml version="1.0" encoding="UTF-8"?>
<!-- Generated by org.testng.reporters.JUnitXMLReporter -->
<testsuite hostname="v2mumpc0464" ignored="0" name="VWR_01_Verify_Apply_Leave_Functionality" tests="1" failures="0" timestamp="21 Jun 2018 13:09:33 GMT" time="0.042" errors="0">
  <testcase name="verify_Apply_Leave_Functionality" time="0.004" classname="in.v2solutions.hybrid.testcases.VWR_01_Verify_Apply_Leave_Functionality">
    <skipped/>
  </testcase> <!-- verify_Apply_Leave_Functionality -->
</testsuite> <!-- VWR_01_Verify_Apply_Leave_Functionality -->
