<?xml version="1.0" encoding="UTF-8"?>
<!-- Generated by org.testng.reporters.JUnitXMLReporter -->
<testsuite hostname="v2mumpc0464" ignored="0" name="VWR_02_Verify_Apply_Maternity_Leave_Functionality" tests="1" failures="0" timestamp="22 Jun 2018 07:31:59 GMT" time="0.003" errors="0">
  <testcase name="verify_Apply_Maternity_Leave_Functionality" time="0.0" classname="in.v2solutions.hybrid.testcases.VWR_02_Verify_Apply_Maternity_Leave_Functionality">
    <skipped/>
  </testcase> <!-- verify_Apply_Maternity_Leave_Functionality -->
</testsuite> <!-- VWR_02_Verify_Apply_Maternity_Leave_Functionality -->
