<?xml version="1.0" encoding="UTF-8"?>
<!-- Generated by org.testng.reporters.JUnitXMLReporter -->
<testsuite hostname="v2mumpc0464" ignored="0" name="VWR_11_Verify_HR_Maintenance_Functionality" tests="1" failures="0" timestamp="21 Jun 2018 13:13:06 GMT" time="0.002" errors="0">
  <testcase name="verify_HR_Maintenance_Functionality" time="0.001" classname="in.v2solutions.hybrid.testcases.VWR_11_Verify_HR_Maintenance_Functionality">
    <skipped/>
  </testcase> <!-- verify_HR_Maintenance_Functionality -->
</testsuite> <!-- VWR_11_Verify_HR_Maintenance_Functionality -->
