<?xml version="1.0" encoding="UTF-8"?>
<!-- Generated by org.testng.reporters.JUnitXMLReporter -->
<testsuite hostname="v2mumpc0464" ignored="0" name="VWR_07_Verify_Employees_Professional_Information" tests="1" failures="0" timestamp="21 Jun 2018 13:13:06 GMT" time="212.284" errors="0">
  <testcase name="verify_Employees_Professional_Information" time="212.282" classname="in.v2solutions.hybrid.testcases.VWR_07_Verify_Employees_Professional_Information"/>
</testsuite> <!-- VWR_07_Verify_Employees_Professional_Information -->
