<?xml version="1.0" encoding="UTF-8"?>
<!-- Generated by org.testng.reporters.JUnitXMLReporter -->
<testsuite hostname="v2mumpc0464" ignored="0" name="VWR_10_Verify_Reports_Functionality" tests="1" failures="0" timestamp="22 Jun 2018 07:31:59 GMT" time="0.003" errors="0">
  <testcase name="verify_Reports_Functionality" time="0.0" classname="in.v2solutions.hybrid.testcases.VWR_10_Verify_Reports_Functionality">
    <skipped/>
  </testcase> <!-- verify_Reports_Functionality -->
</testsuite> <!-- VWR_10_Verify_Reports_Functionality -->
