<?xml version="1.0" encoding="UTF-8"?>
<!-- Generated by org.testng.reporters.JUnitXMLReporter -->
<testsuite hostname="v2mumpc0464" ignored="0" name="VWR_08_Verify_Dashboard_Functionality" tests="1" failures="0" timestamp="21 Jun 2018 13:13:06 GMT" time="0.003" errors="0">
  <testcase name="verify_Dashboard_Functionality" time="0.0" classname="in.v2solutions.hybrid.testcases.VWR_08_Verify_Dashboard_Functionality">
    <skipped/>
  </testcase> <!-- verify_Dashboard_Functionality -->
</testsuite> <!-- VWR_08_Verify_Dashboard_Functionality -->
