<?xml version="1.0" encoding="UTF-8"?>
<!-- Generated by org.testng.reporters.JUnitXMLReporter -->
<testsuite hostname="v2mumpc0464" ignored="0" name="VWR_07_Verify_Employees_Professional_Information" tests="1" failures="0" timestamp="22 Jun 2018 07:31:59 GMT" time="0.002" errors="0">
  <testcase name="verify_Employees_Professional_Information" time="0.0" classname="in.v2solutions.hybrid.testcases.VWR_07_Verify_Employees_Professional_Information">
    <skipped/>
  </testcase> <!-- verify_Employees_Professional_Information -->
</testsuite> <!-- VWR_07_Verify_Employees_Professional_Information -->
