<?xml version="1.0" encoding="UTF-8"?>
<!-- Generated by org.testng.reporters.JUnitXMLReporter -->
<testsuite hostname="v2mumpc0464" ignored="0" name="VWR_05_Verify_Helpdesk_Functionality" tests="1" failures="0" timestamp="22 Jun 2018 07:31:59 GMT" time="0.002" errors="0">
  <testcase name="verify_Helpdesk_Functionality" time="0.001" classname="in.v2solutions.hybrid.testcases.VWR_05_Verify_Helpdesk_Functionality">
    <skipped/>
  </testcase> <!-- verify_Helpdesk_Functionality -->
</testsuite> <!-- VWR_05_Verify_Helpdesk_Functionality -->
