<?xml version="1.0" encoding="UTF-8"?>
<!-- Generated by org.testng.reporters.JUnitXMLReporter -->
<testsuite hostname="v2mumpc0464" ignored="0" name="VWR_04_Verify_Male_Emp_Should_not_see_Maternity_Leave_In_Dropdown" tests="1" failures="0" timestamp="22 Jun 2018 07:31:59 GMT" time="0.002" errors="0">
  <testcase name="verify_Male_Emp_Should_not_see_Maternity_Leave_In_Dropdown" time="0.001" classname="in.v2solutions.hybrid.testcases.VWR_04_Verify_Male_Emp_Should_not_see_Maternity_Leave_In_Dropdown">
    <skipped/>
  </testcase> <!-- verify_Male_Emp_Should_not_see_Maternity_Leave_In_Dropdown -->
</testsuite> <!-- VWR_04_Verify_Male_Emp_Should_not_see_Maternity_Leave_In_Dropdown -->
