<!DOCTYPE html>

<html>
  <head>
  <meta charset='utf-8'>
  <title>TestNG reports</title>

    <link type="text/css" href="testng-reports.css" rel="stylesheet" />
    <script type="text/javascript" src="jquery-1.7.1.min.js"></script>
    <script type="text/javascript" src="testng-reports.js"></script>
    <script type="text/javascript" src="https://www.google.com/jsapi"></script>
    <script type='text/javascript'>
      google.load('visualization', '1', {packages:['table']});
      google.setOnLoadCallback(drawTable);
      var suiteTableInitFunctions = new Array();
      var suiteTableData = new Array();
    </script>
    <!--
      <script type="text/javascript" src="jquery-ui/js/jquery-ui-1.8.16.custom.min.js"></script>
     -->
  </head>

  <body>
    <div class="top-banner-root">
      <span class="top-banner-title-font">Test results</span>
      <br/>
      <span class="top-banner-font-1">1 suite</span>
    </div> <!-- top-banner-root -->
    <div class="navigator-root">
      <div class="navigator-suite-header">
        <span>All suites</span>
        <a href="#" class="collapse-all-link" title="Collapse/expand all the suites">
          <img class="collapse-all-icon" src="collapseall.gif">
          </img> <!-- collapse-all-icon -->
        </a> <!-- collapse-all-link -->
      </div> <!-- navigator-suite-header -->
      <div class="suite">
        <div class="rounded-window">
          <div class="suite-header light-rounded-window-top">
            <a href="#" class="navigator-link" panel-name="suite-P1">
              <span class="suite-name border-skipped">P1</span>
            </a> <!-- navigator-link -->
          </div> <!-- suite-header light-rounded-window-top -->
          <div class="navigator-suite-content">
            <div class="suite-section-title">
              <span>Info</span>
            </div> <!-- suite-section-title -->
            <div class="suite-section-content">
              <ul>
                <li>
                  <a href="#" class="navigator-link " panel-name="test-xml-P1">
                    <span>C:\V2AutoWR\testng.xml</span>
                  </a> <!-- navigator-link  -->
                </li>
                <li>
                  <a href="#" class="navigator-link " panel-name="testlist-P1">
                    <span class="test-stats">11 tests</span>
                  </a> <!-- navigator-link  -->
                </li>
                <li>
                  <a href="#" class="navigator-link " panel-name="group-P1">
                    <span>0 groups</span>
                  </a> <!-- navigator-link  -->
                </li>
                <li>
                  <a href="#" class="navigator-link " panel-name="times-P1">
                    <span>Times</span>
                  </a> <!-- navigator-link  -->
                </li>
                <li>
                  <a href="#" class="navigator-link " panel-name="reporter-P1">
                    <span>Reporter output</span>
                  </a> <!-- navigator-link  -->
                </li>
                <li>
                  <a href="#" class="navigator-link " panel-name="ignored-methods-P1">
                    <span>Ignored methods</span>
                  </a> <!-- navigator-link  -->
                </li>
                <li>
                  <a href="#" class="navigator-link " panel-name="chronological-P1">
                    <span>Chronological view</span>
                  </a> <!-- navigator-link  -->
                </li>
              </ul>
            </div> <!-- suite-section-content -->
            <div class="result-section">
              <div class="suite-section-title">
                <span>Results</span>
              </div> <!-- suite-section-title -->
              <div class="suite-section-content">
                <ul>
                  <li>
                    <span class="method-stats">11 methods,  10 skipped,  1 passed</span>
                  </li>
                  <li>
                    <span class="method-list-title skipped">Skipped methods</span>
                    <span class="show-or-hide-methods skipped">
                      <a href="#" panel-name="suite-P1" class="hide-methods skipped suite-P1"> (hide)</a> <!-- hide-methods skipped suite-P1 -->
                      <a href="#" panel-name="suite-P1" class="show-methods skipped suite-P1"> (show)</a> <!-- show-methods skipped suite-P1 -->
                    </span>
                    <div class="method-list-content skipped suite-P1">
                      <span>
                        <img width="3%" src="skipped.png"/>
                        <a href="#" class="method navigator-link" panel-name="suite-P1" title="in.v2solutions.hybrid.testcases.VWR_01_Verify_Apply_Leave_Functionality" hash-for-method="verify_Apply_Leave_Functionality({RunMode=Y})">verify_Apply_Leave_Functionality({RunMode=Y})</a> <!-- method navigator-link -->
                      </span>
                      <br/>
                      <span>
                        <img width="3%" src="skipped.png"/>
                        <a href="#" class="method navigator-link" panel-name="suite-P1" title="in.v2solutions.hybrid.testcases.VWR_02_Verify_Apply_Maternity_Leave_Functionality" hash-for-method="verify_Apply_Maternity_Leave_Functionality({RunMode=Y})">verify_Apply_Maternity_Leave_Functionality({RunMode=Y})</a> <!-- method navigator-link -->
                      </span>
                      <br/>
                      <span>
                        <img width="3%" src="skipped.png"/>
                        <a href="#" class="method navigator-link" panel-name="suite-P1" title="in.v2solutions.hybrid.testcases.VWR_08_Verify_Dashboard_Functionality" hash-for-method="verify_Dashboard_Functionality({RunMode=Y})">verify_Dashboard_Functionality({RunMode=Y})</a> <!-- method navigator-link -->
                      </span>
                      <br/>
                      <span>
                        <img width="3%" src="skipped.png"/>
                        <a href="#" class="method navigator-link" panel-name="suite-P1" title="in.v2solutions.hybrid.testcases.VWR_06_Verify_Employees_Personal_Information" hash-for-method="verify_Employees_Personal_Information({RunMode=Y})">verify_Employees_Personal_Information({RunMode=Y})</a> <!-- method navigator-link -->
                      </span>
                      <br/>
                      <span>
                        <img width="3%" src="skipped.png"/>
                        <a href="#" class="method navigator-link" panel-name="suite-P1" title="in.v2solutions.hybrid.testcases.VWR_09_Verify_Expense_Reimbursement_Functionality" hash-for-method="verify_Expense_Reimbursement_Functionality({RunMode=Y})">verify_Expense_Reimbursement_Functionality({RunMode=Y})</a> <!-- method navigator-link -->
                      </span>
                      <br/>
                      <span>
                        <img width="3%" src="skipped.png"/>
                        <a href="#" class="method navigator-link" panel-name="suite-P1" title="in.v2solutions.hybrid.testcases.VWR_11_Verify_HR_Maintenance_Functionality" hash-for-method="verify_HR_Maintenance_Functionality({RunMode=Y})">verify_HR_Maintenance_Functionality({RunMode=Y})</a> <!-- method navigator-link -->
                      </span>
                      <br/>
                      <span>
                        <img width="3%" src="skipped.png"/>
                        <a href="#" class="method navigator-link" panel-name="suite-P1" title="in.v2solutions.hybrid.testcases.VWR_05_Verify_Helpdesk_Functionality" hash-for-method="verify_Helpdesk_Functionality({RunMode=Y})">verify_Helpdesk_Functionality({RunMode=Y})</a> <!-- method navigator-link -->
                      </span>
                      <br/>
                      <span>
                        <img width="3%" src="skipped.png"/>
                        <a href="#" class="method navigator-link" panel-name="suite-P1" title="in.v2solutions.hybrid.testcases.VWR_04_Verify_Male_Emp_Should_not_see_Maternity_Leave_In_Dropdown" hash-for-method="verify_Male_Emp_Should_not_see_Maternity_Leave_In_Dropdown({RunMode=Y})">verify_Male_Emp_Should_not_see_Maternity_Leave_In_Dropdown({RunMode=Y})</a> <!-- method navigator-link -->
                      </span>
                      <br/>
                      <span>
                        <img width="3%" src="skipped.png"/>
                        <a href="#" class="method navigator-link" panel-name="suite-P1" title="in.v2solutions.hybrid.testcases.VWR_10_Verify_Reports_Functionality" hash-for-method="verify_Reports_Functionality({RunMode=Y})">verify_Reports_Functionality({RunMode=Y})</a> <!-- method navigator-link -->
                      </span>
                      <br/>
                      <span>
                        <img width="3%" src="skipped.png"/>
                        <a href="#" class="method navigator-link" panel-name="suite-P1" title="in.v2solutions.hybrid.testcases.VWR_03_Verify_Update_Edit_Delete_Leave_Functionality" hash-for-method="verify_Update_Edit_Delete_Leave_Functionality({RunMode=Y})">verify_Update_Edit_Delete_Leave_Functionality({RunMode=Y})</a> <!-- method navigator-link -->
                      </span>
                      <br/>
                    </div> <!-- method-list-content skipped suite-P1 -->
                  </li>
                  <li>
                    <span class="method-list-title passed">Passed methods</span>
                    <span class="show-or-hide-methods passed">
                      <a href="#" panel-name="suite-P1" class="hide-methods passed suite-P1"> (hide)</a> <!-- hide-methods passed suite-P1 -->
                      <a href="#" panel-name="suite-P1" class="show-methods passed suite-P1"> (show)</a> <!-- show-methods passed suite-P1 -->
                    </span>
                    <div class="method-list-content passed suite-P1">
                      <span>
                        <img width="3%" src="passed.png"/>
                        <a href="#" class="method navigator-link" panel-name="suite-P1" title="in.v2solutions.hybrid.testcases.VWR_07_Verify_Employees_Professional_Information" hash-for-method="verify_Employees_Professional_Information({RunMode=Y})">verify_Employees_Professional_Information({RunMode=Y})</a> <!-- method navigator-link -->
                      </span>
                      <br/>
                    </div> <!-- method-list-content passed suite-P1 -->
                  </li>
                </ul>
              </div> <!-- suite-section-content -->
            </div> <!-- result-section -->
          </div> <!-- navigator-suite-content -->
        </div> <!-- rounded-window -->
      </div> <!-- suite -->
    </div> <!-- navigator-root -->
    <div class="wrapper">
      <div class="main-panel-root">
        <div panel-name="suite-P1" class="panel P1">
          <div class="suite-P1-class-skipped">
            <div class="main-panel-header rounded-window-top">
              <img src="skipped.png"/>
              <span class="class-name">in.v2solutions.hybrid.testcases.VWR_08_Verify_Dashboard_Functionality</span>
            </div> <!-- main-panel-header rounded-window-top -->
            <div class="main-panel-content rounded-window-bottom">
              <div class="method">
                <div class="method-content">
                  <a name="verify_Dashboard_Functionality({RunMode=Y})">
                  </a> <!-- verify_Dashboard_Functionality({RunMode=Y}) -->
                  <span class="method-name">verify_Dashboard_Functionality</span>
                  <span class="parameters">({RunMode=Y})</span>
                  <div class="stack-trace">org.testng.SkipException: Skipping the test as runmode is NO
	at in.v2solutions.hybrid.testcases.VWR_08_Verify_Dashboard_Functionality.verify_Dashboard_Functionality(VWR_08_Verify_Dashboard_Functionality.java:46)
... Removed 24 stack frames
</div> <!-- stack-trace -->
                </div> <!-- method-content -->
              </div> <!-- method -->
            </div> <!-- main-panel-content rounded-window-bottom -->
          </div> <!-- suite-P1-class-skipped -->
          <div class="suite-P1-class-skipped">
            <div class="main-panel-header rounded-window-top">
              <img src="skipped.png"/>
              <span class="class-name">in.v2solutions.hybrid.testcases.VWR_04_Verify_Male_Emp_Should_not_see_Maternity_Leave_In_Dropdown</span>
            </div> <!-- main-panel-header rounded-window-top -->
            <div class="main-panel-content rounded-window-bottom">
              <div class="method">
                <div class="method-content">
                  <a name="verify_Male_Emp_Should_not_see_Maternity_Leave_In_Dropdown({RunMode=Y})">
                  </a> <!-- verify_Male_Emp_Should_not_see_Maternity_Leave_In_Dropdown({RunMode=Y}) -->
                  <span class="method-name">verify_Male_Emp_Should_not_see_Maternity_Leave_In_Dropdown</span>
                  <span class="parameters">({RunMode=Y})</span>
                  <div class="stack-trace">org.testng.SkipException: Skipping the test as runmode is NO
	at in.v2solutions.hybrid.testcases.VWR_04_Verify_Male_Emp_Should_not_see_Maternity_Leave_In_Dropdown.verify_Male_Emp_Should_not_see_Maternity_Leave_In_Dropdown(VWR_04_Verify_Male_Emp_Should_not_see_Maternity_Leave_In_Dropdown.java:46)
... Removed 24 stack frames
</div> <!-- stack-trace -->
                </div> <!-- method-content -->
              </div> <!-- method -->
            </div> <!-- main-panel-content rounded-window-bottom -->
          </div> <!-- suite-P1-class-skipped -->
          <div class="suite-P1-class-skipped">
            <div class="main-panel-header rounded-window-top">
              <img src="skipped.png"/>
              <span class="class-name">in.v2solutions.hybrid.testcases.VWR_09_Verify_Expense_Reimbursement_Functionality</span>
            </div> <!-- main-panel-header rounded-window-top -->
            <div class="main-panel-content rounded-window-bottom">
              <div class="method">
                <div class="method-content">
                  <a name="verify_Expense_Reimbursement_Functionality({RunMode=Y})">
                  </a> <!-- verify_Expense_Reimbursement_Functionality({RunMode=Y}) -->
                  <span class="method-name">verify_Expense_Reimbursement_Functionality</span>
                  <span class="parameters">({RunMode=Y})</span>
                  <div class="stack-trace">org.testng.SkipException: Skipping the test as runmode is NO
	at in.v2solutions.hybrid.testcases.VWR_09_Verify_Expense_Reimbursement_Functionality.verify_Expense_Reimbursement_Functionality(VWR_09_Verify_Expense_Reimbursement_Functionality.java:46)
... Removed 24 stack frames
</div> <!-- stack-trace -->
                </div> <!-- method-content -->
              </div> <!-- method -->
            </div> <!-- main-panel-content rounded-window-bottom -->
          </div> <!-- suite-P1-class-skipped -->
          <div class="suite-P1-class-skipped">
            <div class="main-panel-header rounded-window-top">
              <img src="skipped.png"/>
              <span class="class-name">in.v2solutions.hybrid.testcases.VWR_02_Verify_Apply_Maternity_Leave_Functionality</span>
            </div> <!-- main-panel-header rounded-window-top -->
            <div class="main-panel-content rounded-window-bottom">
              <div class="method">
                <div class="method-content">
                  <a name="verify_Apply_Maternity_Leave_Functionality({RunMode=Y})">
                  </a> <!-- verify_Apply_Maternity_Leave_Functionality({RunMode=Y}) -->
                  <span class="method-name">verify_Apply_Maternity_Leave_Functionality</span>
                  <span class="parameters">({RunMode=Y})</span>
                  <div class="stack-trace">org.testng.SkipException: Skipping the test as runmode is NO
	at in.v2solutions.hybrid.testcases.VWR_02_Verify_Apply_Maternity_Leave_Functionality.verify_Apply_Maternity_Leave_Functionality(VWR_02_Verify_Apply_Maternity_Leave_Functionality.java:46)
... Removed 24 stack frames
</div> <!-- stack-trace -->
                </div> <!-- method-content -->
              </div> <!-- method -->
            </div> <!-- main-panel-content rounded-window-bottom -->
          </div> <!-- suite-P1-class-skipped -->
          <div class="suite-P1-class-skipped">
            <div class="main-panel-header rounded-window-top">
              <img src="skipped.png"/>
              <span class="class-name">in.v2solutions.hybrid.testcases.VWR_05_Verify_Helpdesk_Functionality</span>
            </div> <!-- main-panel-header rounded-window-top -->
            <div class="main-panel-content rounded-window-bottom">
              <div class="method">
                <div class="method-content">
                  <a name="verify_Helpdesk_Functionality({RunMode=Y})">
                  </a> <!-- verify_Helpdesk_Functionality({RunMode=Y}) -->
                  <span class="method-name">verify_Helpdesk_Functionality</span>
                  <span class="parameters">({RunMode=Y})</span>
                  <div class="stack-trace">org.testng.SkipException: Skipping the test as runmode is NO
	at in.v2solutions.hybrid.testcases.VWR_05_Verify_Helpdesk_Functionality.verify_Helpdesk_Functionality(VWR_05_Verify_Helpdesk_Functionality.java:46)
... Removed 24 stack frames
</div> <!-- stack-trace -->
                </div> <!-- method-content -->
              </div> <!-- method -->
            </div> <!-- main-panel-content rounded-window-bottom -->
          </div> <!-- suite-P1-class-skipped -->
          <div class="suite-P1-class-skipped">
            <div class="main-panel-header rounded-window-top">
              <img src="skipped.png"/>
              <span class="class-name">in.v2solutions.hybrid.testcases.VWR_01_Verify_Apply_Leave_Functionality</span>
            </div> <!-- main-panel-header rounded-window-top -->
            <div class="main-panel-content rounded-window-bottom">
              <div class="method">
                <div class="method-content">
                  <a name="verify_Apply_Leave_Functionality({RunMode=Y})">
                  </a> <!-- verify_Apply_Leave_Functionality({RunMode=Y}) -->
                  <span class="method-name">verify_Apply_Leave_Functionality</span>
                  <span class="parameters">({RunMode=Y})</span>
                  <div class="stack-trace">org.testng.SkipException: Skipping the test as runmode is NO
	at in.v2solutions.hybrid.testcases.VWR_01_Verify_Apply_Leave_Functionality.verify_Apply_Leave_Functionality(VWR_01_Verify_Apply_Leave_Functionality.java:46)
... Removed 24 stack frames
</div> <!-- stack-trace -->
                </div> <!-- method-content -->
              </div> <!-- method -->
            </div> <!-- main-panel-content rounded-window-bottom -->
          </div> <!-- suite-P1-class-skipped -->
          <div class="suite-P1-class-skipped">
            <div class="main-panel-header rounded-window-top">
              <img src="skipped.png"/>
              <span class="class-name">in.v2solutions.hybrid.testcases.VWR_11_Verify_HR_Maintenance_Functionality</span>
            </div> <!-- main-panel-header rounded-window-top -->
            <div class="main-panel-content rounded-window-bottom">
              <div class="method">
                <div class="method-content">
                  <a name="verify_HR_Maintenance_Functionality({RunMode=Y})">
                  </a> <!-- verify_HR_Maintenance_Functionality({RunMode=Y}) -->
                  <span class="method-name">verify_HR_Maintenance_Functionality</span>
                  <span class="parameters">({RunMode=Y})</span>
                  <div class="stack-trace">org.testng.SkipException: Skipping the test as runmode is NO
	at in.v2solutions.hybrid.testcases.VWR_11_Verify_HR_Maintenance_Functionality.verify_HR_Maintenance_Functionality(VWR_11_Verify_HR_Maintenance_Functionality.java:46)
... Removed 24 stack frames
</div> <!-- stack-trace -->
                </div> <!-- method-content -->
              </div> <!-- method -->
            </div> <!-- main-panel-content rounded-window-bottom -->
          </div> <!-- suite-P1-class-skipped -->
          <div class="suite-P1-class-skipped">
            <div class="main-panel-header rounded-window-top">
              <img src="skipped.png"/>
              <span class="class-name">in.v2solutions.hybrid.testcases.VWR_06_Verify_Employees_Personal_Information</span>
            </div> <!-- main-panel-header rounded-window-top -->
            <div class="main-panel-content rounded-window-bottom">
              <div class="method">
                <div class="method-content">
                  <a name="verify_Employees_Personal_Information({RunMode=Y})">
                  </a> <!-- verify_Employees_Personal_Information({RunMode=Y}) -->
                  <span class="method-name">verify_Employees_Personal_Information</span>
                  <span class="parameters">({RunMode=Y})</span>
                  <div class="stack-trace">org.testng.SkipException: Skipping the test as runmode is NO
	at in.v2solutions.hybrid.testcases.VWR_06_Verify_Employees_Personal_Information.verify_Employees_Personal_Information(VWR_06_Verify_Employees_Personal_Information.java:46)
... Removed 24 stack frames
</div> <!-- stack-trace -->
                </div> <!-- method-content -->
              </div> <!-- method -->
            </div> <!-- main-panel-content rounded-window-bottom -->
          </div> <!-- suite-P1-class-skipped -->
          <div class="suite-P1-class-skipped">
            <div class="main-panel-header rounded-window-top">
              <img src="skipped.png"/>
              <span class="class-name">in.v2solutions.hybrid.testcases.VWR_10_Verify_Reports_Functionality</span>
            </div> <!-- main-panel-header rounded-window-top -->
            <div class="main-panel-content rounded-window-bottom">
              <div class="method">
                <div class="method-content">
                  <a name="verify_Reports_Functionality({RunMode=Y})">
                  </a> <!-- verify_Reports_Functionality({RunMode=Y}) -->
                  <span class="method-name">verify_Reports_Functionality</span>
                  <span class="parameters">({RunMode=Y})</span>
                  <div class="stack-trace">org.testng.SkipException: Skipping the test as runmode is NO
	at in.v2solutions.hybrid.testcases.VWR_10_Verify_Reports_Functionality.verify_Reports_Functionality(VWR_10_Verify_Reports_Functionality.java:46)
... Removed 24 stack frames
</div> <!-- stack-trace -->
                </div> <!-- method-content -->
              </div> <!-- method -->
            </div> <!-- main-panel-content rounded-window-bottom -->
          </div> <!-- suite-P1-class-skipped -->
          <div class="suite-P1-class-skipped">
            <div class="main-panel-header rounded-window-top">
              <img src="skipped.png"/>
              <span class="class-name">in.v2solutions.hybrid.testcases.VWR_03_Verify_Update_Edit_Delete_Leave_Functionality</span>
            </div> <!-- main-panel-header rounded-window-top -->
            <div class="main-panel-content rounded-window-bottom">
              <div class="method">
                <div class="method-content">
                  <a name="verify_Update_Edit_Delete_Leave_Functionality({RunMode=Y})">
                  </a> <!-- verify_Update_Edit_Delete_Leave_Functionality({RunMode=Y}) -->
                  <span class="method-name">verify_Update_Edit_Delete_Leave_Functionality</span>
                  <span class="parameters">({RunMode=Y})</span>
                  <div class="stack-trace">org.testng.SkipException: Skipping the test as runmode is NO
	at in.v2solutions.hybrid.testcases.VWR_03_Verify_Update_Edit_Delete_Leave_Functionality.verify_Update_Edit_Delete_Leave_Functionality(VWR_03_Verify_Update_Edit_Delete_Leave_Functionality.java:46)
... Removed 24 stack frames
</div> <!-- stack-trace -->
                </div> <!-- method-content -->
              </div> <!-- method -->
            </div> <!-- main-panel-content rounded-window-bottom -->
          </div> <!-- suite-P1-class-skipped -->
          <div class="suite-P1-class-passed">
            <div class="main-panel-header rounded-window-top">
              <img src="passed.png"/>
              <span class="class-name">in.v2solutions.hybrid.testcases.VWR_07_Verify_Employees_Professional_Information</span>
            </div> <!-- main-panel-header rounded-window-top -->
            <div class="main-panel-content rounded-window-bottom">
              <div class="method">
                <div class="method-content">
                  <a name="verify_Employees_Professional_Information({RunMode=Y})">
                  </a> <!-- verify_Employees_Professional_Information({RunMode=Y}) -->
                  <span class="method-name">verify_Employees_Professional_Information</span>
                  <span class="parameters">({RunMode=Y})</span>
                </div> <!-- method-content -->
              </div> <!-- method -->
            </div> <!-- main-panel-content rounded-window-bottom -->
          </div> <!-- suite-P1-class-passed -->
        </div> <!-- panel P1 -->
        <div panel-name="test-xml-P1" class="panel">
          <div class="main-panel-header rounded-window-top">
            <span class="header-content">C:\V2AutoWR\testng.xml</span>
          </div> <!-- main-panel-header rounded-window-top -->
          <div class="main-panel-content rounded-window-bottom">
            <pre>
&lt;?xml version=&quot;1.0&quot; encoding=&quot;UTF-8&quot;?&gt;
&lt;!DOCTYPE suite SYSTEM &quot;http://testng.org/testng-1.0.dtd&quot;&gt;
&lt;suite guice-stage=&quot;DEVELOPMENT&quot; name=&quot;P1&quot;&gt;
  &lt;parameter name=&quot;Suite-Name&quot; value=&quot;V2 Refresh_QA_Build_1.8--VWR_TestCases_P1&quot;/&gt;
  &lt;test name=&quot;VWR_01_Verify_Apply_Leave_Functionality&quot;&gt;
    &lt;classes&gt;
      &lt;class name=&quot;in.v2solutions.hybrid.testcases.VWR_01_Verify_Apply_Leave_Functionality&quot;/&gt;
    &lt;/classes&gt;
  &lt;/test&gt; &lt;!-- VWR_01_Verify_Apply_Leave_Functionality --&gt;
  &lt;test name=&quot;VWR_02_Verify_Apply_Maternity_Leave_Functionality&quot;&gt;
    &lt;classes&gt;
      &lt;class name=&quot;in.v2solutions.hybrid.testcases.VWR_02_Verify_Apply_Maternity_Leave_Functionality&quot;/&gt;
    &lt;/classes&gt;
  &lt;/test&gt; &lt;!-- VWR_02_Verify_Apply_Maternity_Leave_Functionality --&gt;
  &lt;test name=&quot;VWR_03_Verify_Update_Edit_Delete_Leave_Functionality&quot;&gt;
    &lt;classes&gt;
      &lt;class name=&quot;in.v2solutions.hybrid.testcases.VWR_03_Verify_Update_Edit_Delete_Leave_Functionality&quot;/&gt;
    &lt;/classes&gt;
  &lt;/test&gt; &lt;!-- VWR_03_Verify_Update_Edit_Delete_Leave_Functionality --&gt;
  &lt;test name=&quot;VWR_04_Verify_Male_Emp_Should_not_see_Maternity_Leave_In_Dropdown&quot;&gt;
    &lt;classes&gt;
      &lt;class name=&quot;in.v2solutions.hybrid.testcases.VWR_04_Verify_Male_Emp_Should_not_see_Maternity_Leave_In_Dropdown&quot;/&gt;
    &lt;/classes&gt;
  &lt;/test&gt; &lt;!-- VWR_04_Verify_Male_Emp_Should_not_see_Maternity_Leave_In_Dropdown --&gt;
  &lt;test name=&quot;VWR_05_Verify_Helpdesk_Functionality&quot;&gt;
    &lt;classes&gt;
      &lt;class name=&quot;in.v2solutions.hybrid.testcases.VWR_05_Verify_Helpdesk_Functionality&quot;/&gt;
    &lt;/classes&gt;
  &lt;/test&gt; &lt;!-- VWR_05_Verify_Helpdesk_Functionality --&gt;
  &lt;test name=&quot;VWR_06_Verify_Employees_Personal_Information&quot;&gt;
    &lt;classes&gt;
      &lt;class name=&quot;in.v2solutions.hybrid.testcases.VWR_06_Verify_Employees_Personal_Information&quot;/&gt;
    &lt;/classes&gt;
  &lt;/test&gt; &lt;!-- VWR_06_Verify_Employees_Personal_Information --&gt;
  &lt;test name=&quot;VWR_07_Verify_Employees_Professional_Information&quot;&gt;
    &lt;classes&gt;
      &lt;class name=&quot;in.v2solutions.hybrid.testcases.VWR_07_Verify_Employees_Professional_Information&quot;/&gt;
    &lt;/classes&gt;
  &lt;/test&gt; &lt;!-- VWR_07_Verify_Employees_Professional_Information --&gt;
  &lt;test name=&quot;VWR_08_Verify_Dashboard_Functionality&quot;&gt;
    &lt;classes&gt;
      &lt;class name=&quot;in.v2solutions.hybrid.testcases.VWR_08_Verify_Dashboard_Functionality&quot;/&gt;
    &lt;/classes&gt;
  &lt;/test&gt; &lt;!-- VWR_08_Verify_Dashboard_Functionality --&gt;
  &lt;test name=&quot;VWR_09_Verify_Expense_Reimbursement_Functionality&quot;&gt;
    &lt;classes&gt;
      &lt;class name=&quot;in.v2solutions.hybrid.testcases.VWR_09_Verify_Expense_Reimbursement_Functionality&quot;/&gt;
    &lt;/classes&gt;
  &lt;/test&gt; &lt;!-- VWR_09_Verify_Expense_Reimbursement_Functionality --&gt;
  &lt;test name=&quot;VWR_10_Verify_Reports_Functionality&quot;&gt;
    &lt;classes&gt;
      &lt;class name=&quot;in.v2solutions.hybrid.testcases.VWR_10_Verify_Reports_Functionality&quot;/&gt;
    &lt;/classes&gt;
  &lt;/test&gt; &lt;!-- VWR_10_Verify_Reports_Functionality --&gt;
  &lt;test name=&quot;VWR_11_Verify_HR_Maintenance_Functionality&quot;&gt;
    &lt;classes&gt;
      &lt;class name=&quot;in.v2solutions.hybrid.testcases.VWR_11_Verify_HR_Maintenance_Functionality&quot;/&gt;
    &lt;/classes&gt;
  &lt;/test&gt; &lt;!-- VWR_11_Verify_HR_Maintenance_Functionality --&gt;
&lt;/suite&gt; &lt;!-- P1 --&gt;
            </pre>
          </div> <!-- main-panel-content rounded-window-bottom -->
        </div> <!-- panel -->
        <div panel-name="testlist-P1" class="panel">
          <div class="main-panel-header rounded-window-top">
            <span class="header-content">Tests for P1</span>
          </div> <!-- main-panel-header rounded-window-top -->
          <div class="main-panel-content rounded-window-bottom">
            <ul>
              <li>
                <span class="test-name">VWR_01_Verify_Apply_Leave_Functionality (1 class)</span>
              </li>
              <li>
                <span class="test-name">VWR_02_Verify_Apply_Maternity_Leave_Functionality (1 class)</span>
              </li>
              <li>
                <span class="test-name">VWR_03_Verify_Update_Edit_Delete_Leave_Functionality (1 class)</span>
              </li>
              <li>
                <span class="test-name">VWR_04_Verify_Male_Emp_Should_not_see_Maternity_Leave_In_Dropdown (1 class)</span>
              </li>
              <li>
                <span class="test-name">VWR_05_Verify_Helpdesk_Functionality (1 class)</span>
              </li>
              <li>
                <span class="test-name">VWR_06_Verify_Employees_Personal_Information (1 class)</span>
              </li>
              <li>
                <span class="test-name">VWR_07_Verify_Employees_Professional_Information (1 class)</span>
              </li>
              <li>
                <span class="test-name">VWR_08_Verify_Dashboard_Functionality (1 class)</span>
              </li>
              <li>
                <span class="test-name">VWR_09_Verify_Expense_Reimbursement_Functionality (1 class)</span>
              </li>
              <li>
                <span class="test-name">VWR_10_Verify_Reports_Functionality (1 class)</span>
              </li>
              <li>
                <span class="test-name">VWR_11_Verify_HR_Maintenance_Functionality (1 class)</span>
              </li>
            </ul>
          </div> <!-- main-panel-content rounded-window-bottom -->
        </div> <!-- panel -->
        <div panel-name="group-P1" class="panel">
          <div class="main-panel-header rounded-window-top">
            <span class="header-content">Groups for P1</span>
          </div> <!-- main-panel-header rounded-window-top -->
          <div class="main-panel-content rounded-window-bottom">
          </div> <!-- main-panel-content rounded-window-bottom -->
        </div> <!-- panel -->
        <div panel-name="times-P1" class="panel">
          <div class="main-panel-header rounded-window-top">
            <span class="header-content">Times for P1</span>
          </div> <!-- main-panel-header rounded-window-top -->
          <div class="main-panel-content rounded-window-bottom">
            <div class="times-div">
              <script type="text/javascript">
suiteTableInitFunctions.push('tableData_P1');
function tableData_P1() {
var data = new google.visualization.DataTable();
data.addColumn('number', 'Number');
data.addColumn('string', 'Method');
data.addColumn('string', 'Class');
data.addColumn('number', 'Time (ms)');
data.addRows(11);
data.setCell(0, 0, 0)
data.setCell(0, 1, 'verify_Employees_Professional_Information')
data.setCell(0, 2, 'in.v2solutions.hybrid.testcases.VWR_07_Verify_Employees_Professional_Information')
data.setCell(0, 3, 212282);
data.setCell(1, 0, 1)
data.setCell(1, 1, 'verify_Apply_Leave_Functionality')
data.setCell(1, 2, 'in.v2solutions.hybrid.testcases.VWR_01_Verify_Apply_Leave_Functionality')
data.setCell(1, 3, 4);
data.setCell(2, 0, 2)
data.setCell(2, 1, 'verify_Male_Emp_Should_not_see_Maternity_Leave_In_Dropdown')
data.setCell(2, 2, 'in.v2solutions.hybrid.testcases.VWR_04_Verify_Male_Emp_Should_not_see_Maternity_Leave_In_Dropdown')
data.setCell(2, 3, 2);
data.setCell(3, 0, 3)
data.setCell(3, 1, 'verify_Apply_Maternity_Leave_Functionality')
data.setCell(3, 2, 'in.v2solutions.hybrid.testcases.VWR_02_Verify_Apply_Maternity_Leave_Functionality')
data.setCell(3, 3, 1);
data.setCell(4, 0, 4)
data.setCell(4, 1, 'verify_Update_Edit_Delete_Leave_Functionality')
data.setCell(4, 2, 'in.v2solutions.hybrid.testcases.VWR_03_Verify_Update_Edit_Delete_Leave_Functionality')
data.setCell(4, 3, 1);
data.setCell(5, 0, 5)
data.setCell(5, 1, 'verify_Helpdesk_Functionality')
data.setCell(5, 2, 'in.v2solutions.hybrid.testcases.VWR_05_Verify_Helpdesk_Functionality')
data.setCell(5, 3, 1);
data.setCell(6, 0, 6)
data.setCell(6, 1, 'verify_Expense_Reimbursement_Functionality')
data.setCell(6, 2, 'in.v2solutions.hybrid.testcases.VWR_09_Verify_Expense_Reimbursement_Functionality')
data.setCell(6, 3, 1);
data.setCell(7, 0, 7)
data.setCell(7, 1, 'verify_HR_Maintenance_Functionality')
data.setCell(7, 2, 'in.v2solutions.hybrid.testcases.VWR_11_Verify_HR_Maintenance_Functionality')
data.setCell(7, 3, 1);
data.setCell(8, 0, 8)
data.setCell(8, 1, 'verify_Employees_Personal_Information')
data.setCell(8, 2, 'in.v2solutions.hybrid.testcases.VWR_06_Verify_Employees_Personal_Information')
data.setCell(8, 3, 0);
data.setCell(9, 0, 9)
data.setCell(9, 1, 'verify_Dashboard_Functionality')
data.setCell(9, 2, 'in.v2solutions.hybrid.testcases.VWR_08_Verify_Dashboard_Functionality')
data.setCell(9, 3, 0);
data.setCell(10, 0, 10)
data.setCell(10, 1, 'verify_Reports_Functionality')
data.setCell(10, 2, 'in.v2solutions.hybrid.testcases.VWR_10_Verify_Reports_Functionality')
data.setCell(10, 3, 0);
window.suiteTableData['P1']= { tableData: data, tableDiv: 'times-div-P1'}
return data;
}
              </script>
              <span class="suite-total-time">Total running time: 3 minutes</span>
              <div id="times-div-P1">
              </div> <!-- times-div-P1 -->
            </div> <!-- times-div -->
          </div> <!-- main-panel-content rounded-window-bottom -->
        </div> <!-- panel -->
        <div panel-name="reporter-P1" class="panel">
          <div class="main-panel-header rounded-window-top">
            <span class="header-content">Reporter output for P1</span>
          </div> <!-- main-panel-header rounded-window-top -->
          <div class="main-panel-content rounded-window-bottom">
          </div> <!-- main-panel-content rounded-window-bottom -->
        </div> <!-- panel -->
        <div panel-name="ignored-methods-P1" class="panel">
          <div class="main-panel-header rounded-window-top">
            <span class="header-content">0 ignored methods</span>
          </div> <!-- main-panel-header rounded-window-top -->
          <div class="main-panel-content rounded-window-bottom">
          </div> <!-- main-panel-content rounded-window-bottom -->
        </div> <!-- panel -->
        <div panel-name="chronological-P1" class="panel">
          <div class="main-panel-header rounded-window-top">
            <span class="header-content">Methods in chronological order</span>
          </div> <!-- main-panel-header rounded-window-top -->
          <div class="main-panel-content rounded-window-bottom">
            <div class="chronological-class">
              <div class="chronological-class-name">in.v2solutions.hybrid.testcases.VWR_01_Verify_Apply_Leave_Functionality</div> <!-- chronological-class-name -->
              <div class="configuration-test before">
                <span class="method-name">beforeTest(V2 Refresh_QA_Build_1.8--VWR_TestCases_P1)</span>
                <span class="method-start">0 ms</span>
              </div> <!-- configuration-test before -->
              <div class="test-method">
                <span class="method-name">verify_Apply_Leave_Functionality({RunMode=Y})</span>
                <span class="method-start">35 ms</span>
              </div> <!-- test-method -->
              <div class="configuration-test after">
                <span class="method-name">afterTest</span>
                <span class="method-start">40 ms</span>
              </div> <!-- configuration-test after -->
            </div> <!-- chronological-class -->
            <div class="chronological-class">
              <div class="chronological-class-name">in.v2solutions.hybrid.testcases.VWR_02_Verify_Apply_Maternity_Leave_Functionality</div> <!-- chronological-class-name -->
              <div class="configuration-test before">
                <span class="method-name">beforeTest(V2 Refresh_QA_Build_1.8--VWR_TestCases_P1)</span>
                <span class="method-start">71 ms</span>
              </div> <!-- configuration-test before -->
              <div class="test-method">
                <span class="method-name">verify_Apply_Maternity_Leave_Functionality({RunMode=Y})</span>
                <span class="method-start">72 ms</span>
              </div> <!-- test-method -->
              <div class="configuration-test after">
                <span class="method-name">afterTest</span>
                <span class="method-start">74 ms</span>
              </div> <!-- configuration-test after -->
            </div> <!-- chronological-class -->
            <div class="chronological-class">
              <div class="chronological-class-name">in.v2solutions.hybrid.testcases.VWR_03_Verify_Update_Edit_Delete_Leave_Functionality</div> <!-- chronological-class-name -->
              <div class="configuration-test before">
                <span class="method-name">beforeTest(V2 Refresh_QA_Build_1.8--VWR_TestCases_P1)</span>
                <span class="method-start">84 ms</span>
              </div> <!-- configuration-test before -->
              <div class="test-method">
                <span class="method-name">verify_Update_Edit_Delete_Leave_Functionality({RunMode=Y})</span>
                <span class="method-start">85 ms</span>
              </div> <!-- test-method -->
              <div class="configuration-test after">
                <span class="method-name">afterTest</span>
                <span class="method-start">89 ms</span>
              </div> <!-- configuration-test after -->
            </div> <!-- chronological-class -->
            <div class="chronological-class">
              <div class="chronological-class-name">in.v2solutions.hybrid.testcases.VWR_04_Verify_Male_Emp_Should_not_see_Maternity_Leave_In_Dropdown</div> <!-- chronological-class-name -->
              <div class="configuration-test before">
                <span class="method-name">beforeTest(V2 Refresh_QA_Build_1.8--VWR_TestCases_P1)</span>
                <span class="method-start">96 ms</span>
              </div> <!-- configuration-test before -->
              <div class="test-method">
                <span class="method-name">verify_Male_Emp_Should_not_see_Maternity_Leave_In_Dropdown({RunMode=Y})</span>
                <span class="method-start">96 ms</span>
              </div> <!-- test-method -->
              <div class="configuration-test after">
                <span class="method-name">afterTest</span>
                <span class="method-start">98 ms</span>
              </div> <!-- configuration-test after -->
            </div> <!-- chronological-class -->
            <div class="chronological-class">
              <div class="chronological-class-name">in.v2solutions.hybrid.testcases.VWR_05_Verify_Helpdesk_Functionality</div> <!-- chronological-class-name -->
              <div class="configuration-test before">
                <span class="method-name">beforeTest(V2 Refresh_QA_Build_1.8--VWR_TestCases_P1)</span>
                <span class="method-start">105 ms</span>
              </div> <!-- configuration-test before -->
              <div class="test-method">
                <span class="method-name">verify_Helpdesk_Functionality({RunMode=Y})</span>
                <span class="method-start">106 ms</span>
              </div> <!-- test-method -->
              <div class="configuration-test after">
                <span class="method-name">afterTest</span>
                <span class="method-start">107 ms</span>
              </div> <!-- configuration-test after -->
            </div> <!-- chronological-class -->
            <div class="chronological-class">
              <div class="chronological-class-name">in.v2solutions.hybrid.testcases.VWR_06_Verify_Employees_Personal_Information</div> <!-- chronological-class-name -->
              <div class="configuration-test before">
                <span class="method-name">beforeTest(V2 Refresh_QA_Build_1.8--VWR_TestCases_P1)</span>
                <span class="method-start">113 ms</span>
              </div> <!-- configuration-test before -->
              <div class="test-method">
                <span class="method-name">verify_Employees_Personal_Information({RunMode=Y})</span>
                <span class="method-start">114 ms</span>
              </div> <!-- test-method -->
              <div class="configuration-test after">
                <span class="method-name">afterTest</span>
                <span class="method-start">115 ms</span>
              </div> <!-- configuration-test after -->
            </div> <!-- chronological-class -->
            <div class="chronological-class">
              <div class="chronological-class-name">in.v2solutions.hybrid.testcases.VWR_07_Verify_Employees_Professional_Information</div> <!-- chronological-class-name -->
              <div class="configuration-test before">
                <span class="method-name">beforeTest(V2 Refresh_QA_Build_1.8--VWR_TestCases_P1)</span>
                <span class="method-start">120 ms</span>
              </div> <!-- configuration-test before -->
              <div class="test-method">
                <span class="method-name">verify_Employees_Professional_Information({RunMode=Y})</span>
                <span class="method-start">121 ms</span>
              </div> <!-- test-method -->
              <div class="configuration-test after">
                <span class="method-name">afterTest</span>
                <span class="method-start">212403 ms</span>
              </div> <!-- configuration-test after -->
            </div> <!-- chronological-class -->
            <div class="chronological-class">
              <div class="chronological-class-name">in.v2solutions.hybrid.testcases.VWR_08_Verify_Dashboard_Functionality</div> <!-- chronological-class-name -->
              <div class="configuration-test before">
                <span class="method-name">beforeTest(V2 Refresh_QA_Build_1.8--VWR_TestCases_P1)</span>
                <span class="method-start">212413 ms</span>
              </div> <!-- configuration-test before -->
              <div class="configuration-test after">
                <span class="method-name">afterTest</span>
                <span class="method-start">212415 ms</span>
              </div> <!-- configuration-test after -->
              <div class="test-method">
                <span class="method-name">verify_Dashboard_Functionality({RunMode=Y})</span>
                <span class="method-start">212415 ms</span>
              </div> <!-- test-method -->
            </div> <!-- chronological-class -->
            <div class="chronological-class">
              <div class="chronological-class-name">in.v2solutions.hybrid.testcases.VWR_09_Verify_Expense_Reimbursement_Functionality</div> <!-- chronological-class-name -->
              <div class="configuration-test before">
                <span class="method-name">beforeTest(V2 Refresh_QA_Build_1.8--VWR_TestCases_P1)</span>
                <span class="method-start">212425 ms</span>
              </div> <!-- configuration-test before -->
              <div class="test-method">
                <span class="method-name">verify_Expense_Reimbursement_Functionality({RunMode=Y})</span>
                <span class="method-start">212426 ms</span>
              </div> <!-- test-method -->
              <div class="configuration-test after">
                <span class="method-name">afterTest</span>
                <span class="method-start">212427 ms</span>
              </div> <!-- configuration-test after -->
            </div> <!-- chronological-class -->
            <div class="chronological-class">
              <div class="chronological-class-name">in.v2solutions.hybrid.testcases.VWR_10_Verify_Reports_Functionality</div> <!-- chronological-class-name -->
              <div class="configuration-test before">
                <span class="method-name">beforeTest(V2 Refresh_QA_Build_1.8--VWR_TestCases_P1)</span>
                <span class="method-start">212439 ms</span>
              </div> <!-- configuration-test before -->
              <div class="test-method">
                <span class="method-name">verify_Reports_Functionality({RunMode=Y})</span>
                <span class="method-start">212441 ms</span>
              </div> <!-- test-method -->
              <div class="configuration-test after">
                <span class="method-name">afterTest</span>
                <span class="method-start">212442 ms</span>
              </div> <!-- configuration-test after -->
            </div> <!-- chronological-class -->
            <div class="chronological-class">
              <div class="chronological-class-name">in.v2solutions.hybrid.testcases.VWR_11_Verify_HR_Maintenance_Functionality</div> <!-- chronological-class-name -->
              <div class="configuration-test before">
                <span class="method-name">beforeTest(V2 Refresh_QA_Build_1.8--VWR_TestCases_P1)</span>
                <span class="method-start">212452 ms</span>
              </div> <!-- configuration-test before -->
              <div class="test-method">
                <span class="method-name">verify_HR_Maintenance_Functionality({RunMode=Y})</span>
                <span class="method-start">212453 ms</span>
              </div> <!-- test-method -->
              <div class="configuration-test after">
                <span class="method-name">afterTest</span>
                <span class="method-start">212454 ms</span>
              </div> <!-- configuration-test after -->
          </div> <!-- main-panel-content rounded-window-bottom -->
        </div> <!-- panel -->
      </div> <!-- main-panel-root -->
    </div> <!-- wrapper -->
  </body>
</html>
