<?xml version="1.0" encoding="UTF-8"?>
<testng-results skipped="0" failed="1" ignored="0" total="1" passed="0">
  <reporter-output>
  </reporter-output>
  <suite name="Default suite" duration-ms="25926" started-at="2018-03-09T09:31:43Z" finished-at="2018-03-09T09:32:09Z">
    <groups>
    </groups>
    <test name="Default test" duration-ms="25926" started-at="2018-03-09T09:31:43Z" finished-at="2018-03-09T09:32:09Z">
      <class name="in.v2solutions.hybrid.testcases.HLT_01_Verify_AddViewEditListAllAndSearchOptionsForUser">
        <test-method status="PASS" signature="beforeTest(java.lang.String)[pri:0, instance:in.v2solutions.hybrid.testcases.HLT_01_Verify_AddViewEditListAllAndSearchOptionsForUser@5c90e579]" name="beforeTest" is-config="true" duration-ms="10" started-at="2018-03-09T15:01:43Z" finished-at="2018-03-09T15:01:43Z">
          <params>
            <param index="0">
              <value>
                <![CDATA[HULFT_bulid714--All_P1]]>
              </value>
            </param>
          </params>
          <reporter-output>
          </reporter-output>
        </test-method> <!-- beforeTest -->
        <test-method status="FAIL" signature="verify_AddViewEditListAllAndSearchOptionsForUser(java.util.Hashtable)[pri:0, instance:in.v2solutions.hybrid.testcases.HLT_01_Verify_AddViewEditListAllAndSearchOptionsForUser@5c90e579]" name="verify_AddViewEditListAllAndSearchOptionsForUser" duration-ms="25891" started-at="2018-03-09T15:01:43Z" data-provider="getTestData" finished-at="2018-03-09T15:02:09Z">
          <params>
            <param index="0">
              <value>
                <![CDATA[{RunMode=Y}]]>
              </value>
            </param>
          </params>
          <exception class="java.lang.NullPointerException">
            <full-stacktrace>
              <![CDATA[java.lang.NullPointerException
	at in.v2solutions.hybrid.util.Keywords.InputText(Keywords.java:1936)
	at in.v2solutions.hybrid.util.Keywords.executeKeywords(Keywords.java:222)
	at in.v2solutions.hybrid.testcases.HLT_01_Verify_AddViewEditListAllAndSearchOptionsForUser.verify_AddViewEditListAllAndSearchOptionsForUser(HLT_01_Verify_AddViewEditListAllAndSearchOptionsForUser.java:59)
	at sun.reflect.NativeMethodAccessorImpl.invoke0(Native Method)
	at sun.reflect.NativeMethodAccessorImpl.invoke(Unknown Source)
	at sun.reflect.DelegatingMethodAccessorImpl.invoke(Unknown Source)
	at java.lang.reflect.Method.invoke(Unknown Source)
	at org.testng.internal.MethodInvocationHelper.invokeMethod(MethodInvocationHelper.java:108)
	at org.testng.internal.Invoker.invokeMethod(Invoker.java:661)
	at org.testng.internal.Invoker.invokeTestMethod(Invoker.java:869)
	at org.testng.internal.Invoker.invokeTestMethods(Invoker.java:1193)
	at org.testng.internal.TestMethodWorker.invokeTestMethods(TestMethodWorker.java:126)
	at org.testng.internal.TestMethodWorker.run(TestMethodWorker.java:109)
	at org.testng.TestRunner.privateRun(TestRunner.java:744)
	at org.testng.TestRunner.run(TestRunner.java:602)
	at org.testng.SuiteRunner.runTest(SuiteRunner.java:380)
	at org.testng.SuiteRunner.runSequentially(SuiteRunner.java:375)
	at org.testng.SuiteRunner.privateRun(SuiteRunner.java:340)
	at org.testng.SuiteRunner.run(SuiteRunner.java:289)
	at org.testng.SuiteRunnerWorker.runSuite(SuiteRunnerWorker.java:52)
	at org.testng.SuiteRunnerWorker.run(SuiteRunnerWorker.java:86)
	at org.testng.TestNG.runSuitesSequentially(TestNG.java:1301)
	at org.testng.TestNG.runSuitesLocally(TestNG.java:1226)
	at org.testng.TestNG.runSuites(TestNG.java:1144)
	at org.testng.TestNG.run(TestNG.java:1115)
	at org.testng.remote.AbstractRemoteTestNG.run(AbstractRemoteTestNG.java:132)
	at org.testng.remote.RemoteTestNG.initAndRun(RemoteTestNG.java:236)
	at org.testng.remote.RemoteTestNG.main(RemoteTestNG.java:81)
]]>
            </full-stacktrace>
          </exception> <!-- java.lang.NullPointerException -->
          <reporter-output>
          </reporter-output>
        </test-method> <!-- verify_AddViewEditListAllAndSearchOptionsForUser -->
        <test-method status="PASS" signature="afterTest()[pri:0, instance:in.v2solutions.hybrid.testcases.HLT_01_Verify_AddViewEditListAllAndSearchOptionsForUser@5c90e579]" name="afterTest" is-config="true" duration-ms="0" started-at="2018-03-09T15:02:09Z" finished-at="2018-03-09T15:02:09Z">
          <reporter-output>
          </reporter-output>
        </test-method> <!-- afterTest -->
      </class> <!-- in.v2solutions.hybrid.testcases.HLT_01_Verify_AddViewEditListAllAndSearchOptionsForUser -->
    </test> <!-- Default test -->
  </suite> <!-- Default suite -->
</testng-results>
