<html xmlns:math="http://exslt.org/math" xmlns:testng="http://testng.org">
   <head>
      <title>TestNG Results</title>
      <meta http-equiv="content-type" content="text/html; charset=utf-8"></meta>
      <meta http-equiv="pragma" content="no-cache"></meta>
      <meta http-equiv="cache-control" content="max-age=0"></meta>
      <meta http-equiv="cache-control" content="no-cache"></meta>
      <meta http-equiv="cache-control" content="no-store"></meta>
      <LINK rel="stylesheet" href="style.css"></LINK>
      <script type="text/javascript" src="main.js"></script>
   </head>
   <body>
      <table width="100%" style="font-size: 16px; margin-bottom: 10px;" cellspacing="1">
         <tr>
            <td width="100%">
               All methods in suite
               
               <b>P1</b>
            </td>
            <td style="background-color: #FFBBBB; padding: 3px 3px 3px 0;" align="center">
               <div style="width: 50px;">3</div>
            </td>
            <td style="background-color: lightgreen; padding: 3px 3px 3px 0;" align="center">
               <div style="width: 50px;">8</div>
            </td>
            <td style="background-color: #FFFFBB; padding: 3px 3px 3px 0;" align="center">
               <div style="width: 50px;">0</div>
            </td>
            <td align="center" style="background-color: #eaf0f7; padding: 3px 3px 3px 0;">
               <div style="width: 50px;">11</div>
            </td>
            <td align="center"
                style="font-weight: bold; background-color: #eaf0f7; padding: 3px 3px 3px 0;">
               <div style="width: 50px;">73%</div>
            </td>
            <td style="background-color: #eaf0f7; padding: 3px 3px 3px 0;" align="center"
                nowrap="true">23m
               27s
               
            </td>
         </tr>
      </table>
      <div style="width: 200px;">
         <label for="groupMethodsCheckBox" style="font-weight: bold; margin: 0;">
            <input id="groupMethodsCheckBox" type="checkbox" onclick="switchTestMethodsView(this)"></input>
            Group by class
            
         </label>
         <br></br>
         <label for="methodsFilter_ALL" style="font-weight: bold; margin: 0;">
            <input id="methodsFilter_ALL" type="checkbox"
                   onclick="testMethodsFilterChanged(this, 'ALL')"></input>
            All
            
         </label>
      </div>
      <label for="methodsFilter_FAIL" style="margin-left: 20px;">
         <input id="methodsFilter_FAIL" type="checkbox"
                onclick="testMethodsFilterChanged(this, 'FAIL')"
                checked=""></input>
         Failed
         
      </label>
      <label for="methodsFilter_PASS">
         <input id="methodsFilter_PASS" type="checkbox"
                onclick="testMethodsFilterChanged(this, 'PASS')"
                checked=""></input>
         Passed
         
      </label>
      <label for="methodsFilter_SKIP">
         <input id="methodsFilter_SKIP" type="checkbox"
                onclick="testMethodsFilterChanged(this, 'SKIP')"
                checked=""></input>
         Skipped
         
      </label>
      <label for="methodsFilter_CONF">
         <input id="methodsFilter_CONF" type="checkbox"
                onclick="testMethodsFilterChanged(this, 'CONF')"></input>
         Config
         
      </label>
      <br></br>
      <div id="testMethodsByStatus">
         <table class="testMethodsTable" cellpadding="0" cellspacing="0">
            <tr class="methodsTableHeader">
               <td width="100%">Name</td>
               <td nowrap="true">Started</td>
               <td nowrap="true">Duration</td>
               <td>Exception</td>
            </tr>
            <tr id="in.v2solutions.hybrid.testcases.VWR_06_Verify_Employees_Personal_Information_verify_Employees_Personal_Information_byStatus_failed_FAIL1_row"
                class="testMethodStatusFAIL">
               <td width="100%" class="firstMethodCell">
                  <a onclick="toggleDetailsVisibility('in.v2solutions.hybrid.testcases.VWR_06_Verify_Employees_Personal_Information_verify_Employees_Personal_Information_byStatus_failed_FAIL1_details')">verify_Employees_Personal_Information({RunMode=Y})</a>
               </td>
               <td nowrap="true">11:43:07</td>
               <td nowrap="true" align="right">2m
                  8s
                  
               </td>
               <td nowrap="true">
                  <a onclick="toggleDetailsVisibility('in.v2solutions.hybrid.testcases.VWR_06_Verify_Employees_Personal_Information_verify_Employees_Personal_Information_byStatus_failed_FAIL1_exception')">java.lang.AssertionError: 
                     FAIL - Not able to click on -- PERSONAL_DETAILS_EDIT_LINKnull , For Error Screenshot please refer to this link  : <a href='VWR_06--Failed_AT-Click-PERSONAL_DETAILS_EDIT_LINK-2106_114513_AM(IST).png'>VWR_06--Failed_AT-Click-PERSONAL_DETAILS_EDIT_LINK-2106_114513_AM(IST).png</a>
                     &amp;&amp;  expected [true] but found [false]
                     
                  </a>
                   
                  
               </td>
            </tr>
            <tr>
               <td colspan="4" class="detailsBox">
                  <div id="in.v2solutions.hybrid.testcases.VWR_06_Verify_Employees_Personal_Information_verify_Employees_Personal_Information_byStatus_failed_FAIL1_details"
                       class="testMethodDetails">
                     <div>
                        <b>Name: </b>verify_Employees_Personal_Information
                     </div>
                     <div>
                        <b>Signature: </b>verify_Employees_Personal_Information(java.util.Hashtable)[pri:0, instance:in.v2solutions.hybrid.testcases.VWR_06_Verify_Employees_Personal_Information@206a70ef]
                     </div>
                     <div>
                        <b>Parameters: </b>
                        
                        {RunMode=Y}
                        
                        
                     </div>
                     <div>
                        <b>Start time: </b>11:43:07
                     </div>
                     <div>
                        <b>End time: </b>11:45:15
                     </div>
                     <div>
                        <b>Duration: </b>2m
                        8s
                        
                     </div>
                  </div>
               </td>
            </tr>
            <tr>
               <td colspan="4" class="detailsBox">
                  <div id="in.v2solutions.hybrid.testcases.VWR_06_Verify_Employees_Personal_Information_verify_Employees_Personal_Information_byStatus_failed_FAIL1_exception"
                       class="testMethodDetails">
                     <pre style="padding: 5px; margin: 0;">java.lang.AssertionError: FAIL - Not able to click on -- PERSONAL_DETAILS_EDIT_LINKnull , For Error Screenshot please refer
                        to this link  : <a href='VWR_06--Failed_AT-Click-PERSONAL_DETAILS_EDIT_LINK-2106_114513_AM(IST).png'>VWR_06--Failed_AT-Click-PERSONAL_DETAILS_EDIT_LINK-2106_114513_AM(IST).png</a>
                        &amp;&amp;  expected [true] but found [false]
                        	at org.testng.Assert.fail(Assert.java:93)
                        	at org.testng.Assert.failNotEquals(Assert.java:512)
                        	at org.testng.Assert.assertTrue(Assert.java:41)
                        	at in.v2solutions.hybrid.util.Keywords.executeKeywords(Keywords.java:573)
                        	at in.v2solutions.hybrid.testcases.VWR_06_Verify_Employees_Personal_Information.verify_Employees_Personal_Information(VWR_06_Verify_Employees_Personal_Information.java:60)
                        	at sun.reflect.NativeMethodAccessorImpl.invoke0(Native Method)
                        	at sun.reflect.NativeMethodAccessorImpl.invoke(NativeMethodAccessorImpl.java:62)
                        	at sun.reflect.DelegatingMethodAccessorImpl.invoke(DelegatingMethodAccessorImpl.java:43)
                        	at java.lang.reflect.Method.invoke(Method.java:498)
                        	at org.testng.internal.MethodInvocationHelper.invokeMethod(MethodInvocationHelper.java:108)
                        	at org.testng.internal.Invoker.invokeMethod(Invoker.java:661)
                        	at org.testng.internal.Invoker.invokeTestMethod(Invoker.java:869)
                        	at org.testng.internal.Invoker.invokeTestMethods(Invoker.java:1193)
                        	at org.testng.internal.TestMethodWorker.invokeTestMethods(TestMethodWorker.java:126)
                        	at org.testng.internal.TestMethodWorker.run(TestMethodWorker.java:109)
                        	at org.testng.TestRunner.privateRun(TestRunner.java:744)
                        	at org.testng.TestRunner.run(TestRunner.java:602)
                        	at org.testng.SuiteRunner.runTest(SuiteRunner.java:380)
                        	at org.testng.SuiteRunner.runSequentially(SuiteRunner.java:375)
                        	at org.testng.SuiteRunner.privateRun(SuiteRunner.java:340)
                        	at org.testng.SuiteRunner.run(SuiteRunner.java:289)
                        	at org.testng.SuiteRunnerWorker.runSuite(SuiteRunnerWorker.java:52)
                        	at org.testng.SuiteRunnerWorker.run(SuiteRunnerWorker.java:86)
                        	at org.testng.TestNG.runSuitesSequentially(TestNG.java:1301)
                        	at org.testng.TestNG.runSuitesLocally(TestNG.java:1226)
                        	at org.testng.TestNG.runSuites(TestNG.java:1144)
                        	at org.testng.TestNG.run(TestNG.java:1115)
                        	at org.testng.TestNG.privateMain(TestNG.java:1442)
                        	at org.testng.TestNG.main(TestNG.java:1411)
                     </pre>
                  </div>
               </td>
            </tr>
            <tr id="in.v2solutions.hybrid.testcases.VWR_07_Verify_Employees_Professional_Information_verify_Employees_Professional_Information_byStatus_failed_FAIL2_row"
                class="testMethodStatusFAIL">
               <td width="100%" class="firstMethodCell">
                  <a onclick="toggleDetailsVisibility('in.v2solutions.hybrid.testcases.VWR_07_Verify_Employees_Professional_Information_verify_Employees_Professional_Information_byStatus_failed_FAIL2_details')">verify_Employees_Professional_Information({RunMode=Y})</a>
               </td>
               <td nowrap="true">11:45:15</td>
               <td nowrap="true" align="right">2m
                  54s
                  
               </td>
               <td nowrap="true">
                  <a onclick="toggleDetailsVisibility('in.v2solutions.hybrid.testcases.VWR_07_Verify_Employees_Professional_Information_verify_Employees_Professional_Information_byStatus_failed_FAIL2_exception')">java.lang.AssertionError: 
                     FAIL - Not able to click on -- ADD_DECLARATION_LINKunknown error: Element <i aria-hidden="true" class="fa fa-plus icon-btn
                     add" title="Add"></i> is not clickable at point (933, 913). Other element would receive the click: <div _ngcontent-c0="" class="col
                     s6 m6 l6 right-align m-top20 branding">...</div>
                     (Session info: chrome=67.0.3396.87)
                     (Driver info: chromedriver=2.38.552522 (437e6fbedfa8762dec75e2c5b3ddb86763dc9dcb),platform=Windows NT 10.0.17134 x86_64) (WARNING:
                     The server did not provide any stacktrace information)
                     Command duration or timeout: 0 milliseconds
                     Build info: version: '3.12.0', revision: '7c6e0b3', time: '2018-05-08T15:15:08.936Z'
                     System info: host: 'V2MUMPC0464', ip: '192.168.50.25', os.name: 'Windows 10', os.arch: 'amd64', os.version: '10.0', java.version:
                     '1.8.0_131'
                     Driver info: org.openqa.selenium.chrome.ChromeDriver
                     Capabilities {acceptInsecureCerts: false, acceptSslCerts: false, applicationCacheEnabled: false, browserConnectionEnabled:
                     false, browserName: chrome, chrome: {chromedriverVersion: 2.38.552522 (437e6fbedfa876..., userDataDir: C:\Users\TANVEE~1.PAT\AppDa...},
                     cssSelectorsEnabled: true, databaseEnabled: false, handlesAlerts: true, hasTouchScreen: false, javascriptEnabled: true, locationContextEnabled:
                     true, mobileEmulationEnabled: false, nativeEvents: true, networkConnectionEnabled: false, pageLoadStrategy: normal, platform:
                     XP, platformName: XP, rotatable: false, setWindowRect: true, takesHeapSnapshot: true, takesScreenshot: true, unexpectedAlertBehaviour:
                     , unhandledPromptBehavior: , version: 67.0.3396.87, webStorageEnabled: true}
                     Session ID: d328ae829393d78ea649da8a31c68165 , For Error Screenshot please refer to this link  : <a href='VWR_07--Failed_AT-Click-ADD_DECLARATION_LINK-2106_114709_AM(IST).png'>VWR_07--Failed_AT-Click-ADD_DECLARATION_LINK-2106_114709_AM(IST).png</a>
                     &amp;&amp;  expected [true] but found [false]
                     
                  </a>
                   
                  
               </td>
            </tr>
            <tr>
               <td colspan="4" class="detailsBox">
                  <div id="in.v2solutions.hybrid.testcases.VWR_07_Verify_Employees_Professional_Information_verify_Employees_Professional_Information_byStatus_failed_FAIL2_details"
                       class="testMethodDetails">
                     <div>
                        <b>Name: </b>verify_Employees_Professional_Information
                     </div>
                     <div>
                        <b>Signature: </b>verify_Employees_Professional_Information(java.util.Hashtable)[pri:0, instance:in.v2solutions.hybrid.testcases.VWR_07_Verify_Employees_Professional_Information@54d9d12d]
                     </div>
                     <div>
                        <b>Parameters: </b>
                        
                        {RunMode=Y}
                        
                        
                     </div>
                     <div>
                        <b>Start time: </b>11:45:15
                     </div>
                     <div>
                        <b>End time: </b>11:47:09
                     </div>
                     <div>
                        <b>Duration: </b>2m
                        54s
                        
                     </div>
                  </div>
               </td>
            </tr>
            <tr>
               <td colspan="4" class="detailsBox">
                  <div id="in.v2solutions.hybrid.testcases.VWR_07_Verify_Employees_Professional_Information_verify_Employees_Professional_Information_byStatus_failed_FAIL2_exception"
                       class="testMethodDetails">
                     <pre style="padding: 5px; margin: 0;">java.lang.AssertionError: FAIL - Not able to click on -- ADD_DECLARATION_LINKunknown error: Element <i aria-hidden="true"
                        class="fa fa-plus icon-btn add" title="Add"></i> is not clickable at point (933, 913). Other element would receive the click:
                        <div _ngcontent-c0="" class="col s6 m6 l6 right-align m-top20 branding">...</div>
                        (Session info: chrome=67.0.3396.87)
                        (Driver info: chromedriver=2.38.552522 (437e6fbedfa8762dec75e2c5b3ddb86763dc9dcb),platform=Windows NT 10.0.17134 x86_64) (WARNING:
                        The server did not provide any stacktrace information)
                        Command duration or timeout: 0 milliseconds
                        Build info: version: '3.12.0', revision: '7c6e0b3', time: '2018-05-08T15:15:08.936Z'
                        System info: host: 'V2MUMPC0464', ip: '192.168.50.25', os.name: 'Windows 10', os.arch: 'amd64', os.version: '10.0', java.version:
                        '1.8.0_131'
                        Driver info: org.openqa.selenium.chrome.ChromeDriver
                        Capabilities {acceptInsecureCerts: false, acceptSslCerts: false, applicationCacheEnabled: false, browserConnectionEnabled:
                        false, browserName: chrome, chrome: {chromedriverVersion: 2.38.552522 (437e6fbedfa876..., userDataDir: C:\Users\TANVEE~1.PAT\AppDa...},
                        cssSelectorsEnabled: true, databaseEnabled: false, handlesAlerts: true, hasTouchScreen: false, javascriptEnabled: true, locationContextEnabled:
                        true, mobileEmulationEnabled: false, nativeEvents: true, networkConnectionEnabled: false, pageLoadStrategy: normal, platform:
                        XP, platformName: XP, rotatable: false, setWindowRect: true, takesHeapSnapshot: true, takesScreenshot: true, unexpectedAlertBehaviour:
                        , unhandledPromptBehavior: , version: 67.0.3396.87, webStorageEnabled: true}
                        Session ID: d328ae829393d78ea649da8a31c68165 , For Error Screenshot please refer to this link  : <a href='VWR_07--Failed_AT-Click-ADD_DECLARATION_LINK-2106_114709_AM(IST).png'>VWR_07--Failed_AT-Click-ADD_DECLARATION_LINK-2106_114709_AM(IST).png</a>
                        &amp;&amp;  expected [true] but found [false]
                        	at org.testng.Assert.fail(Assert.java:93)
                        	at org.testng.Assert.failNotEquals(Assert.java:512)
                        	at org.testng.Assert.assertTrue(Assert.java:41)
                        	at in.v2solutions.hybrid.util.Keywords.executeKeywords(Keywords.java:573)
                        	at in.v2solutions.hybrid.testcases.VWR_07_Verify_Employees_Professional_Information.verify_Employees_Professional_Information(VWR_07_Verify_Employees_Professional_Information.java:60)
                        	at sun.reflect.NativeMethodAccessorImpl.invoke0(Native Method)
                        	at sun.reflect.NativeMethodAccessorImpl.invoke(NativeMethodAccessorImpl.java:62)
                        	at sun.reflect.DelegatingMethodAccessorImpl.invoke(DelegatingMethodAccessorImpl.java:43)
                        	at java.lang.reflect.Method.invoke(Method.java:498)
                        	at org.testng.internal.MethodInvocationHelper.invokeMethod(MethodInvocationHelper.java:108)
                        	at org.testng.internal.Invoker.invokeMethod(Invoker.java:661)
                        	at org.testng.internal.Invoker.invokeTestMethod(Invoker.java:869)
                        	at org.testng.internal.Invoker.invokeTestMethods(Invoker.java:1193)
                        	at org.testng.internal.TestMethodWorker.invokeTestMethods(TestMethodWorker.java:126)
                        	at org.testng.internal.TestMethodWorker.run(TestMethodWorker.java:109)
                        	at org.testng.TestRunner.privateRun(TestRunner.java:744)
                        	at org.testng.TestRunner.run(TestRunner.java:602)
                        	at org.testng.SuiteRunner.runTest(SuiteRunner.java:380)
                        	at org.testng.SuiteRunner.runSequentially(SuiteRunner.java:375)
                        	at org.testng.SuiteRunner.privateRun(SuiteRunner.java:340)
                        	at org.testng.SuiteRunner.run(SuiteRunner.java:289)
                        	at org.testng.SuiteRunnerWorker.runSuite(SuiteRunnerWorker.java:52)
                        	at org.testng.SuiteRunnerWorker.run(SuiteRunnerWorker.java:86)
                        	at org.testng.TestNG.runSuitesSequentially(TestNG.java:1301)
                        	at org.testng.TestNG.runSuitesLocally(TestNG.java:1226)
                        	at org.testng.TestNG.runSuites(TestNG.java:1144)
                        	at org.testng.TestNG.run(TestNG.java:1115)
                        	at org.testng.TestNG.privateMain(TestNG.java:1442)
                        	at org.testng.TestNG.main(TestNG.java:1411)
                     </pre>
                  </div>
               </td>
            </tr>
            <tr id="in.v2solutions.hybrid.testcases.VWR_08_Verify_Dashboard_Functionality_verify_Dashboard_Functionality_byStatus_failed_FAIL3_row"
                class="testMethodStatusFAIL">
               <td width="100%" class="firstMethodCell">
                  <a onclick="toggleDetailsVisibility('in.v2solutions.hybrid.testcases.VWR_08_Verify_Dashboard_Functionality_verify_Dashboard_Functionality_byStatus_failed_FAIL3_details')">verify_Dashboard_Functionality({RunMode=Y})</a>
               </td>
               <td nowrap="true">11:47:09</td>
               <td nowrap="true" align="right">3m
                  56s
                  
               </td>
               <td nowrap="true">
                  <a onclick="toggleDetailsVisibility('in.v2solutions.hybrid.testcases.VWR_08_Verify_Dashboard_Functionality_verify_Dashboard_Functionality_byStatus_failed_FAIL3_exception')">java.lang.AssertionError: 
                     FAIL - Actual permalink content is-> dashboard AND Expected is->newticket , For Error Screenshot please refer to this link
                     : <a href='VWR_08--Failed_AT-VerifyPermalinkContent--2106_114913_AM(IST).png'>VWR_08--Failed_AT-VerifyPermalinkContent--2106_114913_AM(IST).png</a>
                     &amp;&amp; FAIL - Not able to click on -- MY_TICKETSnull , For Error Screenshot please refer to this link  : <a href='VWR_08--Failed_AT-Click-MY_TICKETS-2106_115005_AM(IST).png'>VWR_08--Failed_AT-Click-MY_TICKETS-2106_115005_AM(IST).png</a>
                     &amp;&amp;  expected [true] but found [false]
                     
                  </a>
                   
                  
               </td>
            </tr>
            <tr>
               <td colspan="4" class="detailsBox">
                  <div id="in.v2solutions.hybrid.testcases.VWR_08_Verify_Dashboard_Functionality_verify_Dashboard_Functionality_byStatus_failed_FAIL3_details"
                       class="testMethodDetails">
                     <div>
                        <b>Name: </b>verify_Dashboard_Functionality
                     </div>
                     <div>
                        <b>Signature: </b>verify_Dashboard_Functionality(java.util.Hashtable)[pri:0, instance:in.v2solutions.hybrid.testcases.VWR_08_Verify_Dashboard_Functionality@1165b38]
                     </div>
                     <div>
                        <b>Parameters: </b>
                        
                        {RunMode=Y}
                        
                        
                     </div>
                     <div>
                        <b>Start time: </b>11:47:09
                     </div>
                     <div>
                        <b>End time: </b>11:50:05
                     </div>
                     <div>
                        <b>Duration: </b>3m
                        56s
                        
                     </div>
                  </div>
               </td>
            </tr>
            <tr>
               <td colspan="4" class="detailsBox">
                  <div id="in.v2solutions.hybrid.testcases.VWR_08_Verify_Dashboard_Functionality_verify_Dashboard_Functionality_byStatus_failed_FAIL3_exception"
                       class="testMethodDetails">
                     <pre style="padding: 5px; margin: 0;">java.lang.AssertionError: FAIL - Actual permalink content is-> dashboard AND Expected is->newticket , For Error Screenshot
                        please refer to this link  : <a href='VWR_08--Failed_AT-VerifyPermalinkContent--2106_114913_AM(IST).png'>VWR_08--Failed_AT-VerifyPermalinkContent--2106_114913_AM(IST).png</a>
                        &amp;&amp; FAIL - Not able to click on -- MY_TICKETSnull , For Error Screenshot please refer to this link  : <a href='VWR_08--Failed_AT-Click-MY_TICKETS-2106_115005_AM(IST).png'>VWR_08--Failed_AT-Click-MY_TICKETS-2106_115005_AM(IST).png</a>
                        &amp;&amp;  expected [true] but found [false]
                        	at org.testng.Assert.fail(Assert.java:93)
                        	at org.testng.Assert.failNotEquals(Assert.java:512)
                        	at org.testng.Assert.assertTrue(Assert.java:41)
                        	at in.v2solutions.hybrid.util.Keywords.executeKeywords(Keywords.java:573)
                        	at in.v2solutions.hybrid.testcases.VWR_08_Verify_Dashboard_Functionality.verify_Dashboard_Functionality(VWR_08_Verify_Dashboard_Functionality.java:60)
                        	at sun.reflect.NativeMethodAccessorImpl.invoke0(Native Method)
                        	at sun.reflect.NativeMethodAccessorImpl.invoke(NativeMethodAccessorImpl.java:62)
                        	at sun.reflect.DelegatingMethodAccessorImpl.invoke(DelegatingMethodAccessorImpl.java:43)
                        	at java.lang.reflect.Method.invoke(Method.java:498)
                        	at org.testng.internal.MethodInvocationHelper.invokeMethod(MethodInvocationHelper.java:108)
                        	at org.testng.internal.Invoker.invokeMethod(Invoker.java:661)
                        	at org.testng.internal.Invoker.invokeTestMethod(Invoker.java:869)
                        	at org.testng.internal.Invoker.invokeTestMethods(Invoker.java:1193)
                        	at org.testng.internal.TestMethodWorker.invokeTestMethods(TestMethodWorker.java:126)
                        	at org.testng.internal.TestMethodWorker.run(TestMethodWorker.java:109)
                        	at org.testng.TestRunner.privateRun(TestRunner.java:744)
                        	at org.testng.TestRunner.run(TestRunner.java:602)
                        	at org.testng.SuiteRunner.runTest(SuiteRunner.java:380)
                        	at org.testng.SuiteRunner.runSequentially(SuiteRunner.java:375)
                        	at org.testng.SuiteRunner.privateRun(SuiteRunner.java:340)
                        	at org.testng.SuiteRunner.run(SuiteRunner.java:289)
                        	at org.testng.SuiteRunnerWorker.runSuite(SuiteRunnerWorker.java:52)
                        	at org.testng.SuiteRunnerWorker.run(SuiteRunnerWorker.java:86)
                        	at org.testng.TestNG.runSuitesSequentially(TestNG.java:1301)
                        	at org.testng.TestNG.runSuitesLocally(TestNG.java:1226)
                        	at org.testng.TestNG.runSuites(TestNG.java:1144)
                        	at org.testng.TestNG.run(TestNG.java:1115)
                        	at org.testng.TestNG.privateMain(TestNG.java:1442)
                        	at org.testng.TestNG.main(TestNG.java:1411)
                     </pre>
                  </div>
               </td>
            </tr>
            <tr id="in.v2solutions.hybrid.testcases.VWR_01_Verify_Apply_Leave_Functionality_beforeTest_byStatus_passed_PASS1_row"
                class="testMethodStatusPASS testMethodStatusCONF">
               <td width="100%" class="firstMethodCell">
                  <a onclick="toggleDetailsVisibility('in.v2solutions.hybrid.testcases.VWR_01_Verify_Apply_Leave_Functionality_beforeTest_byStatus_passed_PASS1_details')">beforeTest(V2 Refresh_QA_Build_1.8--VWR_TestCases_P1)</a>
               </td>
               <td nowrap="true">11:34:25</td>
               <td nowrap="true" align="right">15 ms
                  
               </td>
               <td nowrap="true">
                   
                  
               </td>
            </tr>
            <tr>
               <td colspan="4" class="detailsBox">
                  <div id="in.v2solutions.hybrid.testcases.VWR_01_Verify_Apply_Leave_Functionality_beforeTest_byStatus_passed_PASS1_details"
                       class="testMethodDetails">
                     <div>
                        <b>Name: </b>beforeTest
                     </div>
                     <div>
                        <b>Signature: </b>beforeTest(java.lang.String)[pri:0, instance:in.v2solutions.hybrid.testcases.VWR_01_Verify_Apply_Leave_Functionality@7b2bbc3]
                     </div>
                     <div>
                        <b>Parameters: </b>
                        
                        V2 Refresh_QA_Build_1.8--VWR_TestCases_P1
                        
                        
                     </div>
                     <div>
                        <b>Start time: </b>11:34:25
                     </div>
                     <div>
                        <b>End time: </b>11:34:25
                     </div>
                     <div>
                        <b>Duration: </b>15 ms
                        
                     </div>
                  </div>
               </td>
            </tr>
            <tr></tr>
            <tr id="in.v2solutions.hybrid.testcases.VWR_01_Verify_Apply_Leave_Functionality_verify_Apply_Leave_Functionality_byStatus_passed_PASS2_row"
                class="testMethodStatusPASS">
               <td width="100%" class="firstMethodCell">
                  <a onclick="toggleDetailsVisibility('in.v2solutions.hybrid.testcases.VWR_01_Verify_Apply_Leave_Functionality_verify_Apply_Leave_Functionality_byStatus_passed_PASS2_details')">verify_Apply_Leave_Functionality({RunMode=Y})</a>
               </td>
               <td nowrap="true">11:34:25</td>
               <td nowrap="true" align="right">2m
                  9s
                  
               </td>
               <td nowrap="true">
                   
                  
               </td>
            </tr>
            <tr>
               <td colspan="4" class="detailsBox">
                  <div id="in.v2solutions.hybrid.testcases.VWR_01_Verify_Apply_Leave_Functionality_verify_Apply_Leave_Functionality_byStatus_passed_PASS2_details"
                       class="testMethodDetails">
                     <div>
                        <b>Name: </b>verify_Apply_Leave_Functionality
                     </div>
                     <div>
                        <b>Signature: </b>verify_Apply_Leave_Functionality(java.util.Hashtable)[pri:0, instance:in.v2solutions.hybrid.testcases.VWR_01_Verify_Apply_Leave_Functionality@7b2bbc3]
                     </div>
                     <div>
                        <b>Parameters: </b>
                        
                        {RunMode=Y}
                        
                        
                     </div>
                     <div>
                        <b>Start time: </b>11:34:25
                     </div>
                     <div>
                        <b>End time: </b>11:36:33
                     </div>
                     <div>
                        <b>Duration: </b>2m
                        9s
                        
                     </div>
                  </div>
               </td>
            </tr>
            <tr></tr>
            <tr id="in.v2solutions.hybrid.testcases.VWR_01_Verify_Apply_Leave_Functionality_afterTest_byStatus_passed_PASS3_row"
                class="testMethodStatusPASS testMethodStatusCONF">
               <td width="100%" class="firstMethodCell">
                  <a onclick="toggleDetailsVisibility('in.v2solutions.hybrid.testcases.VWR_01_Verify_Apply_Leave_Functionality_afterTest_byStatus_passed_PASS3_details')">afterTest()</a>
               </td>
               <td nowrap="true">11:36:33</td>
               <td nowrap="true" align="right">0 ms
                  
               </td>
               <td nowrap="true">
                   
                  
               </td>
            </tr>
            <tr>
               <td colspan="4" class="detailsBox">
                  <div id="in.v2solutions.hybrid.testcases.VWR_01_Verify_Apply_Leave_Functionality_afterTest_byStatus_passed_PASS3_details"
                       class="testMethodDetails">
                     <div>
                        <b>Name: </b>afterTest
                     </div>
                     <div>
                        <b>Signature: </b>afterTest()[pri:0, instance:in.v2solutions.hybrid.testcases.VWR_01_Verify_Apply_Leave_Functionality@7b2bbc3]
                     </div>
                     <div>
                        <b>Start time: </b>11:36:33
                     </div>
                     <div>
                        <b>End time: </b>11:36:33
                     </div>
                     <div>
                        <b>Duration: </b>0 ms
                        
                     </div>
                  </div>
               </td>
            </tr>
            <tr></tr>
            <tr id="in.v2solutions.hybrid.testcases.VWR_02_Verify_Apply_Maternity_Leave_Functionality_beforeTest_byStatus_passed_PASS4_row"
                class="testMethodStatusPASS testMethodStatusCONF">
               <td width="100%" class="firstMethodCell">
                  <a onclick="toggleDetailsVisibility('in.v2solutions.hybrid.testcases.VWR_02_Verify_Apply_Maternity_Leave_Functionality_beforeTest_byStatus_passed_PASS4_details')">beforeTest(V2 Refresh_QA_Build_1.8--VWR_TestCases_P1)</a>
               </td>
               <td nowrap="true">11:36:33</td>
               <td nowrap="true" align="right">1 ms
                  
               </td>
               <td nowrap="true">
                   
                  
               </td>
            </tr>
            <tr>
               <td colspan="4" class="detailsBox">
                  <div id="in.v2solutions.hybrid.testcases.VWR_02_Verify_Apply_Maternity_Leave_Functionality_beforeTest_byStatus_passed_PASS4_details"
                       class="testMethodDetails">
                     <div>
                        <b>Name: </b>beforeTest
                     </div>
                     <div>
                        <b>Signature: </b>beforeTest(java.lang.String)[pri:0, instance:in.v2solutions.hybrid.testcases.VWR_02_Verify_Apply_Maternity_Leave_Functionality@74235045]
                     </div>
                     <div>
                        <b>Parameters: </b>
                        
                        V2 Refresh_QA_Build_1.8--VWR_TestCases_P1
                        
                        
                     </div>
                     <div>
                        <b>Start time: </b>11:36:33
                     </div>
                     <div>
                        <b>End time: </b>11:36:33
                     </div>
                     <div>
                        <b>Duration: </b>1 ms
                        
                     </div>
                  </div>
               </td>
            </tr>
            <tr></tr>
            <tr id="in.v2solutions.hybrid.testcases.VWR_02_Verify_Apply_Maternity_Leave_Functionality_verify_Apply_Maternity_Leave_Functionality_byStatus_passed_PASS5_row"
                class="testMethodStatusPASS">
               <td width="100%" class="firstMethodCell">
                  <a onclick="toggleDetailsVisibility('in.v2solutions.hybrid.testcases.VWR_02_Verify_Apply_Maternity_Leave_Functionality_verify_Apply_Maternity_Leave_Functionality_byStatus_passed_PASS5_details')">verify_Apply_Maternity_Leave_Functionality({RunMode=Y})</a>
               </td>
               <td nowrap="true">11:36:33</td>
               <td nowrap="true" align="right">2m
                  49s
                  
               </td>
               <td nowrap="true">
                   
                  
               </td>
            </tr>
            <tr>
               <td colspan="4" class="detailsBox">
                  <div id="in.v2solutions.hybrid.testcases.VWR_02_Verify_Apply_Maternity_Leave_Functionality_verify_Apply_Maternity_Leave_Functionality_byStatus_passed_PASS5_details"
                       class="testMethodDetails">
                     <div>
                        <b>Name: </b>verify_Apply_Maternity_Leave_Functionality
                     </div>
                     <div>
                        <b>Signature: </b>verify_Apply_Maternity_Leave_Functionality(java.util.Hashtable)[pri:0, instance:in.v2solutions.hybrid.testcases.VWR_02_Verify_Apply_Maternity_Leave_Functionality@74235045]
                     </div>
                     <div>
                        <b>Parameters: </b>
                        
                        {RunMode=Y}
                        
                        
                     </div>
                     <div>
                        <b>Start time: </b>11:36:33
                     </div>
                     <div>
                        <b>End time: </b>11:38:22
                     </div>
                     <div>
                        <b>Duration: </b>2m
                        49s
                        
                     </div>
                  </div>
               </td>
            </tr>
            <tr></tr>
            <tr id="in.v2solutions.hybrid.testcases.VWR_02_Verify_Apply_Maternity_Leave_Functionality_afterTest_byStatus_passed_PASS6_row"
                class="testMethodStatusPASS testMethodStatusCONF">
               <td width="100%" class="firstMethodCell">
                  <a onclick="toggleDetailsVisibility('in.v2solutions.hybrid.testcases.VWR_02_Verify_Apply_Maternity_Leave_Functionality_afterTest_byStatus_passed_PASS6_details')">afterTest()</a>
               </td>
               <td nowrap="true">11:38:22</td>
               <td nowrap="true" align="right">1 ms
                  
               </td>
               <td nowrap="true">
                   
                  
               </td>
            </tr>
            <tr>
               <td colspan="4" class="detailsBox">
                  <div id="in.v2solutions.hybrid.testcases.VWR_02_Verify_Apply_Maternity_Leave_Functionality_afterTest_byStatus_passed_PASS6_details"
                       class="testMethodDetails">
                     <div>
                        <b>Name: </b>afterTest
                     </div>
                     <div>
                        <b>Signature: </b>afterTest()[pri:0, instance:in.v2solutions.hybrid.testcases.VWR_02_Verify_Apply_Maternity_Leave_Functionality@74235045]
                     </div>
                     <div>
                        <b>Start time: </b>11:38:22
                     </div>
                     <div>
                        <b>End time: </b>11:38:22
                     </div>
                     <div>
                        <b>Duration: </b>1 ms
                        
                     </div>
                  </div>
               </td>
            </tr>
            <tr></tr>
            <tr id="in.v2solutions.hybrid.testcases.VWR_03_Verify_Update_Edit_Delete_Leave_Functionality_beforeTest_byStatus_passed_PASS7_row"
                class="testMethodStatusPASS testMethodStatusCONF">
               <td width="100%" class="firstMethodCell">
                  <a onclick="toggleDetailsVisibility('in.v2solutions.hybrid.testcases.VWR_03_Verify_Update_Edit_Delete_Leave_Functionality_beforeTest_byStatus_passed_PASS7_details')">beforeTest(V2 Refresh_QA_Build_1.8--VWR_TestCases_P1)</a>
               </td>
               <td nowrap="true">11:38:22</td>
               <td nowrap="true" align="right">0 ms
                  
               </td>
               <td nowrap="true">
                   
                  
               </td>
            </tr>
            <tr>
               <td colspan="4" class="detailsBox">
                  <div id="in.v2solutions.hybrid.testcases.VWR_03_Verify_Update_Edit_Delete_Leave_Functionality_beforeTest_byStatus_passed_PASS7_details"
                       class="testMethodDetails">
                     <div>
                        <b>Name: </b>beforeTest
                     </div>
                     <div>
                        <b>Signature: </b>beforeTest(java.lang.String)[pri:0, instance:in.v2solutions.hybrid.testcases.VWR_03_Verify_Update_Edit_Delete_Leave_Functionality@6b2ea799]
                     </div>
                     <div>
                        <b>Parameters: </b>
                        
                        V2 Refresh_QA_Build_1.8--VWR_TestCases_P1
                        
                        
                     </div>
                     <div>
                        <b>Start time: </b>11:38:22
                     </div>
                     <div>
                        <b>End time: </b>11:38:22
                     </div>
                     <div>
                        <b>Duration: </b>0 ms
                        
                     </div>
                  </div>
               </td>
            </tr>
            <tr></tr>
            <tr id="in.v2solutions.hybrid.testcases.VWR_03_Verify_Update_Edit_Delete_Leave_Functionality_verify_Update_Edit_Delete_Leave_Functionality_byStatus_passed_PASS8_row"
                class="testMethodStatusPASS">
               <td width="100%" class="firstMethodCell">
                  <a onclick="toggleDetailsVisibility('in.v2solutions.hybrid.testcases.VWR_03_Verify_Update_Edit_Delete_Leave_Functionality_verify_Update_Edit_Delete_Leave_Functionality_byStatus_passed_PASS8_details')">verify_Update_Edit_Delete_Leave_Functionality({RunMode=Y})</a>
               </td>
               <td nowrap="true">11:38:22</td>
               <td nowrap="true" align="right">2m
                  57s
                  
               </td>
               <td nowrap="true">
                   
                  
               </td>
            </tr>
            <tr>
               <td colspan="4" class="detailsBox">
                  <div id="in.v2solutions.hybrid.testcases.VWR_03_Verify_Update_Edit_Delete_Leave_Functionality_verify_Update_Edit_Delete_Leave_Functionality_byStatus_passed_PASS8_details"
                       class="testMethodDetails">
                     <div>
                        <b>Name: </b>verify_Update_Edit_Delete_Leave_Functionality
                     </div>
                     <div>
                        <b>Signature: </b>verify_Update_Edit_Delete_Leave_Functionality(java.util.Hashtable)[pri:0, instance:in.v2solutions.hybrid.testcases.VWR_03_Verify_Update_Edit_Delete_Leave_Functionality@6b2ea799]
                     </div>
                     <div>
                        <b>Parameters: </b>
                        
                        {RunMode=Y}
                        
                        
                     </div>
                     <div>
                        <b>Start time: </b>11:38:22
                     </div>
                     <div>
                        <b>End time: </b>11:40:19
                     </div>
                     <div>
                        <b>Duration: </b>2m
                        57s
                        
                     </div>
                  </div>
               </td>
            </tr>
            <tr></tr>
            <tr id="in.v2solutions.hybrid.testcases.VWR_03_Verify_Update_Edit_Delete_Leave_Functionality_afterTest_byStatus_passed_PASS9_row"
                class="testMethodStatusPASS testMethodStatusCONF">
               <td width="100%" class="firstMethodCell">
                  <a onclick="toggleDetailsVisibility('in.v2solutions.hybrid.testcases.VWR_03_Verify_Update_Edit_Delete_Leave_Functionality_afterTest_byStatus_passed_PASS9_details')">afterTest()</a>
               </td>
               <td nowrap="true">11:40:19</td>
               <td nowrap="true" align="right">0 ms
                  
               </td>
               <td nowrap="true">
                   
                  
               </td>
            </tr>
            <tr>
               <td colspan="4" class="detailsBox">
                  <div id="in.v2solutions.hybrid.testcases.VWR_03_Verify_Update_Edit_Delete_Leave_Functionality_afterTest_byStatus_passed_PASS9_details"
                       class="testMethodDetails">
                     <div>
                        <b>Name: </b>afterTest
                     </div>
                     <div>
                        <b>Signature: </b>afterTest()[pri:0, instance:in.v2solutions.hybrid.testcases.VWR_03_Verify_Update_Edit_Delete_Leave_Functionality@6b2ea799]
                     </div>
                     <div>
                        <b>Start time: </b>11:40:19
                     </div>
                     <div>
                        <b>End time: </b>11:40:19
                     </div>
                     <div>
                        <b>Duration: </b>0 ms
                        
                     </div>
                  </div>
               </td>
            </tr>
            <tr></tr>
            <tr id="in.v2solutions.hybrid.testcases.VWR_04_Verify_Male_Emp_Should_not_see_Maternity_Leave_In_Dropdown_beforeTest_byStatus_passed_PASS10_row"
                class="testMethodStatusPASS testMethodStatusCONF">
               <td width="100%" class="firstMethodCell">
                  <a onclick="toggleDetailsVisibility('in.v2solutions.hybrid.testcases.VWR_04_Verify_Male_Emp_Should_not_see_Maternity_Leave_In_Dropdown_beforeTest_byStatus_passed_PASS10_details')">beforeTest(V2 Refresh_QA_Build_1.8--VWR_TestCases_P1)</a>
               </td>
               <td nowrap="true">11:40:19</td>
               <td nowrap="true" align="right">1 ms
                  
               </td>
               <td nowrap="true">
                   
                  
               </td>
            </tr>
            <tr>
               <td colspan="4" class="detailsBox">
                  <div id="in.v2solutions.hybrid.testcases.VWR_04_Verify_Male_Emp_Should_not_see_Maternity_Leave_In_Dropdown_beforeTest_byStatus_passed_PASS10_details"
                       class="testMethodDetails">
                     <div>
                        <b>Name: </b>beforeTest
                     </div>
                     <div>
                        <b>Signature: </b>beforeTest(java.lang.String)[pri:0, instance:in.v2solutions.hybrid.testcases.VWR_04_Verify_Male_Emp_Should_not_see_Maternity_Leave_In_Dropdown@62379589]
                     </div>
                     <div>
                        <b>Parameters: </b>
                        
                        V2 Refresh_QA_Build_1.8--VWR_TestCases_P1
                        
                        
                     </div>
                     <div>
                        <b>Start time: </b>11:40:19
                     </div>
                     <div>
                        <b>End time: </b>11:40:19
                     </div>
                     <div>
                        <b>Duration: </b>1 ms
                        
                     </div>
                  </div>
               </td>
            </tr>
            <tr></tr>
            <tr id="in.v2solutions.hybrid.testcases.VWR_04_Verify_Male_Emp_Should_not_see_Maternity_Leave_In_Dropdown_verify_Male_Emp_Should_not_see_Maternity_Leave_In_Dropdown_byStatus_passed_PASS11_row"
                class="testMethodStatusPASS">
               <td width="100%" class="firstMethodCell">
                  <a onclick="toggleDetailsVisibility('in.v2solutions.hybrid.testcases.VWR_04_Verify_Male_Emp_Should_not_see_Maternity_Leave_In_Dropdown_verify_Male_Emp_Should_not_see_Maternity_Leave_In_Dropdown_byStatus_passed_PASS11_details')">verify_Male_Emp_Should_not_see_Maternity_Leave_In_Dropdown({RunMode=Y})</a>
               </td>
               <td nowrap="true">11:40:19</td>
               <td nowrap="true" align="right">1m
                  
               </td>
               <td nowrap="true">
                   
                  
               </td>
            </tr>
            <tr>
               <td colspan="4" class="detailsBox">
                  <div id="in.v2solutions.hybrid.testcases.VWR_04_Verify_Male_Emp_Should_not_see_Maternity_Leave_In_Dropdown_verify_Male_Emp_Should_not_see_Maternity_Leave_In_Dropdown_byStatus_passed_PASS11_details"
                       class="testMethodDetails">
                     <div>
                        <b>Name: </b>verify_Male_Emp_Should_not_see_Maternity_Leave_In_Dropdown
                     </div>
                     <div>
                        <b>Signature: </b>verify_Male_Emp_Should_not_see_Maternity_Leave_In_Dropdown(java.util.Hashtable)[pri:0, instance:in.v2solutions.hybrid.testcases.VWR_04_Verify_Male_Emp_Should_not_see_Maternity_Leave_In_Dropdown@62379589]
                     </div>
                     <div>
                        <b>Parameters: </b>
                        
                        {RunMode=Y}
                        
                        
                     </div>
                     <div>
                        <b>Start time: </b>11:40:19
                     </div>
                     <div>
                        <b>End time: </b>11:41:19
                     </div>
                     <div>
                        <b>Duration: </b>1m
                        
                     </div>
                  </div>
               </td>
            </tr>
            <tr></tr>
            <tr id="in.v2solutions.hybrid.testcases.VWR_04_Verify_Male_Emp_Should_not_see_Maternity_Leave_In_Dropdown_afterTest_byStatus_passed_PASS12_row"
                class="testMethodStatusPASS testMethodStatusCONF">
               <td width="100%" class="firstMethodCell">
                  <a onclick="toggleDetailsVisibility('in.v2solutions.hybrid.testcases.VWR_04_Verify_Male_Emp_Should_not_see_Maternity_Leave_In_Dropdown_afterTest_byStatus_passed_PASS12_details')">afterTest()</a>
               </td>
               <td nowrap="true">11:41:19</td>
               <td nowrap="true" align="right">0 ms
                  
               </td>
               <td nowrap="true">
                   
                  
               </td>
            </tr>
            <tr>
               <td colspan="4" class="detailsBox">
                  <div id="in.v2solutions.hybrid.testcases.VWR_04_Verify_Male_Emp_Should_not_see_Maternity_Leave_In_Dropdown_afterTest_byStatus_passed_PASS12_details"
                       class="testMethodDetails">
                     <div>
                        <b>Name: </b>afterTest
                     </div>
                     <div>
                        <b>Signature: </b>afterTest()[pri:0, instance:in.v2solutions.hybrid.testcases.VWR_04_Verify_Male_Emp_Should_not_see_Maternity_Leave_In_Dropdown@62379589]
                     </div>
                     <div>
                        <b>Start time: </b>11:41:19
                     </div>
                     <div>
                        <b>End time: </b>11:41:19
                     </div>
                     <div>
                        <b>Duration: </b>0 ms
                        
                     </div>
                  </div>
               </td>
            </tr>
            <tr></tr>
            <tr id="in.v2solutions.hybrid.testcases.VWR_05_Verify_Helpdesk_Functionality_beforeTest_byStatus_passed_PASS13_row"
                class="testMethodStatusPASS testMethodStatusCONF">
               <td width="100%" class="firstMethodCell">
                  <a onclick="toggleDetailsVisibility('in.v2solutions.hybrid.testcases.VWR_05_Verify_Helpdesk_Functionality_beforeTest_byStatus_passed_PASS13_details')">beforeTest(V2 Refresh_QA_Build_1.8--VWR_TestCases_P1)</a>
               </td>
               <td nowrap="true">11:41:19</td>
               <td nowrap="true" align="right">0 ms
                  
               </td>
               <td nowrap="true">
                   
                  
               </td>
            </tr>
            <tr>
               <td colspan="4" class="detailsBox">
                  <div id="in.v2solutions.hybrid.testcases.VWR_05_Verify_Helpdesk_Functionality_beforeTest_byStatus_passed_PASS13_details"
                       class="testMethodDetails">
                     <div>
                        <b>Name: </b>beforeTest
                     </div>
                     <div>
                        <b>Signature: </b>beforeTest(java.lang.String)[pri:0, instance:in.v2solutions.hybrid.testcases.VWR_05_Verify_Helpdesk_Functionality@7c7a06ec]
                     </div>
                     <div>
                        <b>Parameters: </b>
                        
                        V2 Refresh_QA_Build_1.8--VWR_TestCases_P1
                        
                        
                     </div>
                     <div>
                        <b>Start time: </b>11:41:19
                     </div>
                     <div>
                        <b>End time: </b>11:41:19
                     </div>
                     <div>
                        <b>Duration: </b>0 ms
                        
                     </div>
                  </div>
               </td>
            </tr>
            <tr></tr>
            <tr id="in.v2solutions.hybrid.testcases.VWR_05_Verify_Helpdesk_Functionality_verify_Helpdesk_Functionality_byStatus_passed_PASS14_row"
                class="testMethodStatusPASS">
               <td width="100%" class="firstMethodCell">
                  <a onclick="toggleDetailsVisibility('in.v2solutions.hybrid.testcases.VWR_05_Verify_Helpdesk_Functionality_verify_Helpdesk_Functionality_byStatus_passed_PASS14_details')">verify_Helpdesk_Functionality({RunMode=Y})</a>
               </td>
               <td nowrap="true">11:41:19</td>
               <td nowrap="true" align="right">2m
                  48s
                  
               </td>
               <td nowrap="true">
                   
                  
               </td>
            </tr>
            <tr>
               <td colspan="4" class="detailsBox">
                  <div id="in.v2solutions.hybrid.testcases.VWR_05_Verify_Helpdesk_Functionality_verify_Helpdesk_Functionality_byStatus_passed_PASS14_details"
                       class="testMethodDetails">
                     <div>
                        <b>Name: </b>verify_Helpdesk_Functionality
                     </div>
                     <div>
                        <b>Signature: </b>verify_Helpdesk_Functionality(java.util.Hashtable)[pri:0, instance:in.v2solutions.hybrid.testcases.VWR_05_Verify_Helpdesk_Functionality@7c7a06ec]
                     </div>
                     <div>
                        <b>Parameters: </b>
                        
                        {RunMode=Y}
                        
                        
                     </div>
                     <div>
                        <b>Start time: </b>11:41:19
                     </div>
                     <div>
                        <b>End time: </b>11:43:07
                     </div>
                     <div>
                        <b>Duration: </b>2m
                        48s
                        
                     </div>
                  </div>
               </td>
            </tr>
            <tr></tr>
            <tr id="in.v2solutions.hybrid.testcases.VWR_05_Verify_Helpdesk_Functionality_afterTest_byStatus_passed_PASS15_row"
                class="testMethodStatusPASS testMethodStatusCONF">
               <td width="100%" class="firstMethodCell">
                  <a onclick="toggleDetailsVisibility('in.v2solutions.hybrid.testcases.VWR_05_Verify_Helpdesk_Functionality_afterTest_byStatus_passed_PASS15_details')">afterTest()</a>
               </td>
               <td nowrap="true">11:43:07</td>
               <td nowrap="true" align="right">0 ms
                  
               </td>
               <td nowrap="true">
                   
                  
               </td>
            </tr>
            <tr>
               <td colspan="4" class="detailsBox">
                  <div id="in.v2solutions.hybrid.testcases.VWR_05_Verify_Helpdesk_Functionality_afterTest_byStatus_passed_PASS15_details"
                       class="testMethodDetails">
                     <div>
                        <b>Name: </b>afterTest
                     </div>
                     <div>
                        <b>Signature: </b>afterTest()[pri:0, instance:in.v2solutions.hybrid.testcases.VWR_05_Verify_Helpdesk_Functionality@7c7a06ec]
                     </div>
                     <div>
                        <b>Start time: </b>11:43:07
                     </div>
                     <div>
                        <b>End time: </b>11:43:07
                     </div>
                     <div>
                        <b>Duration: </b>0 ms
                        
                     </div>
                  </div>
               </td>
            </tr>
            <tr></tr>
            <tr id="in.v2solutions.hybrid.testcases.VWR_06_Verify_Employees_Personal_Information_beforeTest_byStatus_passed_PASS16_row"
                class="testMethodStatusPASS testMethodStatusCONF">
               <td width="100%" class="firstMethodCell">
                  <a onclick="toggleDetailsVisibility('in.v2solutions.hybrid.testcases.VWR_06_Verify_Employees_Personal_Information_beforeTest_byStatus_passed_PASS16_details')">beforeTest(V2 Refresh_QA_Build_1.8--VWR_TestCases_P1)</a>
               </td>
               <td nowrap="true">11:43:07</td>
               <td nowrap="true" align="right">0 ms
                  
               </td>
               <td nowrap="true">
                   
                  
               </td>
            </tr>
            <tr>
               <td colspan="4" class="detailsBox">
                  <div id="in.v2solutions.hybrid.testcases.VWR_06_Verify_Employees_Personal_Information_beforeTest_byStatus_passed_PASS16_details"
                       class="testMethodDetails">
                     <div>
                        <b>Name: </b>beforeTest
                     </div>
                     <div>
                        <b>Signature: </b>beforeTest(java.lang.String)[pri:0, instance:in.v2solutions.hybrid.testcases.VWR_06_Verify_Employees_Personal_Information@206a70ef]
                     </div>
                     <div>
                        <b>Parameters: </b>
                        
                        V2 Refresh_QA_Build_1.8--VWR_TestCases_P1
                        
                        
                     </div>
                     <div>
                        <b>Start time: </b>11:43:07
                     </div>
                     <div>
                        <b>End time: </b>11:43:07
                     </div>
                     <div>
                        <b>Duration: </b>0 ms
                        
                     </div>
                  </div>
               </td>
            </tr>
            <tr></tr>
            <tr id="in.v2solutions.hybrid.testcases.VWR_06_Verify_Employees_Personal_Information_afterTest_byStatus_passed_PASS17_row"
                class="testMethodStatusPASS testMethodStatusCONF">
               <td width="100%" class="firstMethodCell">
                  <a onclick="toggleDetailsVisibility('in.v2solutions.hybrid.testcases.VWR_06_Verify_Employees_Personal_Information_afterTest_byStatus_passed_PASS17_details')">afterTest()</a>
               </td>
               <td nowrap="true">11:45:15</td>
               <td nowrap="true" align="right">0 ms
                  
               </td>
               <td nowrap="true">
                   
                  
               </td>
            </tr>
            <tr>
               <td colspan="4" class="detailsBox">
                  <div id="in.v2solutions.hybrid.testcases.VWR_06_Verify_Employees_Personal_Information_afterTest_byStatus_passed_PASS17_details"
                       class="testMethodDetails">
                     <div>
                        <b>Name: </b>afterTest
                     </div>
                     <div>
                        <b>Signature: </b>afterTest()[pri:0, instance:in.v2solutions.hybrid.testcases.VWR_06_Verify_Employees_Personal_Information@206a70ef]
                     </div>
                     <div>
                        <b>Start time: </b>11:45:15
                     </div>
                     <div>
                        <b>End time: </b>11:45:15
                     </div>
                     <div>
                        <b>Duration: </b>0 ms
                        
                     </div>
                  </div>
               </td>
            </tr>
            <tr></tr>
            <tr id="in.v2solutions.hybrid.testcases.VWR_07_Verify_Employees_Professional_Information_beforeTest_byStatus_passed_PASS18_row"
                class="testMethodStatusPASS testMethodStatusCONF">
               <td width="100%" class="firstMethodCell">
                  <a onclick="toggleDetailsVisibility('in.v2solutions.hybrid.testcases.VWR_07_Verify_Employees_Professional_Information_beforeTest_byStatus_passed_PASS18_details')">beforeTest(V2 Refresh_QA_Build_1.8--VWR_TestCases_P1)</a>
               </td>
               <td nowrap="true">11:45:15</td>
               <td nowrap="true" align="right">0 ms
                  
               </td>
               <td nowrap="true">
                   
                  
               </td>
            </tr>
            <tr>
               <td colspan="4" class="detailsBox">
                  <div id="in.v2solutions.hybrid.testcases.VWR_07_Verify_Employees_Professional_Information_beforeTest_byStatus_passed_PASS18_details"
                       class="testMethodDetails">
                     <div>
                        <b>Name: </b>beforeTest
                     </div>
                     <div>
                        <b>Signature: </b>beforeTest(java.lang.String)[pri:0, instance:in.v2solutions.hybrid.testcases.VWR_07_Verify_Employees_Professional_Information@54d9d12d]
                     </div>
                     <div>
                        <b>Parameters: </b>
                        
                        V2 Refresh_QA_Build_1.8--VWR_TestCases_P1
                        
                        
                     </div>
                     <div>
                        <b>Start time: </b>11:45:15
                     </div>
                     <div>
                        <b>End time: </b>11:45:15
                     </div>
                     <div>
                        <b>Duration: </b>0 ms
                        
                     </div>
                  </div>
               </td>
            </tr>
            <tr></tr>
            <tr id="in.v2solutions.hybrid.testcases.VWR_07_Verify_Employees_Professional_Information_afterTest_byStatus_passed_PASS19_row"
                class="testMethodStatusPASS testMethodStatusCONF">
               <td width="100%" class="firstMethodCell">
                  <a onclick="toggleDetailsVisibility('in.v2solutions.hybrid.testcases.VWR_07_Verify_Employees_Professional_Information_afterTest_byStatus_passed_PASS19_details')">afterTest()</a>
               </td>
               <td nowrap="true">11:47:09</td>
               <td nowrap="true" align="right">0 ms
                  
               </td>
               <td nowrap="true">
                   
                  
               </td>
            </tr>
            <tr>
               <td colspan="4" class="detailsBox">
                  <div id="in.v2solutions.hybrid.testcases.VWR_07_Verify_Employees_Professional_Information_afterTest_byStatus_passed_PASS19_details"
                       class="testMethodDetails">
                     <div>
                        <b>Name: </b>afterTest
                     </div>
                     <div>
                        <b>Signature: </b>afterTest()[pri:0, instance:in.v2solutions.hybrid.testcases.VWR_07_Verify_Employees_Professional_Information@54d9d12d]
                     </div>
                     <div>
                        <b>Start time: </b>11:47:09
                     </div>
                     <div>
                        <b>End time: </b>11:47:09
                     </div>
                     <div>
                        <b>Duration: </b>0 ms
                        
                     </div>
                  </div>
               </td>
            </tr>
            <tr></tr>
            <tr id="in.v2solutions.hybrid.testcases.VWR_08_Verify_Dashboard_Functionality_beforeTest_byStatus_passed_PASS20_row"
                class="testMethodStatusPASS testMethodStatusCONF">
               <td width="100%" class="firstMethodCell">
                  <a onclick="toggleDetailsVisibility('in.v2solutions.hybrid.testcases.VWR_08_Verify_Dashboard_Functionality_beforeTest_byStatus_passed_PASS20_details')">beforeTest(V2 Refresh_QA_Build_1.8--VWR_TestCases_P1)</a>
               </td>
               <td nowrap="true">11:47:09</td>
               <td nowrap="true" align="right">1 ms
                  
               </td>
               <td nowrap="true">
                   
                  
               </td>
            </tr>
            <tr>
               <td colspan="4" class="detailsBox">
                  <div id="in.v2solutions.hybrid.testcases.VWR_08_Verify_Dashboard_Functionality_beforeTest_byStatus_passed_PASS20_details"
                       class="testMethodDetails">
                     <div>
                        <b>Name: </b>beforeTest
                     </div>
                     <div>
                        <b>Signature: </b>beforeTest(java.lang.String)[pri:0, instance:in.v2solutions.hybrid.testcases.VWR_08_Verify_Dashboard_Functionality@1165b38]
                     </div>
                     <div>
                        <b>Parameters: </b>
                        
                        V2 Refresh_QA_Build_1.8--VWR_TestCases_P1
                        
                        
                     </div>
                     <div>
                        <b>Start time: </b>11:47:09
                     </div>
                     <div>
                        <b>End time: </b>11:47:09
                     </div>
                     <div>
                        <b>Duration: </b>1 ms
                        
                     </div>
                  </div>
               </td>
            </tr>
            <tr></tr>
            <tr id="in.v2solutions.hybrid.testcases.VWR_08_Verify_Dashboard_Functionality_afterTest_byStatus_passed_PASS21_row"
                class="testMethodStatusPASS testMethodStatusCONF">
               <td width="100%" class="firstMethodCell">
                  <a onclick="toggleDetailsVisibility('in.v2solutions.hybrid.testcases.VWR_08_Verify_Dashboard_Functionality_afterTest_byStatus_passed_PASS21_details')">afterTest()</a>
               </td>
               <td nowrap="true">11:50:05</td>
               <td nowrap="true" align="right">1 ms
                  
               </td>
               <td nowrap="true">
                   
                  
               </td>
            </tr>
            <tr>
               <td colspan="4" class="detailsBox">
                  <div id="in.v2solutions.hybrid.testcases.VWR_08_Verify_Dashboard_Functionality_afterTest_byStatus_passed_PASS21_details"
                       class="testMethodDetails">
                     <div>
                        <b>Name: </b>afterTest
                     </div>
                     <div>
                        <b>Signature: </b>afterTest()[pri:0, instance:in.v2solutions.hybrid.testcases.VWR_08_Verify_Dashboard_Functionality@1165b38]
                     </div>
                     <div>
                        <b>Start time: </b>11:50:05
                     </div>
                     <div>
                        <b>End time: </b>11:50:05
                     </div>
                     <div>
                        <b>Duration: </b>1 ms
                        
                     </div>
                  </div>
               </td>
            </tr>
            <tr></tr>
            <tr id="in.v2solutions.hybrid.testcases.VWR_09_Verify_Expense_Reimbursement_Functionality_beforeTest_byStatus_passed_PASS22_row"
                class="testMethodStatusPASS testMethodStatusCONF">
               <td width="100%" class="firstMethodCell">
                  <a onclick="toggleDetailsVisibility('in.v2solutions.hybrid.testcases.VWR_09_Verify_Expense_Reimbursement_Functionality_beforeTest_byStatus_passed_PASS22_details')">beforeTest(V2 Refresh_QA_Build_1.8--VWR_TestCases_P1)</a>
               </td>
               <td nowrap="true">11:50:05</td>
               <td nowrap="true" align="right">1 ms
                  
               </td>
               <td nowrap="true">
                   
                  
               </td>
            </tr>
            <tr>
               <td colspan="4" class="detailsBox">
                  <div id="in.v2solutions.hybrid.testcases.VWR_09_Verify_Expense_Reimbursement_Functionality_beforeTest_byStatus_passed_PASS22_details"
                       class="testMethodDetails">
                     <div>
                        <b>Name: </b>beforeTest
                     </div>
                     <div>
                        <b>Signature: </b>beforeTest(java.lang.String)[pri:0, instance:in.v2solutions.hybrid.testcases.VWR_09_Verify_Expense_Reimbursement_Functionality@6150c3ec]
                     </div>
                     <div>
                        <b>Parameters: </b>
                        
                        V2 Refresh_QA_Build_1.8--VWR_TestCases_P1
                        
                        
                     </div>
                     <div>
                        <b>Start time: </b>11:50:05
                     </div>
                     <div>
                        <b>End time: </b>11:50:05
                     </div>
                     <div>
                        <b>Duration: </b>1 ms
                        
                     </div>
                  </div>
               </td>
            </tr>
            <tr></tr>
            <tr id="in.v2solutions.hybrid.testcases.VWR_09_Verify_Expense_Reimbursement_Functionality_verify_Expense_Reimbursement_Functionality_byStatus_passed_PASS23_row"
                class="testMethodStatusPASS">
               <td width="100%" class="firstMethodCell">
                  <a onclick="toggleDetailsVisibility('in.v2solutions.hybrid.testcases.VWR_09_Verify_Expense_Reimbursement_Functionality_verify_Expense_Reimbursement_Functionality_byStatus_passed_PASS23_details')">verify_Expense_Reimbursement_Functionality({RunMode=Y})</a>
               </td>
               <td nowrap="true">11:50:05</td>
               <td nowrap="true" align="right">2m
                  56s
                  
               </td>
               <td nowrap="true">
                   
                  
               </td>
            </tr>
            <tr>
               <td colspan="4" class="detailsBox">
                  <div id="in.v2solutions.hybrid.testcases.VWR_09_Verify_Expense_Reimbursement_Functionality_verify_Expense_Reimbursement_Functionality_byStatus_passed_PASS23_details"
                       class="testMethodDetails">
                     <div>
                        <b>Name: </b>verify_Expense_Reimbursement_Functionality
                     </div>
                     <div>
                        <b>Signature: </b>verify_Expense_Reimbursement_Functionality(java.util.Hashtable)[pri:0, instance:in.v2solutions.hybrid.testcases.VWR_09_Verify_Expense_Reimbursement_Functionality@6150c3ec]
                     </div>
                     <div>
                        <b>Parameters: </b>
                        
                        {RunMode=Y}
                        
                        
                     </div>
                     <div>
                        <b>Start time: </b>11:50:05
                     </div>
                     <div>
                        <b>End time: </b>11:52:01
                     </div>
                     <div>
                        <b>Duration: </b>2m
                        56s
                        
                     </div>
                  </div>
               </td>
            </tr>
            <tr></tr>
            <tr id="in.v2solutions.hybrid.testcases.VWR_09_Verify_Expense_Reimbursement_Functionality_afterTest_byStatus_passed_PASS24_row"
                class="testMethodStatusPASS testMethodStatusCONF">
               <td width="100%" class="firstMethodCell">
                  <a onclick="toggleDetailsVisibility('in.v2solutions.hybrid.testcases.VWR_09_Verify_Expense_Reimbursement_Functionality_afterTest_byStatus_passed_PASS24_details')">afterTest()</a>
               </td>
               <td nowrap="true">11:52:01</td>
               <td nowrap="true" align="right">1 ms
                  
               </td>
               <td nowrap="true">
                   
                  
               </td>
            </tr>
            <tr>
               <td colspan="4" class="detailsBox">
                  <div id="in.v2solutions.hybrid.testcases.VWR_09_Verify_Expense_Reimbursement_Functionality_afterTest_byStatus_passed_PASS24_details"
                       class="testMethodDetails">
                     <div>
                        <b>Name: </b>afterTest
                     </div>
                     <div>
                        <b>Signature: </b>afterTest()[pri:0, instance:in.v2solutions.hybrid.testcases.VWR_09_Verify_Expense_Reimbursement_Functionality@6150c3ec]
                     </div>
                     <div>
                        <b>Start time: </b>11:52:01
                     </div>
                     <div>
                        <b>End time: </b>11:52:01
                     </div>
                     <div>
                        <b>Duration: </b>1 ms
                        
                     </div>
                  </div>
               </td>
            </tr>
            <tr></tr>
            <tr id="in.v2solutions.hybrid.testcases.VWR_10_Verify_Reports_Functionality_beforeTest_byStatus_passed_PASS25_row"
                class="testMethodStatusPASS testMethodStatusCONF">
               <td width="100%" class="firstMethodCell">
                  <a onclick="toggleDetailsVisibility('in.v2solutions.hybrid.testcases.VWR_10_Verify_Reports_Functionality_beforeTest_byStatus_passed_PASS25_details')">beforeTest(V2 Refresh_QA_Build_1.8--VWR_TestCases_P1)</a>
               </td>
               <td nowrap="true">11:52:01</td>
               <td nowrap="true" align="right">1 ms
                  
               </td>
               <td nowrap="true">
                   
                  
               </td>
            </tr>
            <tr>
               <td colspan="4" class="detailsBox">
                  <div id="in.v2solutions.hybrid.testcases.VWR_10_Verify_Reports_Functionality_beforeTest_byStatus_passed_PASS25_details"
                       class="testMethodDetails">
                     <div>
                        <b>Name: </b>beforeTest
                     </div>
                     <div>
                        <b>Signature: </b>beforeTest(java.lang.String)[pri:0, instance:in.v2solutions.hybrid.testcases.VWR_10_Verify_Reports_Functionality@10683d9d]
                     </div>
                     <div>
                        <b>Parameters: </b>
                        
                        V2 Refresh_QA_Build_1.8--VWR_TestCases_P1
                        
                        
                     </div>
                     <div>
                        <b>Start time: </b>11:52:01
                     </div>
                     <div>
                        <b>End time: </b>11:52:01
                     </div>
                     <div>
                        <b>Duration: </b>1 ms
                        
                     </div>
                  </div>
               </td>
            </tr>
            <tr></tr>
            <tr id="in.v2solutions.hybrid.testcases.VWR_10_Verify_Reports_Functionality_verify_Reports_Functionality_byStatus_passed_PASS26_row"
                class="testMethodStatusPASS">
               <td width="100%" class="firstMethodCell">
                  <a onclick="toggleDetailsVisibility('in.v2solutions.hybrid.testcases.VWR_10_Verify_Reports_Functionality_verify_Reports_Functionality_byStatus_passed_PASS26_details')">verify_Reports_Functionality({RunMode=Y})</a>
               </td>
               <td nowrap="true">11:52:01</td>
               <td nowrap="true" align="right">3m
                  20s
                  
               </td>
               <td nowrap="true">
                   
                  
               </td>
            </tr>
            <tr>
               <td colspan="4" class="detailsBox">
                  <div id="in.v2solutions.hybrid.testcases.VWR_10_Verify_Reports_Functionality_verify_Reports_Functionality_byStatus_passed_PASS26_details"
                       class="testMethodDetails">
                     <div>
                        <b>Name: </b>verify_Reports_Functionality
                     </div>
                     <div>
                        <b>Signature: </b>verify_Reports_Functionality(java.util.Hashtable)[pri:0, instance:in.v2solutions.hybrid.testcases.VWR_10_Verify_Reports_Functionality@10683d9d]
                     </div>
                     <div>
                        <b>Parameters: </b>
                        
                        {RunMode=Y}
                        
                        
                     </div>
                     <div>
                        <b>Start time: </b>11:52:01
                     </div>
                     <div>
                        <b>End time: </b>11:55:22
                     </div>
                     <div>
                        <b>Duration: </b>3m
                        20s
                        
                     </div>
                  </div>
               </td>
            </tr>
            <tr></tr>
            <tr id="in.v2solutions.hybrid.testcases.VWR_10_Verify_Reports_Functionality_afterTest_byStatus_passed_PASS27_row"
                class="testMethodStatusPASS testMethodStatusCONF">
               <td width="100%" class="firstMethodCell">
                  <a onclick="toggleDetailsVisibility('in.v2solutions.hybrid.testcases.VWR_10_Verify_Reports_Functionality_afterTest_byStatus_passed_PASS27_details')">afterTest()</a>
               </td>
               <td nowrap="true">11:55:22</td>
               <td nowrap="true" align="right">0 ms
                  
               </td>
               <td nowrap="true">
                   
                  
               </td>
            </tr>
            <tr>
               <td colspan="4" class="detailsBox">
                  <div id="in.v2solutions.hybrid.testcases.VWR_10_Verify_Reports_Functionality_afterTest_byStatus_passed_PASS27_details"
                       class="testMethodDetails">
                     <div>
                        <b>Name: </b>afterTest
                     </div>
                     <div>
                        <b>Signature: </b>afterTest()[pri:0, instance:in.v2solutions.hybrid.testcases.VWR_10_Verify_Reports_Functionality@10683d9d]
                     </div>
                     <div>
                        <b>Start time: </b>11:55:22
                     </div>
                     <div>
                        <b>End time: </b>11:55:22
                     </div>
                     <div>
                        <b>Duration: </b>0 ms
                        
                     </div>
                  </div>
               </td>
            </tr>
            <tr></tr>
            <tr id="in.v2solutions.hybrid.testcases.VWR_11_Verify_HR_Maintenance_Functionality_beforeTest_byStatus_passed_PASS28_row"
                class="testMethodStatusPASS testMethodStatusCONF">
               <td width="100%" class="firstMethodCell">
                  <a onclick="toggleDetailsVisibility('in.v2solutions.hybrid.testcases.VWR_11_Verify_HR_Maintenance_Functionality_beforeTest_byStatus_passed_PASS28_details')">beforeTest(V2 Refresh_QA_Build_1.8--VWR_TestCases_P1)</a>
               </td>
               <td nowrap="true">11:55:22</td>
               <td nowrap="true" align="right">0 ms
                  
               </td>
               <td nowrap="true">
                   
                  
               </td>
            </tr>
            <tr>
               <td colspan="4" class="detailsBox">
                  <div id="in.v2solutions.hybrid.testcases.VWR_11_Verify_HR_Maintenance_Functionality_beforeTest_byStatus_passed_PASS28_details"
                       class="testMethodDetails">
                     <div>
                        <b>Name: </b>beforeTest
                     </div>
                     <div>
                        <b>Signature: </b>beforeTest(java.lang.String)[pri:0, instance:in.v2solutions.hybrid.testcases.VWR_11_Verify_HR_Maintenance_Functionality@217ed35e]
                     </div>
                     <div>
                        <b>Parameters: </b>
                        
                        V2 Refresh_QA_Build_1.8--VWR_TestCases_P1
                        
                        
                     </div>
                     <div>
                        <b>Start time: </b>11:55:22
                     </div>
                     <div>
                        <b>End time: </b>11:55:22
                     </div>
                     <div>
                        <b>Duration: </b>0 ms
                        
                     </div>
                  </div>
               </td>
            </tr>
            <tr></tr>
            <tr id="in.v2solutions.hybrid.testcases.VWR_11_Verify_HR_Maintenance_Functionality_verify_HR_Maintenance_Functionality_byStatus_passed_PASS29_row"
                class="testMethodStatusPASS">
               <td width="100%" class="firstMethodCell">
                  <a onclick="toggleDetailsVisibility('in.v2solutions.hybrid.testcases.VWR_11_Verify_HR_Maintenance_Functionality_verify_HR_Maintenance_Functionality_byStatus_passed_PASS29_details')">verify_HR_Maintenance_Functionality({RunMode=Y})</a>
               </td>
               <td nowrap="true">11:55:22</td>
               <td nowrap="true" align="right">2m
                  30s
                  
               </td>
               <td nowrap="true">
                   
                  
               </td>
            </tr>
            <tr>
               <td colspan="4" class="detailsBox">
                  <div id="in.v2solutions.hybrid.testcases.VWR_11_Verify_HR_Maintenance_Functionality_verify_HR_Maintenance_Functionality_byStatus_passed_PASS29_details"
                       class="testMethodDetails">
                     <div>
                        <b>Name: </b>verify_HR_Maintenance_Functionality
                     </div>
                     <div>
                        <b>Signature: </b>verify_HR_Maintenance_Functionality(java.util.Hashtable)[pri:0, instance:in.v2solutions.hybrid.testcases.VWR_11_Verify_HR_Maintenance_Functionality@217ed35e]
                     </div>
                     <div>
                        <b>Parameters: </b>
                        
                        {RunMode=Y}
                        
                        
                     </div>
                     <div>
                        <b>Start time: </b>11:55:22
                     </div>
                     <div>
                        <b>End time: </b>11:57:51
                     </div>
                     <div>
                        <b>Duration: </b>2m
                        30s
                        
                     </div>
                  </div>
               </td>
            </tr>
            <tr></tr>
            <tr id="in.v2solutions.hybrid.testcases.VWR_11_Verify_HR_Maintenance_Functionality_afterTest_byStatus_passed_PASS30_row"
                class="testMethodStatusPASS testMethodStatusCONF">
               <td width="100%" class="firstMethodCell">
                  <a onclick="toggleDetailsVisibility('in.v2solutions.hybrid.testcases.VWR_11_Verify_HR_Maintenance_Functionality_afterTest_byStatus_passed_PASS30_details')">afterTest()</a>
               </td>
               <td nowrap="true">11:57:51</td>
               <td nowrap="true" align="right">1 ms
                  
               </td>
               <td nowrap="true">
                   
                  
               </td>
            </tr>
            <tr>
               <td colspan="4" class="detailsBox">
                  <div id="in.v2solutions.hybrid.testcases.VWR_11_Verify_HR_Maintenance_Functionality_afterTest_byStatus_passed_PASS30_details"
                       class="testMethodDetails">
                     <div>
                        <b>Name: </b>afterTest
                     </div>
                     <div>
                        <b>Signature: </b>afterTest()[pri:0, instance:in.v2solutions.hybrid.testcases.VWR_11_Verify_HR_Maintenance_Functionality@217ed35e]
                     </div>
                     <div>
                        <b>Start time: </b>11:57:51
                     </div>
                     <div>
                        <b>End time: </b>11:57:51
                     </div>
                     <div>
                        <b>Duration: </b>1 ms
                        
                     </div>
                  </div>
               </td>
            </tr>
            <tr></tr>
         </table>
      </div>
      <div id="testMethodsByClass" style="display: none;">
         <table class="testMethodsTable" cellpadding="0" cellspacing="0">
            <tr>
               <td colspan="4">
                  <h3 style="display: inline;">in.v2solutions.hybrid.testcases.VWR_01_Verify_Apply_Leave_Functionality</h3>
               </td>
            </tr>
            <tr class="methodsTableHeader">
               <td width="100%">Name</td>
               <td nowrap="true">Started</td>
               <td nowrap="true">Duration</td>
               <td>Exception</td>
            </tr>
            <tr id="in.v2solutions.hybrid.testcases.VWR_01_Verify_Apply_Leave_Functionality_beforeTest_byClass_PASS1_row"
                class="testMethodStatusPASS testMethodStatusCONF">
               <td width="100%" class="firstMethodCell">
                  <a onclick="toggleDetailsVisibility('in.v2solutions.hybrid.testcases.VWR_01_Verify_Apply_Leave_Functionality_beforeTest_byClass_PASS1_details')">beforeTest(V2 Refresh_QA_Build_1.8--VWR_TestCases_P1)</a>
               </td>
               <td nowrap="true">11:34:25</td>
               <td nowrap="true" align="right">15 ms
                  
               </td>
               <td nowrap="true">
                   
                  
               </td>
            </tr>
            <tr>
               <td colspan="4" class="detailsBox">
                  <div id="in.v2solutions.hybrid.testcases.VWR_01_Verify_Apply_Leave_Functionality_beforeTest_byClass_PASS1_details"
                       class="testMethodDetails">
                     <div>
                        <b>Name: </b>beforeTest
                     </div>
                     <div>
                        <b>Signature: </b>beforeTest(java.lang.String)[pri:0, instance:in.v2solutions.hybrid.testcases.VWR_01_Verify_Apply_Leave_Functionality@7b2bbc3]
                     </div>
                     <div>
                        <b>Parameters: </b>
                        
                        V2 Refresh_QA_Build_1.8--VWR_TestCases_P1
                        
                        
                     </div>
                     <div>
                        <b>Start time: </b>11:34:25
                     </div>
                     <div>
                        <b>End time: </b>11:34:25
                     </div>
                     <div>
                        <b>Duration: </b>15 ms
                        
                     </div>
                  </div>
               </td>
            </tr>
            <tr></tr>
            <tr id="in.v2solutions.hybrid.testcases.VWR_01_Verify_Apply_Leave_Functionality_verify_Apply_Leave_Functionality_byClass_PASS2_row"
                class="testMethodStatusPASS">
               <td width="100%" class="firstMethodCell">
                  <a onclick="toggleDetailsVisibility('in.v2solutions.hybrid.testcases.VWR_01_Verify_Apply_Leave_Functionality_verify_Apply_Leave_Functionality_byClass_PASS2_details')">verify_Apply_Leave_Functionality({RunMode=Y})</a>
               </td>
               <td nowrap="true">11:34:25</td>
               <td nowrap="true" align="right">2m
                  9s
                  
               </td>
               <td nowrap="true">
                   
                  
               </td>
            </tr>
            <tr>
               <td colspan="4" class="detailsBox">
                  <div id="in.v2solutions.hybrid.testcases.VWR_01_Verify_Apply_Leave_Functionality_verify_Apply_Leave_Functionality_byClass_PASS2_details"
                       class="testMethodDetails">
                     <div>
                        <b>Name: </b>verify_Apply_Leave_Functionality
                     </div>
                     <div>
                        <b>Signature: </b>verify_Apply_Leave_Functionality(java.util.Hashtable)[pri:0, instance:in.v2solutions.hybrid.testcases.VWR_01_Verify_Apply_Leave_Functionality@7b2bbc3]
                     </div>
                     <div>
                        <b>Parameters: </b>
                        
                        {RunMode=Y}
                        
                        
                     </div>
                     <div>
                        <b>Start time: </b>11:34:25
                     </div>
                     <div>
                        <b>End time: </b>11:36:33
                     </div>
                     <div>
                        <b>Duration: </b>2m
                        9s
                        
                     </div>
                  </div>
               </td>
            </tr>
            <tr></tr>
            <tr id="in.v2solutions.hybrid.testcases.VWR_01_Verify_Apply_Leave_Functionality_afterTest_byClass_PASS3_row"
                class="testMethodStatusPASS testMethodStatusCONF">
               <td width="100%" class="firstMethodCell">
                  <a onclick="toggleDetailsVisibility('in.v2solutions.hybrid.testcases.VWR_01_Verify_Apply_Leave_Functionality_afterTest_byClass_PASS3_details')">afterTest()</a>
               </td>
               <td nowrap="true">11:36:33</td>
               <td nowrap="true" align="right">0 ms
                  
               </td>
               <td nowrap="true">
                   
                  
               </td>
            </tr>
            <tr>
               <td colspan="4" class="detailsBox">
                  <div id="in.v2solutions.hybrid.testcases.VWR_01_Verify_Apply_Leave_Functionality_afterTest_byClass_PASS3_details"
                       class="testMethodDetails">
                     <div>
                        <b>Name: </b>afterTest
                     </div>
                     <div>
                        <b>Signature: </b>afterTest()[pri:0, instance:in.v2solutions.hybrid.testcases.VWR_01_Verify_Apply_Leave_Functionality@7b2bbc3]
                     </div>
                     <div>
                        <b>Start time: </b>11:36:33
                     </div>
                     <div>
                        <b>End time: </b>11:36:33
                     </div>
                     <div>
                        <b>Duration: </b>0 ms
                        
                     </div>
                  </div>
               </td>
            </tr>
            <tr></tr>
         </table>
         <br></br>
         <table class="testMethodsTable" cellpadding="0" cellspacing="0">
            <tr>
               <td colspan="4">
                  <h3 style="display: inline;">in.v2solutions.hybrid.testcases.VWR_02_Verify_Apply_Maternity_Leave_Functionality</h3>
               </td>
            </tr>
            <tr class="methodsTableHeader">
               <td width="100%">Name</td>
               <td nowrap="true">Started</td>
               <td nowrap="true">Duration</td>
               <td>Exception</td>
            </tr>
            <tr id="in.v2solutions.hybrid.testcases.VWR_02_Verify_Apply_Maternity_Leave_Functionality_beforeTest_byClass_PASS1_row"
                class="testMethodStatusPASS testMethodStatusCONF">
               <td width="100%" class="firstMethodCell">
                  <a onclick="toggleDetailsVisibility('in.v2solutions.hybrid.testcases.VWR_02_Verify_Apply_Maternity_Leave_Functionality_beforeTest_byClass_PASS1_details')">beforeTest(V2 Refresh_QA_Build_1.8--VWR_TestCases_P1)</a>
               </td>
               <td nowrap="true">11:36:33</td>
               <td nowrap="true" align="right">1 ms
                  
               </td>
               <td nowrap="true">
                   
                  
               </td>
            </tr>
            <tr>
               <td colspan="4" class="detailsBox">
                  <div id="in.v2solutions.hybrid.testcases.VWR_02_Verify_Apply_Maternity_Leave_Functionality_beforeTest_byClass_PASS1_details"
                       class="testMethodDetails">
                     <div>
                        <b>Name: </b>beforeTest
                     </div>
                     <div>
                        <b>Signature: </b>beforeTest(java.lang.String)[pri:0, instance:in.v2solutions.hybrid.testcases.VWR_02_Verify_Apply_Maternity_Leave_Functionality@74235045]
                     </div>
                     <div>
                        <b>Parameters: </b>
                        
                        V2 Refresh_QA_Build_1.8--VWR_TestCases_P1
                        
                        
                     </div>
                     <div>
                        <b>Start time: </b>11:36:33
                     </div>
                     <div>
                        <b>End time: </b>11:36:33
                     </div>
                     <div>
                        <b>Duration: </b>1 ms
                        
                     </div>
                  </div>
               </td>
            </tr>
            <tr></tr>
            <tr id="in.v2solutions.hybrid.testcases.VWR_02_Verify_Apply_Maternity_Leave_Functionality_verify_Apply_Maternity_Leave_Functionality_byClass_PASS2_row"
                class="testMethodStatusPASS">
               <td width="100%" class="firstMethodCell">
                  <a onclick="toggleDetailsVisibility('in.v2solutions.hybrid.testcases.VWR_02_Verify_Apply_Maternity_Leave_Functionality_verify_Apply_Maternity_Leave_Functionality_byClass_PASS2_details')">verify_Apply_Maternity_Leave_Functionality({RunMode=Y})</a>
               </td>
               <td nowrap="true">11:36:33</td>
               <td nowrap="true" align="right">2m
                  49s
                  
               </td>
               <td nowrap="true">
                   
                  
               </td>
            </tr>
            <tr>
               <td colspan="4" class="detailsBox">
                  <div id="in.v2solutions.hybrid.testcases.VWR_02_Verify_Apply_Maternity_Leave_Functionality_verify_Apply_Maternity_Leave_Functionality_byClass_PASS2_details"
                       class="testMethodDetails">
                     <div>
                        <b>Name: </b>verify_Apply_Maternity_Leave_Functionality
                     </div>
                     <div>
                        <b>Signature: </b>verify_Apply_Maternity_Leave_Functionality(java.util.Hashtable)[pri:0, instance:in.v2solutions.hybrid.testcases.VWR_02_Verify_Apply_Maternity_Leave_Functionality@74235045]
                     </div>
                     <div>
                        <b>Parameters: </b>
                        
                        {RunMode=Y}
                        
                        
                     </div>
                     <div>
                        <b>Start time: </b>11:36:33
                     </div>
                     <div>
                        <b>End time: </b>11:38:22
                     </div>
                     <div>
                        <b>Duration: </b>2m
                        49s
                        
                     </div>
                  </div>
               </td>
            </tr>
            <tr></tr>
            <tr id="in.v2solutions.hybrid.testcases.VWR_02_Verify_Apply_Maternity_Leave_Functionality_afterTest_byClass_PASS3_row"
                class="testMethodStatusPASS testMethodStatusCONF">
               <td width="100%" class="firstMethodCell">
                  <a onclick="toggleDetailsVisibility('in.v2solutions.hybrid.testcases.VWR_02_Verify_Apply_Maternity_Leave_Functionality_afterTest_byClass_PASS3_details')">afterTest()</a>
               </td>
               <td nowrap="true">11:38:22</td>
               <td nowrap="true" align="right">1 ms
                  
               </td>
               <td nowrap="true">
                   
                  
               </td>
            </tr>
            <tr>
               <td colspan="4" class="detailsBox">
                  <div id="in.v2solutions.hybrid.testcases.VWR_02_Verify_Apply_Maternity_Leave_Functionality_afterTest_byClass_PASS3_details"
                       class="testMethodDetails">
                     <div>
                        <b>Name: </b>afterTest
                     </div>
                     <div>
                        <b>Signature: </b>afterTest()[pri:0, instance:in.v2solutions.hybrid.testcases.VWR_02_Verify_Apply_Maternity_Leave_Functionality@74235045]
                     </div>
                     <div>
                        <b>Start time: </b>11:38:22
                     </div>
                     <div>
                        <b>End time: </b>11:38:22
                     </div>
                     <div>
                        <b>Duration: </b>1 ms
                        
                     </div>
                  </div>
               </td>
            </tr>
            <tr></tr>
         </table>
         <br></br>
         <table class="testMethodsTable" cellpadding="0" cellspacing="0">
            <tr>
               <td colspan="4">
                  <h3 style="display: inline;">in.v2solutions.hybrid.testcases.VWR_03_Verify_Update_Edit_Delete_Leave_Functionality</h3>
               </td>
            </tr>
            <tr class="methodsTableHeader">
               <td width="100%">Name</td>
               <td nowrap="true">Started</td>
               <td nowrap="true">Duration</td>
               <td>Exception</td>
            </tr>
            <tr id="in.v2solutions.hybrid.testcases.VWR_03_Verify_Update_Edit_Delete_Leave_Functionality_beforeTest_byClass_PASS1_row"
                class="testMethodStatusPASS testMethodStatusCONF">
               <td width="100%" class="firstMethodCell">
                  <a onclick="toggleDetailsVisibility('in.v2solutions.hybrid.testcases.VWR_03_Verify_Update_Edit_Delete_Leave_Functionality_beforeTest_byClass_PASS1_details')">beforeTest(V2 Refresh_QA_Build_1.8--VWR_TestCases_P1)</a>
               </td>
               <td nowrap="true">11:38:22</td>
               <td nowrap="true" align="right">0 ms
                  
               </td>
               <td nowrap="true">
                   
                  
               </td>
            </tr>
            <tr>
               <td colspan="4" class="detailsBox">
                  <div id="in.v2solutions.hybrid.testcases.VWR_03_Verify_Update_Edit_Delete_Leave_Functionality_beforeTest_byClass_PASS1_details"
                       class="testMethodDetails">
                     <div>
                        <b>Name: </b>beforeTest
                     </div>
                     <div>
                        <b>Signature: </b>beforeTest(java.lang.String)[pri:0, instance:in.v2solutions.hybrid.testcases.VWR_03_Verify_Update_Edit_Delete_Leave_Functionality@6b2ea799]
                     </div>
                     <div>
                        <b>Parameters: </b>
                        
                        V2 Refresh_QA_Build_1.8--VWR_TestCases_P1
                        
                        
                     </div>
                     <div>
                        <b>Start time: </b>11:38:22
                     </div>
                     <div>
                        <b>End time: </b>11:38:22
                     </div>
                     <div>
                        <b>Duration: </b>0 ms
                        
                     </div>
                  </div>
               </td>
            </tr>
            <tr></tr>
            <tr id="in.v2solutions.hybrid.testcases.VWR_03_Verify_Update_Edit_Delete_Leave_Functionality_verify_Update_Edit_Delete_Leave_Functionality_byClass_PASS2_row"
                class="testMethodStatusPASS">
               <td width="100%" class="firstMethodCell">
                  <a onclick="toggleDetailsVisibility('in.v2solutions.hybrid.testcases.VWR_03_Verify_Update_Edit_Delete_Leave_Functionality_verify_Update_Edit_Delete_Leave_Functionality_byClass_PASS2_details')">verify_Update_Edit_Delete_Leave_Functionality({RunMode=Y})</a>
               </td>
               <td nowrap="true">11:38:22</td>
               <td nowrap="true" align="right">2m
                  57s
                  
               </td>
               <td nowrap="true">
                   
                  
               </td>
            </tr>
            <tr>
               <td colspan="4" class="detailsBox">
                  <div id="in.v2solutions.hybrid.testcases.VWR_03_Verify_Update_Edit_Delete_Leave_Functionality_verify_Update_Edit_Delete_Leave_Functionality_byClass_PASS2_details"
                       class="testMethodDetails">
                     <div>
                        <b>Name: </b>verify_Update_Edit_Delete_Leave_Functionality
                     </div>
                     <div>
                        <b>Signature: </b>verify_Update_Edit_Delete_Leave_Functionality(java.util.Hashtable)[pri:0, instance:in.v2solutions.hybrid.testcases.VWR_03_Verify_Update_Edit_Delete_Leave_Functionality@6b2ea799]
                     </div>
                     <div>
                        <b>Parameters: </b>
                        
                        {RunMode=Y}
                        
                        
                     </div>
                     <div>
                        <b>Start time: </b>11:38:22
                     </div>
                     <div>
                        <b>End time: </b>11:40:19
                     </div>
                     <div>
                        <b>Duration: </b>2m
                        57s
                        
                     </div>
                  </div>
               </td>
            </tr>
            <tr></tr>
            <tr id="in.v2solutions.hybrid.testcases.VWR_03_Verify_Update_Edit_Delete_Leave_Functionality_afterTest_byClass_PASS3_row"
                class="testMethodStatusPASS testMethodStatusCONF">
               <td width="100%" class="firstMethodCell">
                  <a onclick="toggleDetailsVisibility('in.v2solutions.hybrid.testcases.VWR_03_Verify_Update_Edit_Delete_Leave_Functionality_afterTest_byClass_PASS3_details')">afterTest()</a>
               </td>
               <td nowrap="true">11:40:19</td>
               <td nowrap="true" align="right">0 ms
                  
               </td>
               <td nowrap="true">
                   
                  
               </td>
            </tr>
            <tr>
               <td colspan="4" class="detailsBox">
                  <div id="in.v2solutions.hybrid.testcases.VWR_03_Verify_Update_Edit_Delete_Leave_Functionality_afterTest_byClass_PASS3_details"
                       class="testMethodDetails">
                     <div>
                        <b>Name: </b>afterTest
                     </div>
                     <div>
                        <b>Signature: </b>afterTest()[pri:0, instance:in.v2solutions.hybrid.testcases.VWR_03_Verify_Update_Edit_Delete_Leave_Functionality@6b2ea799]
                     </div>
                     <div>
                        <b>Start time: </b>11:40:19
                     </div>
                     <div>
                        <b>End time: </b>11:40:19
                     </div>
                     <div>
                        <b>Duration: </b>0 ms
                        
                     </div>
                  </div>
               </td>
            </tr>
            <tr></tr>
         </table>
         <br></br>
         <table class="testMethodsTable" cellpadding="0" cellspacing="0">
            <tr>
               <td colspan="4">
                  <h3 style="display: inline;">in.v2solutions.hybrid.testcases.VWR_04_Verify_Male_Emp_Should_not_see_Maternity_Leave_In_Dropdown</h3>
               </td>
            </tr>
            <tr class="methodsTableHeader">
               <td width="100%">Name</td>
               <td nowrap="true">Started</td>
               <td nowrap="true">Duration</td>
               <td>Exception</td>
            </tr>
            <tr id="in.v2solutions.hybrid.testcases.VWR_04_Verify_Male_Emp_Should_not_see_Maternity_Leave_In_Dropdown_beforeTest_byClass_PASS1_row"
                class="testMethodStatusPASS testMethodStatusCONF">
               <td width="100%" class="firstMethodCell">
                  <a onclick="toggleDetailsVisibility('in.v2solutions.hybrid.testcases.VWR_04_Verify_Male_Emp_Should_not_see_Maternity_Leave_In_Dropdown_beforeTest_byClass_PASS1_details')">beforeTest(V2 Refresh_QA_Build_1.8--VWR_TestCases_P1)</a>
               </td>
               <td nowrap="true">11:40:19</td>
               <td nowrap="true" align="right">1 ms
                  
               </td>
               <td nowrap="true">
                   
                  
               </td>
            </tr>
            <tr>
               <td colspan="4" class="detailsBox">
                  <div id="in.v2solutions.hybrid.testcases.VWR_04_Verify_Male_Emp_Should_not_see_Maternity_Leave_In_Dropdown_beforeTest_byClass_PASS1_details"
                       class="testMethodDetails">
                     <div>
                        <b>Name: </b>beforeTest
                     </div>
                     <div>
                        <b>Signature: </b>beforeTest(java.lang.String)[pri:0, instance:in.v2solutions.hybrid.testcases.VWR_04_Verify_Male_Emp_Should_not_see_Maternity_Leave_In_Dropdown@62379589]
                     </div>
                     <div>
                        <b>Parameters: </b>
                        
                        V2 Refresh_QA_Build_1.8--VWR_TestCases_P1
                        
                        
                     </div>
                     <div>
                        <b>Start time: </b>11:40:19
                     </div>
                     <div>
                        <b>End time: </b>11:40:19
                     </div>
                     <div>
                        <b>Duration: </b>1 ms
                        
                     </div>
                  </div>
               </td>
            </tr>
            <tr></tr>
            <tr id="in.v2solutions.hybrid.testcases.VWR_04_Verify_Male_Emp_Should_not_see_Maternity_Leave_In_Dropdown_verify_Male_Emp_Should_not_see_Maternity_Leave_In_Dropdown_byClass_PASS2_row"
                class="testMethodStatusPASS">
               <td width="100%" class="firstMethodCell">
                  <a onclick="toggleDetailsVisibility('in.v2solutions.hybrid.testcases.VWR_04_Verify_Male_Emp_Should_not_see_Maternity_Leave_In_Dropdown_verify_Male_Emp_Should_not_see_Maternity_Leave_In_Dropdown_byClass_PASS2_details')">verify_Male_Emp_Should_not_see_Maternity_Leave_In_Dropdown({RunMode=Y})</a>
               </td>
               <td nowrap="true">11:40:19</td>
               <td nowrap="true" align="right">1m
                  
               </td>
               <td nowrap="true">
                   
                  
               </td>
            </tr>
            <tr>
               <td colspan="4" class="detailsBox">
                  <div id="in.v2solutions.hybrid.testcases.VWR_04_Verify_Male_Emp_Should_not_see_Maternity_Leave_In_Dropdown_verify_Male_Emp_Should_not_see_Maternity_Leave_In_Dropdown_byClass_PASS2_details"
                       class="testMethodDetails">
                     <div>
                        <b>Name: </b>verify_Male_Emp_Should_not_see_Maternity_Leave_In_Dropdown
                     </div>
                     <div>
                        <b>Signature: </b>verify_Male_Emp_Should_not_see_Maternity_Leave_In_Dropdown(java.util.Hashtable)[pri:0, instance:in.v2solutions.hybrid.testcases.VWR_04_Verify_Male_Emp_Should_not_see_Maternity_Leave_In_Dropdown@62379589]
                     </div>
                     <div>
                        <b>Parameters: </b>
                        
                        {RunMode=Y}
                        
                        
                     </div>
                     <div>
                        <b>Start time: </b>11:40:19
                     </div>
                     <div>
                        <b>End time: </b>11:41:19
                     </div>
                     <div>
                        <b>Duration: </b>1m
                        
                     </div>
                  </div>
               </td>
            </tr>
            <tr></tr>
            <tr id="in.v2solutions.hybrid.testcases.VWR_04_Verify_Male_Emp_Should_not_see_Maternity_Leave_In_Dropdown_afterTest_byClass_PASS3_row"
                class="testMethodStatusPASS testMethodStatusCONF">
               <td width="100%" class="firstMethodCell">
                  <a onclick="toggleDetailsVisibility('in.v2solutions.hybrid.testcases.VWR_04_Verify_Male_Emp_Should_not_see_Maternity_Leave_In_Dropdown_afterTest_byClass_PASS3_details')">afterTest()</a>
               </td>
               <td nowrap="true">11:41:19</td>
               <td nowrap="true" align="right">0 ms
                  
               </td>
               <td nowrap="true">
                   
                  
               </td>
            </tr>
            <tr>
               <td colspan="4" class="detailsBox">
                  <div id="in.v2solutions.hybrid.testcases.VWR_04_Verify_Male_Emp_Should_not_see_Maternity_Leave_In_Dropdown_afterTest_byClass_PASS3_details"
                       class="testMethodDetails">
                     <div>
                        <b>Name: </b>afterTest
                     </div>
                     <div>
                        <b>Signature: </b>afterTest()[pri:0, instance:in.v2solutions.hybrid.testcases.VWR_04_Verify_Male_Emp_Should_not_see_Maternity_Leave_In_Dropdown@62379589]
                     </div>
                     <div>
                        <b>Start time: </b>11:41:19
                     </div>
                     <div>
                        <b>End time: </b>11:41:19
                     </div>
                     <div>
                        <b>Duration: </b>0 ms
                        
                     </div>
                  </div>
               </td>
            </tr>
            <tr></tr>
         </table>
         <br></br>
         <table class="testMethodsTable" cellpadding="0" cellspacing="0">
            <tr>
               <td colspan="4">
                  <h3 style="display: inline;">in.v2solutions.hybrid.testcases.VWR_05_Verify_Helpdesk_Functionality</h3>
               </td>
            </tr>
            <tr class="methodsTableHeader">
               <td width="100%">Name</td>
               <td nowrap="true">Started</td>
               <td nowrap="true">Duration</td>
               <td>Exception</td>
            </tr>
            <tr id="in.v2solutions.hybrid.testcases.VWR_05_Verify_Helpdesk_Functionality_beforeTest_byClass_PASS1_row"
                class="testMethodStatusPASS testMethodStatusCONF">
               <td width="100%" class="firstMethodCell">
                  <a onclick="toggleDetailsVisibility('in.v2solutions.hybrid.testcases.VWR_05_Verify_Helpdesk_Functionality_beforeTest_byClass_PASS1_details')">beforeTest(V2 Refresh_QA_Build_1.8--VWR_TestCases_P1)</a>
               </td>
               <td nowrap="true">11:41:19</td>
               <td nowrap="true" align="right">0 ms
                  
               </td>
               <td nowrap="true">
                   
                  
               </td>
            </tr>
            <tr>
               <td colspan="4" class="detailsBox">
                  <div id="in.v2solutions.hybrid.testcases.VWR_05_Verify_Helpdesk_Functionality_beforeTest_byClass_PASS1_details"
                       class="testMethodDetails">
                     <div>
                        <b>Name: </b>beforeTest
                     </div>
                     <div>
                        <b>Signature: </b>beforeTest(java.lang.String)[pri:0, instance:in.v2solutions.hybrid.testcases.VWR_05_Verify_Helpdesk_Functionality@7c7a06ec]
                     </div>
                     <div>
                        <b>Parameters: </b>
                        
                        V2 Refresh_QA_Build_1.8--VWR_TestCases_P1
                        
                        
                     </div>
                     <div>
                        <b>Start time: </b>11:41:19
                     </div>
                     <div>
                        <b>End time: </b>11:41:19
                     </div>
                     <div>
                        <b>Duration: </b>0 ms
                        
                     </div>
                  </div>
               </td>
            </tr>
            <tr></tr>
            <tr id="in.v2solutions.hybrid.testcases.VWR_05_Verify_Helpdesk_Functionality_verify_Helpdesk_Functionality_byClass_PASS2_row"
                class="testMethodStatusPASS">
               <td width="100%" class="firstMethodCell">
                  <a onclick="toggleDetailsVisibility('in.v2solutions.hybrid.testcases.VWR_05_Verify_Helpdesk_Functionality_verify_Helpdesk_Functionality_byClass_PASS2_details')">verify_Helpdesk_Functionality({RunMode=Y})</a>
               </td>
               <td nowrap="true">11:41:19</td>
               <td nowrap="true" align="right">2m
                  48s
                  
               </td>
               <td nowrap="true">
                   
                  
               </td>
            </tr>
            <tr>
               <td colspan="4" class="detailsBox">
                  <div id="in.v2solutions.hybrid.testcases.VWR_05_Verify_Helpdesk_Functionality_verify_Helpdesk_Functionality_byClass_PASS2_details"
                       class="testMethodDetails">
                     <div>
                        <b>Name: </b>verify_Helpdesk_Functionality
                     </div>
                     <div>
                        <b>Signature: </b>verify_Helpdesk_Functionality(java.util.Hashtable)[pri:0, instance:in.v2solutions.hybrid.testcases.VWR_05_Verify_Helpdesk_Functionality@7c7a06ec]
                     </div>
                     <div>
                        <b>Parameters: </b>
                        
                        {RunMode=Y}
                        
                        
                     </div>
                     <div>
                        <b>Start time: </b>11:41:19
                     </div>
                     <div>
                        <b>End time: </b>11:43:07
                     </div>
                     <div>
                        <b>Duration: </b>2m
                        48s
                        
                     </div>
                  </div>
               </td>
            </tr>
            <tr></tr>
            <tr id="in.v2solutions.hybrid.testcases.VWR_05_Verify_Helpdesk_Functionality_afterTest_byClass_PASS3_row"
                class="testMethodStatusPASS testMethodStatusCONF">
               <td width="100%" class="firstMethodCell">
                  <a onclick="toggleDetailsVisibility('in.v2solutions.hybrid.testcases.VWR_05_Verify_Helpdesk_Functionality_afterTest_byClass_PASS3_details')">afterTest()</a>
               </td>
               <td nowrap="true">11:43:07</td>
               <td nowrap="true" align="right">0 ms
                  
               </td>
               <td nowrap="true">
                   
                  
               </td>
            </tr>
            <tr>
               <td colspan="4" class="detailsBox">
                  <div id="in.v2solutions.hybrid.testcases.VWR_05_Verify_Helpdesk_Functionality_afterTest_byClass_PASS3_details"
                       class="testMethodDetails">
                     <div>
                        <b>Name: </b>afterTest
                     </div>
                     <div>
                        <b>Signature: </b>afterTest()[pri:0, instance:in.v2solutions.hybrid.testcases.VWR_05_Verify_Helpdesk_Functionality@7c7a06ec]
                     </div>
                     <div>
                        <b>Start time: </b>11:43:07
                     </div>
                     <div>
                        <b>End time: </b>11:43:07
                     </div>
                     <div>
                        <b>Duration: </b>0 ms
                        
                     </div>
                  </div>
               </td>
            </tr>
            <tr></tr>
         </table>
         <br></br>
         <table class="testMethodsTable" cellpadding="0" cellspacing="0">
            <tr>
               <td colspan="4">
                  <h3 style="display: inline;">in.v2solutions.hybrid.testcases.VWR_06_Verify_Employees_Personal_Information</h3>
               </td>
            </tr>
            <tr class="methodsTableHeader">
               <td width="100%">Name</td>
               <td nowrap="true">Started</td>
               <td nowrap="true">Duration</td>
               <td>Exception</td>
            </tr>
            <tr id="in.v2solutions.hybrid.testcases.VWR_06_Verify_Employees_Personal_Information_beforeTest_byClass_PASS1_row"
                class="testMethodStatusPASS testMethodStatusCONF">
               <td width="100%" class="firstMethodCell">
                  <a onclick="toggleDetailsVisibility('in.v2solutions.hybrid.testcases.VWR_06_Verify_Employees_Personal_Information_beforeTest_byClass_PASS1_details')">beforeTest(V2 Refresh_QA_Build_1.8--VWR_TestCases_P1)</a>
               </td>
               <td nowrap="true">11:43:07</td>
               <td nowrap="true" align="right">0 ms
                  
               </td>
               <td nowrap="true">
                   
                  
               </td>
            </tr>
            <tr>
               <td colspan="4" class="detailsBox">
                  <div id="in.v2solutions.hybrid.testcases.VWR_06_Verify_Employees_Personal_Information_beforeTest_byClass_PASS1_details"
                       class="testMethodDetails">
                     <div>
                        <b>Name: </b>beforeTest
                     </div>
                     <div>
                        <b>Signature: </b>beforeTest(java.lang.String)[pri:0, instance:in.v2solutions.hybrid.testcases.VWR_06_Verify_Employees_Personal_Information@206a70ef]
                     </div>
                     <div>
                        <b>Parameters: </b>
                        
                        V2 Refresh_QA_Build_1.8--VWR_TestCases_P1
                        
                        
                     </div>
                     <div>
                        <b>Start time: </b>11:43:07
                     </div>
                     <div>
                        <b>End time: </b>11:43:07
                     </div>
                     <div>
                        <b>Duration: </b>0 ms
                        
                     </div>
                  </div>
               </td>
            </tr>
            <tr></tr>
            <tr id="in.v2solutions.hybrid.testcases.VWR_06_Verify_Employees_Personal_Information_verify_Employees_Personal_Information_byClass_FAIL2_row"
                class="testMethodStatusFAIL">
               <td width="100%" class="firstMethodCell">
                  <a onclick="toggleDetailsVisibility('in.v2solutions.hybrid.testcases.VWR_06_Verify_Employees_Personal_Information_verify_Employees_Personal_Information_byClass_FAIL2_details')">verify_Employees_Personal_Information({RunMode=Y})</a>
               </td>
               <td nowrap="true">11:43:07</td>
               <td nowrap="true" align="right">2m
                  8s
                  
               </td>
               <td nowrap="true">
                  <a onclick="toggleDetailsVisibility('in.v2solutions.hybrid.testcases.VWR_06_Verify_Employees_Personal_Information_verify_Employees_Personal_Information_byClass_FAIL2_exception')">java.lang.AssertionError: 
                     FAIL - Not able to click on -- PERSONAL_DETAILS_EDIT_LINKnull , For Error Screenshot please refer to this link  : <a href='VWR_06--Failed_AT-Click-PERSONAL_DETAILS_EDIT_LINK-2106_114513_AM(IST).png'>VWR_06--Failed_AT-Click-PERSONAL_DETAILS_EDIT_LINK-2106_114513_AM(IST).png</a>
                     &amp;&amp;  expected [true] but found [false]
                     
                  </a>
                   
                  
               </td>
            </tr>
            <tr>
               <td colspan="4" class="detailsBox">
                  <div id="in.v2solutions.hybrid.testcases.VWR_06_Verify_Employees_Personal_Information_verify_Employees_Personal_Information_byClass_FAIL2_details"
                       class="testMethodDetails">
                     <div>
                        <b>Name: </b>verify_Employees_Personal_Information
                     </div>
                     <div>
                        <b>Signature: </b>verify_Employees_Personal_Information(java.util.Hashtable)[pri:0, instance:in.v2solutions.hybrid.testcases.VWR_06_Verify_Employees_Personal_Information@206a70ef]
                     </div>
                     <div>
                        <b>Parameters: </b>
                        
                        {RunMode=Y}
                        
                        
                     </div>
                     <div>
                        <b>Start time: </b>11:43:07
                     </div>
                     <div>
                        <b>End time: </b>11:45:15
                     </div>
                     <div>
                        <b>Duration: </b>2m
                        8s
                        
                     </div>
                  </div>
               </td>
            </tr>
            <tr>
               <td colspan="4" class="detailsBox">
                  <div id="in.v2solutions.hybrid.testcases.VWR_06_Verify_Employees_Personal_Information_verify_Employees_Personal_Information_byClass_FAIL2_exception"
                       class="testMethodDetails">
                     <pre style="padding: 5px; margin: 0;">java.lang.AssertionError: FAIL - Not able to click on -- PERSONAL_DETAILS_EDIT_LINKnull , For Error Screenshot please refer
                        to this link  : <a href='VWR_06--Failed_AT-Click-PERSONAL_DETAILS_EDIT_LINK-2106_114513_AM(IST).png'>VWR_06--Failed_AT-Click-PERSONAL_DETAILS_EDIT_LINK-2106_114513_AM(IST).png</a>
                        &amp;&amp;  expected [true] but found [false]
                        	at org.testng.Assert.fail(Assert.java:93)
                        	at org.testng.Assert.failNotEquals(Assert.java:512)
                        	at org.testng.Assert.assertTrue(Assert.java:41)
                        	at in.v2solutions.hybrid.util.Keywords.executeKeywords(Keywords.java:573)
                        	at in.v2solutions.hybrid.testcases.VWR_06_Verify_Employees_Personal_Information.verify_Employees_Personal_Information(VWR_06_Verify_Employees_Personal_Information.java:60)
                        	at sun.reflect.NativeMethodAccessorImpl.invoke0(Native Method)
                        	at sun.reflect.NativeMethodAccessorImpl.invoke(NativeMethodAccessorImpl.java:62)
                        	at sun.reflect.DelegatingMethodAccessorImpl.invoke(DelegatingMethodAccessorImpl.java:43)
                        	at java.lang.reflect.Method.invoke(Method.java:498)
                        	at org.testng.internal.MethodInvocationHelper.invokeMethod(MethodInvocationHelper.java:108)
                        	at org.testng.internal.Invoker.invokeMethod(Invoker.java:661)
                        	at org.testng.internal.Invoker.invokeTestMethod(Invoker.java:869)
                        	at org.testng.internal.Invoker.invokeTestMethods(Invoker.java:1193)
                        	at org.testng.internal.TestMethodWorker.invokeTestMethods(TestMethodWorker.java:126)
                        	at org.testng.internal.TestMethodWorker.run(TestMethodWorker.java:109)
                        	at org.testng.TestRunner.privateRun(TestRunner.java:744)
                        	at org.testng.TestRunner.run(TestRunner.java:602)
                        	at org.testng.SuiteRunner.runTest(SuiteRunner.java:380)
                        	at org.testng.SuiteRunner.runSequentially(SuiteRunner.java:375)
                        	at org.testng.SuiteRunner.privateRun(SuiteRunner.java:340)
                        	at org.testng.SuiteRunner.run(SuiteRunner.java:289)
                        	at org.testng.SuiteRunnerWorker.runSuite(SuiteRunnerWorker.java:52)
                        	at org.testng.SuiteRunnerWorker.run(SuiteRunnerWorker.java:86)
                        	at org.testng.TestNG.runSuitesSequentially(TestNG.java:1301)
                        	at org.testng.TestNG.runSuitesLocally(TestNG.java:1226)
                        	at org.testng.TestNG.runSuites(TestNG.java:1144)
                        	at org.testng.TestNG.run(TestNG.java:1115)
                        	at org.testng.TestNG.privateMain(TestNG.java:1442)
                        	at org.testng.TestNG.main(TestNG.java:1411)
                     </pre>
                  </div>
               </td>
            </tr>
            <tr id="in.v2solutions.hybrid.testcases.VWR_06_Verify_Employees_Personal_Information_afterTest_byClass_PASS3_row"
                class="testMethodStatusPASS testMethodStatusCONF">
               <td width="100%" class="firstMethodCell">
                  <a onclick="toggleDetailsVisibility('in.v2solutions.hybrid.testcases.VWR_06_Verify_Employees_Personal_Information_afterTest_byClass_PASS3_details')">afterTest()</a>
               </td>
               <td nowrap="true">11:45:15</td>
               <td nowrap="true" align="right">0 ms
                  
               </td>
               <td nowrap="true">
                   
                  
               </td>
            </tr>
            <tr>
               <td colspan="4" class="detailsBox">
                  <div id="in.v2solutions.hybrid.testcases.VWR_06_Verify_Employees_Personal_Information_afterTest_byClass_PASS3_details"
                       class="testMethodDetails">
                     <div>
                        <b>Name: </b>afterTest
                     </div>
                     <div>
                        <b>Signature: </b>afterTest()[pri:0, instance:in.v2solutions.hybrid.testcases.VWR_06_Verify_Employees_Personal_Information@206a70ef]
                     </div>
                     <div>
                        <b>Start time: </b>11:45:15
                     </div>
                     <div>
                        <b>End time: </b>11:45:15
                     </div>
                     <div>
                        <b>Duration: </b>0 ms
                        
                     </div>
                  </div>
               </td>
            </tr>
            <tr></tr>
         </table>
         <br></br>
         <table class="testMethodsTable" cellpadding="0" cellspacing="0">
            <tr>
               <td colspan="4">
                  <h3 style="display: inline;">in.v2solutions.hybrid.testcases.VWR_07_Verify_Employees_Professional_Information</h3>
               </td>
            </tr>
            <tr class="methodsTableHeader">
               <td width="100%">Name</td>
               <td nowrap="true">Started</td>
               <td nowrap="true">Duration</td>
               <td>Exception</td>
            </tr>
            <tr id="in.v2solutions.hybrid.testcases.VWR_07_Verify_Employees_Professional_Information_beforeTest_byClass_PASS1_row"
                class="testMethodStatusPASS testMethodStatusCONF">
               <td width="100%" class="firstMethodCell">
                  <a onclick="toggleDetailsVisibility('in.v2solutions.hybrid.testcases.VWR_07_Verify_Employees_Professional_Information_beforeTest_byClass_PASS1_details')">beforeTest(V2 Refresh_QA_Build_1.8--VWR_TestCases_P1)</a>
               </td>
               <td nowrap="true">11:45:15</td>
               <td nowrap="true" align="right">0 ms
                  
               </td>
               <td nowrap="true">
                   
                  
               </td>
            </tr>
            <tr>
               <td colspan="4" class="detailsBox">
                  <div id="in.v2solutions.hybrid.testcases.VWR_07_Verify_Employees_Professional_Information_beforeTest_byClass_PASS1_details"
                       class="testMethodDetails">
                     <div>
                        <b>Name: </b>beforeTest
                     </div>
                     <div>
                        <b>Signature: </b>beforeTest(java.lang.String)[pri:0, instance:in.v2solutions.hybrid.testcases.VWR_07_Verify_Employees_Professional_Information@54d9d12d]
                     </div>
                     <div>
                        <b>Parameters: </b>
                        
                        V2 Refresh_QA_Build_1.8--VWR_TestCases_P1
                        
                        
                     </div>
                     <div>
                        <b>Start time: </b>11:45:15
                     </div>
                     <div>
                        <b>End time: </b>11:45:15
                     </div>
                     <div>
                        <b>Duration: </b>0 ms
                        
                     </div>
                  </div>
               </td>
            </tr>
            <tr></tr>
            <tr id="in.v2solutions.hybrid.testcases.VWR_07_Verify_Employees_Professional_Information_verify_Employees_Professional_Information_byClass_FAIL2_row"
                class="testMethodStatusFAIL">
               <td width="100%" class="firstMethodCell">
                  <a onclick="toggleDetailsVisibility('in.v2solutions.hybrid.testcases.VWR_07_Verify_Employees_Professional_Information_verify_Employees_Professional_Information_byClass_FAIL2_details')">verify_Employees_Professional_Information({RunMode=Y})</a>
               </td>
               <td nowrap="true">11:45:15</td>
               <td nowrap="true" align="right">2m
                  54s
                  
               </td>
               <td nowrap="true">
                  <a onclick="toggleDetailsVisibility('in.v2solutions.hybrid.testcases.VWR_07_Verify_Employees_Professional_Information_verify_Employees_Professional_Information_byClass_FAIL2_exception')">java.lang.AssertionError: 
                     FAIL - Not able to click on -- ADD_DECLARATION_LINKunknown error: Element <i aria-hidden="true" class="fa fa-plus icon-btn
                     add" title="Add"></i> is not clickable at point (933, 913). Other element would receive the click: <div _ngcontent-c0="" class="col
                     s6 m6 l6 right-align m-top20 branding">...</div>
                     (Session info: chrome=67.0.3396.87)
                     (Driver info: chromedriver=2.38.552522 (437e6fbedfa8762dec75e2c5b3ddb86763dc9dcb),platform=Windows NT 10.0.17134 x86_64) (WARNING:
                     The server did not provide any stacktrace information)
                     Command duration or timeout: 0 milliseconds
                     Build info: version: '3.12.0', revision: '7c6e0b3', time: '2018-05-08T15:15:08.936Z'
                     System info: host: 'V2MUMPC0464', ip: '192.168.50.25', os.name: 'Windows 10', os.arch: 'amd64', os.version: '10.0', java.version:
                     '1.8.0_131'
                     Driver info: org.openqa.selenium.chrome.ChromeDriver
                     Capabilities {acceptInsecureCerts: false, acceptSslCerts: false, applicationCacheEnabled: false, browserConnectionEnabled:
                     false, browserName: chrome, chrome: {chromedriverVersion: 2.38.552522 (437e6fbedfa876..., userDataDir: C:\Users\TANVEE~1.PAT\AppDa...},
                     cssSelectorsEnabled: true, databaseEnabled: false, handlesAlerts: true, hasTouchScreen: false, javascriptEnabled: true, locationContextEnabled:
                     true, mobileEmulationEnabled: false, nativeEvents: true, networkConnectionEnabled: false, pageLoadStrategy: normal, platform:
                     XP, platformName: XP, rotatable: false, setWindowRect: true, takesHeapSnapshot: true, takesScreenshot: true, unexpectedAlertBehaviour:
                     , unhandledPromptBehavior: , version: 67.0.3396.87, webStorageEnabled: true}
                     Session ID: d328ae829393d78ea649da8a31c68165 , For Error Screenshot please refer to this link  : <a href='VWR_07--Failed_AT-Click-ADD_DECLARATION_LINK-2106_114709_AM(IST).png'>VWR_07--Failed_AT-Click-ADD_DECLARATION_LINK-2106_114709_AM(IST).png</a>
                     &amp;&amp;  expected [true] but found [false]
                     
                  </a>
                   
                  
               </td>
            </tr>
            <tr>
               <td colspan="4" class="detailsBox">
                  <div id="in.v2solutions.hybrid.testcases.VWR_07_Verify_Employees_Professional_Information_verify_Employees_Professional_Information_byClass_FAIL2_details"
                       class="testMethodDetails">
                     <div>
                        <b>Name: </b>verify_Employees_Professional_Information
                     </div>
                     <div>
                        <b>Signature: </b>verify_Employees_Professional_Information(java.util.Hashtable)[pri:0, instance:in.v2solutions.hybrid.testcases.VWR_07_Verify_Employees_Professional_Information@54d9d12d]
                     </div>
                     <div>
                        <b>Parameters: </b>
                        
                        {RunMode=Y}
                        
                        
                     </div>
                     <div>
                        <b>Start time: </b>11:45:15
                     </div>
                     <div>
                        <b>End time: </b>11:47:09
                     </div>
                     <div>
                        <b>Duration: </b>2m
                        54s
                        
                     </div>
                  </div>
               </td>
            </tr>
            <tr>
               <td colspan="4" class="detailsBox">
                  <div id="in.v2solutions.hybrid.testcases.VWR_07_Verify_Employees_Professional_Information_verify_Employees_Professional_Information_byClass_FAIL2_exception"
                       class="testMethodDetails">
                     <pre style="padding: 5px; margin: 0;">java.lang.AssertionError: FAIL - Not able to click on -- ADD_DECLARATION_LINKunknown error: Element <i aria-hidden="true"
                        class="fa fa-plus icon-btn add" title="Add"></i> is not clickable at point (933, 913). Other element would receive the click:
                        <div _ngcontent-c0="" class="col s6 m6 l6 right-align m-top20 branding">...</div>
                        (Session info: chrome=67.0.3396.87)
                        (Driver info: chromedriver=2.38.552522 (437e6fbedfa8762dec75e2c5b3ddb86763dc9dcb),platform=Windows NT 10.0.17134 x86_64) (WARNING:
                        The server did not provide any stacktrace information)
                        Command duration or timeout: 0 milliseconds
                        Build info: version: '3.12.0', revision: '7c6e0b3', time: '2018-05-08T15:15:08.936Z'
                        System info: host: 'V2MUMPC0464', ip: '192.168.50.25', os.name: 'Windows 10', os.arch: 'amd64', os.version: '10.0', java.version:
                        '1.8.0_131'
                        Driver info: org.openqa.selenium.chrome.ChromeDriver
                        Capabilities {acceptInsecureCerts: false, acceptSslCerts: false, applicationCacheEnabled: false, browserConnectionEnabled:
                        false, browserName: chrome, chrome: {chromedriverVersion: 2.38.552522 (437e6fbedfa876..., userDataDir: C:\Users\TANVEE~1.PAT\AppDa...},
                        cssSelectorsEnabled: true, databaseEnabled: false, handlesAlerts: true, hasTouchScreen: false, javascriptEnabled: true, locationContextEnabled:
                        true, mobileEmulationEnabled: false, nativeEvents: true, networkConnectionEnabled: false, pageLoadStrategy: normal, platform:
                        XP, platformName: XP, rotatable: false, setWindowRect: true, takesHeapSnapshot: true, takesScreenshot: true, unexpectedAlertBehaviour:
                        , unhandledPromptBehavior: , version: 67.0.3396.87, webStorageEnabled: true}
                        Session ID: d328ae829393d78ea649da8a31c68165 , For Error Screenshot please refer to this link  : <a href='VWR_07--Failed_AT-Click-ADD_DECLARATION_LINK-2106_114709_AM(IST).png'>VWR_07--Failed_AT-Click-ADD_DECLARATION_LINK-2106_114709_AM(IST).png</a>
                        &amp;&amp;  expected [true] but found [false]
                        	at org.testng.Assert.fail(Assert.java:93)
                        	at org.testng.Assert.failNotEquals(Assert.java:512)
                        	at org.testng.Assert.assertTrue(Assert.java:41)
                        	at in.v2solutions.hybrid.util.Keywords.executeKeywords(Keywords.java:573)
                        	at in.v2solutions.hybrid.testcases.VWR_07_Verify_Employees_Professional_Information.verify_Employees_Professional_Information(VWR_07_Verify_Employees_Professional_Information.java:60)
                        	at sun.reflect.NativeMethodAccessorImpl.invoke0(Native Method)
                        	at sun.reflect.NativeMethodAccessorImpl.invoke(NativeMethodAccessorImpl.java:62)
                        	at sun.reflect.DelegatingMethodAccessorImpl.invoke(DelegatingMethodAccessorImpl.java:43)
                        	at java.lang.reflect.Method.invoke(Method.java:498)
                        	at org.testng.internal.MethodInvocationHelper.invokeMethod(MethodInvocationHelper.java:108)
                        	at org.testng.internal.Invoker.invokeMethod(Invoker.java:661)
                        	at org.testng.internal.Invoker.invokeTestMethod(Invoker.java:869)
                        	at org.testng.internal.Invoker.invokeTestMethods(Invoker.java:1193)
                        	at org.testng.internal.TestMethodWorker.invokeTestMethods(TestMethodWorker.java:126)
                        	at org.testng.internal.TestMethodWorker.run(TestMethodWorker.java:109)
                        	at org.testng.TestRunner.privateRun(TestRunner.java:744)
                        	at org.testng.TestRunner.run(TestRunner.java:602)
                        	at org.testng.SuiteRunner.runTest(SuiteRunner.java:380)
                        	at org.testng.SuiteRunner.runSequentially(SuiteRunner.java:375)
                        	at org.testng.SuiteRunner.privateRun(SuiteRunner.java:340)
                        	at org.testng.SuiteRunner.run(SuiteRunner.java:289)
                        	at org.testng.SuiteRunnerWorker.runSuite(SuiteRunnerWorker.java:52)
                        	at org.testng.SuiteRunnerWorker.run(SuiteRunnerWorker.java:86)
                        	at org.testng.TestNG.runSuitesSequentially(TestNG.java:1301)
                        	at org.testng.TestNG.runSuitesLocally(TestNG.java:1226)
                        	at org.testng.TestNG.runSuites(TestNG.java:1144)
                        	at org.testng.TestNG.run(TestNG.java:1115)
                        	at org.testng.TestNG.privateMain(TestNG.java:1442)
                        	at org.testng.TestNG.main(TestNG.java:1411)
                     </pre>
                  </div>
               </td>
            </tr>
            <tr id="in.v2solutions.hybrid.testcases.VWR_07_Verify_Employees_Professional_Information_afterTest_byClass_PASS3_row"
                class="testMethodStatusPASS testMethodStatusCONF">
               <td width="100%" class="firstMethodCell">
                  <a onclick="toggleDetailsVisibility('in.v2solutions.hybrid.testcases.VWR_07_Verify_Employees_Professional_Information_afterTest_byClass_PASS3_details')">afterTest()</a>
               </td>
               <td nowrap="true">11:47:09</td>
               <td nowrap="true" align="right">0 ms
                  
               </td>
               <td nowrap="true">
                   
                  
               </td>
            </tr>
            <tr>
               <td colspan="4" class="detailsBox">
                  <div id="in.v2solutions.hybrid.testcases.VWR_07_Verify_Employees_Professional_Information_afterTest_byClass_PASS3_details"
                       class="testMethodDetails">
                     <div>
                        <b>Name: </b>afterTest
                     </div>
                     <div>
                        <b>Signature: </b>afterTest()[pri:0, instance:in.v2solutions.hybrid.testcases.VWR_07_Verify_Employees_Professional_Information@54d9d12d]
                     </div>
                     <div>
                        <b>Start time: </b>11:47:09
                     </div>
                     <div>
                        <b>End time: </b>11:47:09
                     </div>
                     <div>
                        <b>Duration: </b>0 ms
                        
                     </div>
                  </div>
               </td>
            </tr>
            <tr></tr>
         </table>
         <br></br>
         <table class="testMethodsTable" cellpadding="0" cellspacing="0">
            <tr>
               <td colspan="4">
                  <h3 style="display: inline;">in.v2solutions.hybrid.testcases.VWR_08_Verify_Dashboard_Functionality</h3>
               </td>
            </tr>
            <tr class="methodsTableHeader">
               <td width="100%">Name</td>
               <td nowrap="true">Started</td>
               <td nowrap="true">Duration</td>
               <td>Exception</td>
            </tr>
            <tr id="in.v2solutions.hybrid.testcases.VWR_08_Verify_Dashboard_Functionality_beforeTest_byClass_PASS1_row"
                class="testMethodStatusPASS testMethodStatusCONF">
               <td width="100%" class="firstMethodCell">
                  <a onclick="toggleDetailsVisibility('in.v2solutions.hybrid.testcases.VWR_08_Verify_Dashboard_Functionality_beforeTest_byClass_PASS1_details')">beforeTest(V2 Refresh_QA_Build_1.8--VWR_TestCases_P1)</a>
               </td>
               <td nowrap="true">11:47:09</td>
               <td nowrap="true" align="right">1 ms
                  
               </td>
               <td nowrap="true">
                   
                  
               </td>
            </tr>
            <tr>
               <td colspan="4" class="detailsBox">
                  <div id="in.v2solutions.hybrid.testcases.VWR_08_Verify_Dashboard_Functionality_beforeTest_byClass_PASS1_details"
                       class="testMethodDetails">
                     <div>
                        <b>Name: </b>beforeTest
                     </div>
                     <div>
                        <b>Signature: </b>beforeTest(java.lang.String)[pri:0, instance:in.v2solutions.hybrid.testcases.VWR_08_Verify_Dashboard_Functionality@1165b38]
                     </div>
                     <div>
                        <b>Parameters: </b>
                        
                        V2 Refresh_QA_Build_1.8--VWR_TestCases_P1
                        
                        
                     </div>
                     <div>
                        <b>Start time: </b>11:47:09
                     </div>
                     <div>
                        <b>End time: </b>11:47:09
                     </div>
                     <div>
                        <b>Duration: </b>1 ms
                        
                     </div>
                  </div>
               </td>
            </tr>
            <tr></tr>
            <tr id="in.v2solutions.hybrid.testcases.VWR_08_Verify_Dashboard_Functionality_verify_Dashboard_Functionality_byClass_FAIL2_row"
                class="testMethodStatusFAIL">
               <td width="100%" class="firstMethodCell">
                  <a onclick="toggleDetailsVisibility('in.v2solutions.hybrid.testcases.VWR_08_Verify_Dashboard_Functionality_verify_Dashboard_Functionality_byClass_FAIL2_details')">verify_Dashboard_Functionality({RunMode=Y})</a>
               </td>
               <td nowrap="true">11:47:09</td>
               <td nowrap="true" align="right">3m
                  56s
                  
               </td>
               <td nowrap="true">
                  <a onclick="toggleDetailsVisibility('in.v2solutions.hybrid.testcases.VWR_08_Verify_Dashboard_Functionality_verify_Dashboard_Functionality_byClass_FAIL2_exception')">java.lang.AssertionError: 
                     FAIL - Actual permalink content is-> dashboard AND Expected is->newticket , For Error Screenshot please refer to this link
                     : <a href='VWR_08--Failed_AT-VerifyPermalinkContent--2106_114913_AM(IST).png'>VWR_08--Failed_AT-VerifyPermalinkContent--2106_114913_AM(IST).png</a>
                     &amp;&amp; FAIL - Not able to click on -- MY_TICKETSnull , For Error Screenshot please refer to this link  : <a href='VWR_08--Failed_AT-Click-MY_TICKETS-2106_115005_AM(IST).png'>VWR_08--Failed_AT-Click-MY_TICKETS-2106_115005_AM(IST).png</a>
                     &amp;&amp;  expected [true] but found [false]
                     
                  </a>
                   
                  
               </td>
            </tr>
            <tr>
               <td colspan="4" class="detailsBox">
                  <div id="in.v2solutions.hybrid.testcases.VWR_08_Verify_Dashboard_Functionality_verify_Dashboard_Functionality_byClass_FAIL2_details"
                       class="testMethodDetails">
                     <div>
                        <b>Name: </b>verify_Dashboard_Functionality
                     </div>
                     <div>
                        <b>Signature: </b>verify_Dashboard_Functionality(java.util.Hashtable)[pri:0, instance:in.v2solutions.hybrid.testcases.VWR_08_Verify_Dashboard_Functionality@1165b38]
                     </div>
                     <div>
                        <b>Parameters: </b>
                        
                        {RunMode=Y}
                        
                        
                     </div>
                     <div>
                        <b>Start time: </b>11:47:09
                     </div>
                     <div>
                        <b>End time: </b>11:50:05
                     </div>
                     <div>
                        <b>Duration: </b>3m
                        56s
                        
                     </div>
                  </div>
               </td>
            </tr>
            <tr>
               <td colspan="4" class="detailsBox">
                  <div id="in.v2solutions.hybrid.testcases.VWR_08_Verify_Dashboard_Functionality_verify_Dashboard_Functionality_byClass_FAIL2_exception"
                       class="testMethodDetails">
                     <pre style="padding: 5px; margin: 0;">java.lang.AssertionError: FAIL - Actual permalink content is-> dashboard AND Expected is->newticket , For Error Screenshot
                        please refer to this link  : <a href='VWR_08--Failed_AT-VerifyPermalinkContent--2106_114913_AM(IST).png'>VWR_08--Failed_AT-VerifyPermalinkContent--2106_114913_AM(IST).png</a>
                        &amp;&amp; FAIL - Not able to click on -- MY_TICKETSnull , For Error Screenshot please refer to this link  : <a href='VWR_08--Failed_AT-Click-MY_TICKETS-2106_115005_AM(IST).png'>VWR_08--Failed_AT-Click-MY_TICKETS-2106_115005_AM(IST).png</a>
                        &amp;&amp;  expected [true] but found [false]
                        	at org.testng.Assert.fail(Assert.java:93)
                        	at org.testng.Assert.failNotEquals(Assert.java:512)
                        	at org.testng.Assert.assertTrue(Assert.java:41)
                        	at in.v2solutions.hybrid.util.Keywords.executeKeywords(Keywords.java:573)
                        	at in.v2solutions.hybrid.testcases.VWR_08_Verify_Dashboard_Functionality.verify_Dashboard_Functionality(VWR_08_Verify_Dashboard_Functionality.java:60)
                        	at sun.reflect.NativeMethodAccessorImpl.invoke0(Native Method)
                        	at sun.reflect.NativeMethodAccessorImpl.invoke(NativeMethodAccessorImpl.java:62)
                        	at sun.reflect.DelegatingMethodAccessorImpl.invoke(DelegatingMethodAccessorImpl.java:43)
                        	at java.lang.reflect.Method.invoke(Method.java:498)
                        	at org.testng.internal.MethodInvocationHelper.invokeMethod(MethodInvocationHelper.java:108)
                        	at org.testng.internal.Invoker.invokeMethod(Invoker.java:661)
                        	at org.testng.internal.Invoker.invokeTestMethod(Invoker.java:869)
                        	at org.testng.internal.Invoker.invokeTestMethods(Invoker.java:1193)
                        	at org.testng.internal.TestMethodWorker.invokeTestMethods(TestMethodWorker.java:126)
                        	at org.testng.internal.TestMethodWorker.run(TestMethodWorker.java:109)
                        	at org.testng.TestRunner.privateRun(TestRunner.java:744)
                        	at org.testng.TestRunner.run(TestRunner.java:602)
                        	at org.testng.SuiteRunner.runTest(SuiteRunner.java:380)
                        	at org.testng.SuiteRunner.runSequentially(SuiteRunner.java:375)
                        	at org.testng.SuiteRunner.privateRun(SuiteRunner.java:340)
                        	at org.testng.SuiteRunner.run(SuiteRunner.java:289)
                        	at org.testng.SuiteRunnerWorker.runSuite(SuiteRunnerWorker.java:52)
                        	at org.testng.SuiteRunnerWorker.run(SuiteRunnerWorker.java:86)
                        	at org.testng.TestNG.runSuitesSequentially(TestNG.java:1301)
                        	at org.testng.TestNG.runSuitesLocally(TestNG.java:1226)
                        	at org.testng.TestNG.runSuites(TestNG.java:1144)
                        	at org.testng.TestNG.run(TestNG.java:1115)
                        	at org.testng.TestNG.privateMain(TestNG.java:1442)
                        	at org.testng.TestNG.main(TestNG.java:1411)
                     </pre>
                  </div>
               </td>
            </tr>
            <tr id="in.v2solutions.hybrid.testcases.VWR_08_Verify_Dashboard_Functionality_afterTest_byClass_PASS3_row"
                class="testMethodStatusPASS testMethodStatusCONF">
               <td width="100%" class="firstMethodCell">
                  <a onclick="toggleDetailsVisibility('in.v2solutions.hybrid.testcases.VWR_08_Verify_Dashboard_Functionality_afterTest_byClass_PASS3_details')">afterTest()</a>
               </td>
               <td nowrap="true">11:50:05</td>
               <td nowrap="true" align="right">1 ms
                  
               </td>
               <td nowrap="true">
                   
                  
               </td>
            </tr>
            <tr>
               <td colspan="4" class="detailsBox">
                  <div id="in.v2solutions.hybrid.testcases.VWR_08_Verify_Dashboard_Functionality_afterTest_byClass_PASS3_details"
                       class="testMethodDetails">
                     <div>
                        <b>Name: </b>afterTest
                     </div>
                     <div>
                        <b>Signature: </b>afterTest()[pri:0, instance:in.v2solutions.hybrid.testcases.VWR_08_Verify_Dashboard_Functionality@1165b38]
                     </div>
                     <div>
                        <b>Start time: </b>11:50:05
                     </div>
                     <div>
                        <b>End time: </b>11:50:05
                     </div>
                     <div>
                        <b>Duration: </b>1 ms
                        
                     </div>
                  </div>
               </td>
            </tr>
            <tr></tr>
         </table>
         <br></br>
         <table class="testMethodsTable" cellpadding="0" cellspacing="0">
            <tr>
               <td colspan="4">
                  <h3 style="display: inline;">in.v2solutions.hybrid.testcases.VWR_09_Verify_Expense_Reimbursement_Functionality</h3>
               </td>
            </tr>
            <tr class="methodsTableHeader">
               <td width="100%">Name</td>
               <td nowrap="true">Started</td>
               <td nowrap="true">Duration</td>
               <td>Exception</td>
            </tr>
            <tr id="in.v2solutions.hybrid.testcases.VWR_09_Verify_Expense_Reimbursement_Functionality_beforeTest_byClass_PASS1_row"
                class="testMethodStatusPASS testMethodStatusCONF">
               <td width="100%" class="firstMethodCell">
                  <a onclick="toggleDetailsVisibility('in.v2solutions.hybrid.testcases.VWR_09_Verify_Expense_Reimbursement_Functionality_beforeTest_byClass_PASS1_details')">beforeTest(V2 Refresh_QA_Build_1.8--VWR_TestCases_P1)</a>
               </td>
               <td nowrap="true">11:50:05</td>
               <td nowrap="true" align="right">1 ms
                  
               </td>
               <td nowrap="true">
                   
                  
               </td>
            </tr>
            <tr>
               <td colspan="4" class="detailsBox">
                  <div id="in.v2solutions.hybrid.testcases.VWR_09_Verify_Expense_Reimbursement_Functionality_beforeTest_byClass_PASS1_details"
                       class="testMethodDetails">
                     <div>
                        <b>Name: </b>beforeTest
                     </div>
                     <div>
                        <b>Signature: </b>beforeTest(java.lang.String)[pri:0, instance:in.v2solutions.hybrid.testcases.VWR_09_Verify_Expense_Reimbursement_Functionality@6150c3ec]
                     </div>
                     <div>
                        <b>Parameters: </b>
                        
                        V2 Refresh_QA_Build_1.8--VWR_TestCases_P1
                        
                        
                     </div>
                     <div>
                        <b>Start time: </b>11:50:05
                     </div>
                     <div>
                        <b>End time: </b>11:50:05
                     </div>
                     <div>
                        <b>Duration: </b>1 ms
                        
                     </div>
                  </div>
               </td>
            </tr>
            <tr></tr>
            <tr id="in.v2solutions.hybrid.testcases.VWR_09_Verify_Expense_Reimbursement_Functionality_verify_Expense_Reimbursement_Functionality_byClass_PASS2_row"
                class="testMethodStatusPASS">
               <td width="100%" class="firstMethodCell">
                  <a onclick="toggleDetailsVisibility('in.v2solutions.hybrid.testcases.VWR_09_Verify_Expense_Reimbursement_Functionality_verify_Expense_Reimbursement_Functionality_byClass_PASS2_details')">verify_Expense_Reimbursement_Functionality({RunMode=Y})</a>
               </td>
               <td nowrap="true">11:50:05</td>
               <td nowrap="true" align="right">2m
                  56s
                  
               </td>
               <td nowrap="true">
                   
                  
               </td>
            </tr>
            <tr>
               <td colspan="4" class="detailsBox">
                  <div id="in.v2solutions.hybrid.testcases.VWR_09_Verify_Expense_Reimbursement_Functionality_verify_Expense_Reimbursement_Functionality_byClass_PASS2_details"
                       class="testMethodDetails">
                     <div>
                        <b>Name: </b>verify_Expense_Reimbursement_Functionality
                     </div>
                     <div>
                        <b>Signature: </b>verify_Expense_Reimbursement_Functionality(java.util.Hashtable)[pri:0, instance:in.v2solutions.hybrid.testcases.VWR_09_Verify_Expense_Reimbursement_Functionality@6150c3ec]
                     </div>
                     <div>
                        <b>Parameters: </b>
                        
                        {RunMode=Y}
                        
                        
                     </div>
                     <div>
                        <b>Start time: </b>11:50:05
                     </div>
                     <div>
                        <b>End time: </b>11:52:01
                     </div>
                     <div>
                        <b>Duration: </b>2m
                        56s
                        
                     </div>
                  </div>
               </td>
            </tr>
            <tr></tr>
            <tr id="in.v2solutions.hybrid.testcases.VWR_09_Verify_Expense_Reimbursement_Functionality_afterTest_byClass_PASS3_row"
                class="testMethodStatusPASS testMethodStatusCONF">
               <td width="100%" class="firstMethodCell">
                  <a onclick="toggleDetailsVisibility('in.v2solutions.hybrid.testcases.VWR_09_Verify_Expense_Reimbursement_Functionality_afterTest_byClass_PASS3_details')">afterTest()</a>
               </td>
               <td nowrap="true">11:52:01</td>
               <td nowrap="true" align="right">1 ms
                  
               </td>
               <td nowrap="true">
                   
                  
               </td>
            </tr>
            <tr>
               <td colspan="4" class="detailsBox">
                  <div id="in.v2solutions.hybrid.testcases.VWR_09_Verify_Expense_Reimbursement_Functionality_afterTest_byClass_PASS3_details"
                       class="testMethodDetails">
                     <div>
                        <b>Name: </b>afterTest
                     </div>
                     <div>
                        <b>Signature: </b>afterTest()[pri:0, instance:in.v2solutions.hybrid.testcases.VWR_09_Verify_Expense_Reimbursement_Functionality@6150c3ec]
                     </div>
                     <div>
                        <b>Start time: </b>11:52:01
                     </div>
                     <div>
                        <b>End time: </b>11:52:01
                     </div>
                     <div>
                        <b>Duration: </b>1 ms
                        
                     </div>
                  </div>
               </td>
            </tr>
            <tr></tr>
         </table>
         <br></br>
         <table class="testMethodsTable" cellpadding="0" cellspacing="0">
            <tr>
               <td colspan="4">
                  <h3 style="display: inline;">in.v2solutions.hybrid.testcases.VWR_10_Verify_Reports_Functionality</h3>
               </td>
            </tr>
            <tr class="methodsTableHeader">
               <td width="100%">Name</td>
               <td nowrap="true">Started</td>
               <td nowrap="true">Duration</td>
               <td>Exception</td>
            </tr>
            <tr id="in.v2solutions.hybrid.testcases.VWR_10_Verify_Reports_Functionality_beforeTest_byClass_PASS1_row"
                class="testMethodStatusPASS testMethodStatusCONF">
               <td width="100%" class="firstMethodCell">
                  <a onclick="toggleDetailsVisibility('in.v2solutions.hybrid.testcases.VWR_10_Verify_Reports_Functionality_beforeTest_byClass_PASS1_details')">beforeTest(V2 Refresh_QA_Build_1.8--VWR_TestCases_P1)</a>
               </td>
               <td nowrap="true">11:52:01</td>
               <td nowrap="true" align="right">1 ms
                  
               </td>
               <td nowrap="true">
                   
                  
               </td>
            </tr>
            <tr>
               <td colspan="4" class="detailsBox">
                  <div id="in.v2solutions.hybrid.testcases.VWR_10_Verify_Reports_Functionality_beforeTest_byClass_PASS1_details"
                       class="testMethodDetails">
                     <div>
                        <b>Name: </b>beforeTest
                     </div>
                     <div>
                        <b>Signature: </b>beforeTest(java.lang.String)[pri:0, instance:in.v2solutions.hybrid.testcases.VWR_10_Verify_Reports_Functionality@10683d9d]
                     </div>
                     <div>
                        <b>Parameters: </b>
                        
                        V2 Refresh_QA_Build_1.8--VWR_TestCases_P1
                        
                        
                     </div>
                     <div>
                        <b>Start time: </b>11:52:01
                     </div>
                     <div>
                        <b>End time: </b>11:52:01
                     </div>
                     <div>
                        <b>Duration: </b>1 ms
                        
                     </div>
                  </div>
               </td>
            </tr>
            <tr></tr>
            <tr id="in.v2solutions.hybrid.testcases.VWR_10_Verify_Reports_Functionality_verify_Reports_Functionality_byClass_PASS2_row"
                class="testMethodStatusPASS">
               <td width="100%" class="firstMethodCell">
                  <a onclick="toggleDetailsVisibility('in.v2solutions.hybrid.testcases.VWR_10_Verify_Reports_Functionality_verify_Reports_Functionality_byClass_PASS2_details')">verify_Reports_Functionality({RunMode=Y})</a>
               </td>
               <td nowrap="true">11:52:01</td>
               <td nowrap="true" align="right">3m
                  20s
                  
               </td>
               <td nowrap="true">
                   
                  
               </td>
            </tr>
            <tr>
               <td colspan="4" class="detailsBox">
                  <div id="in.v2solutions.hybrid.testcases.VWR_10_Verify_Reports_Functionality_verify_Reports_Functionality_byClass_PASS2_details"
                       class="testMethodDetails">
                     <div>
                        <b>Name: </b>verify_Reports_Functionality
                     </div>
                     <div>
                        <b>Signature: </b>verify_Reports_Functionality(java.util.Hashtable)[pri:0, instance:in.v2solutions.hybrid.testcases.VWR_10_Verify_Reports_Functionality@10683d9d]
                     </div>
                     <div>
                        <b>Parameters: </b>
                        
                        {RunMode=Y}
                        
                        
                     </div>
                     <div>
                        <b>Start time: </b>11:52:01
                     </div>
                     <div>
                        <b>End time: </b>11:55:22
                     </div>
                     <div>
                        <b>Duration: </b>3m
                        20s
                        
                     </div>
                  </div>
               </td>
            </tr>
            <tr></tr>
            <tr id="in.v2solutions.hybrid.testcases.VWR_10_Verify_Reports_Functionality_afterTest_byClass_PASS3_row"
                class="testMethodStatusPASS testMethodStatusCONF">
               <td width="100%" class="firstMethodCell">
                  <a onclick="toggleDetailsVisibility('in.v2solutions.hybrid.testcases.VWR_10_Verify_Reports_Functionality_afterTest_byClass_PASS3_details')">afterTest()</a>
               </td>
               <td nowrap="true">11:55:22</td>
               <td nowrap="true" align="right">0 ms
                  
               </td>
               <td nowrap="true">
                   
                  
               </td>
            </tr>
            <tr>
               <td colspan="4" class="detailsBox">
                  <div id="in.v2solutions.hybrid.testcases.VWR_10_Verify_Reports_Functionality_afterTest_byClass_PASS3_details"
                       class="testMethodDetails">
                     <div>
                        <b>Name: </b>afterTest
                     </div>
                     <div>
                        <b>Signature: </b>afterTest()[pri:0, instance:in.v2solutions.hybrid.testcases.VWR_10_Verify_Reports_Functionality@10683d9d]
                     </div>
                     <div>
                        <b>Start time: </b>11:55:22
                     </div>
                     <div>
                        <b>End time: </b>11:55:22
                     </div>
                     <div>
                        <b>Duration: </b>0 ms
                        
                     </div>
                  </div>
               </td>
            </tr>
            <tr></tr>
         </table>
         <br></br>
         <table class="testMethodsTable" cellpadding="0" cellspacing="0">
            <tr>
               <td colspan="4">
                  <h3 style="display: inline;">in.v2solutions.hybrid.testcases.VWR_11_Verify_HR_Maintenance_Functionality</h3>
               </td>
            </tr>
            <tr class="methodsTableHeader">
               <td width="100%">Name</td>
               <td nowrap="true">Started</td>
               <td nowrap="true">Duration</td>
               <td>Exception</td>
            </tr>
            <tr id="in.v2solutions.hybrid.testcases.VWR_11_Verify_HR_Maintenance_Functionality_beforeTest_byClass_PASS1_row"
                class="testMethodStatusPASS testMethodStatusCONF">
               <td width="100%" class="firstMethodCell">
                  <a onclick="toggleDetailsVisibility('in.v2solutions.hybrid.testcases.VWR_11_Verify_HR_Maintenance_Functionality_beforeTest_byClass_PASS1_details')">beforeTest(V2 Refresh_QA_Build_1.8--VWR_TestCases_P1)</a>
               </td>
               <td nowrap="true">11:55:22</td>
               <td nowrap="true" align="right">0 ms
                  
               </td>
               <td nowrap="true">
                   
                  
               </td>
            </tr>
            <tr>
               <td colspan="4" class="detailsBox">
                  <div id="in.v2solutions.hybrid.testcases.VWR_11_Verify_HR_Maintenance_Functionality_beforeTest_byClass_PASS1_details"
                       class="testMethodDetails">
                     <div>
                        <b>Name: </b>beforeTest
                     </div>
                     <div>
                        <b>Signature: </b>beforeTest(java.lang.String)[pri:0, instance:in.v2solutions.hybrid.testcases.VWR_11_Verify_HR_Maintenance_Functionality@217ed35e]
                     </div>
                     <div>
                        <b>Parameters: </b>
                        
                        V2 Refresh_QA_Build_1.8--VWR_TestCases_P1
                        
                        
                     </div>
                     <div>
                        <b>Start time: </b>11:55:22
                     </div>
                     <div>
                        <b>End time: </b>11:55:22
                     </div>
                     <div>
                        <b>Duration: </b>0 ms
                        
                     </div>
                  </div>
               </td>
            </tr>
            <tr></tr>
            <tr id="in.v2solutions.hybrid.testcases.VWR_11_Verify_HR_Maintenance_Functionality_verify_HR_Maintenance_Functionality_byClass_PASS2_row"
                class="testMethodStatusPASS">
               <td width="100%" class="firstMethodCell">
                  <a onclick="toggleDetailsVisibility('in.v2solutions.hybrid.testcases.VWR_11_Verify_HR_Maintenance_Functionality_verify_HR_Maintenance_Functionality_byClass_PASS2_details')">verify_HR_Maintenance_Functionality({RunMode=Y})</a>
               </td>
               <td nowrap="true">11:55:22</td>
               <td nowrap="true" align="right">2m
                  30s
                  
               </td>
               <td nowrap="true">
                   
                  
               </td>
            </tr>
            <tr>
               <td colspan="4" class="detailsBox">
                  <div id="in.v2solutions.hybrid.testcases.VWR_11_Verify_HR_Maintenance_Functionality_verify_HR_Maintenance_Functionality_byClass_PASS2_details"
                       class="testMethodDetails">
                     <div>
                        <b>Name: </b>verify_HR_Maintenance_Functionality
                     </div>
                     <div>
                        <b>Signature: </b>verify_HR_Maintenance_Functionality(java.util.Hashtable)[pri:0, instance:in.v2solutions.hybrid.testcases.VWR_11_Verify_HR_Maintenance_Functionality@217ed35e]
                     </div>
                     <div>
                        <b>Parameters: </b>
                        
                        {RunMode=Y}
                        
                        
                     </div>
                     <div>
                        <b>Start time: </b>11:55:22
                     </div>
                     <div>
                        <b>End time: </b>11:57:51
                     </div>
                     <div>
                        <b>Duration: </b>2m
                        30s
                        
                     </div>
                  </div>
               </td>
            </tr>
            <tr></tr>
            <tr id="in.v2solutions.hybrid.testcases.VWR_11_Verify_HR_Maintenance_Functionality_afterTest_byClass_PASS3_row"
                class="testMethodStatusPASS testMethodStatusCONF">
               <td width="100%" class="firstMethodCell">
                  <a onclick="toggleDetailsVisibility('in.v2solutions.hybrid.testcases.VWR_11_Verify_HR_Maintenance_Functionality_afterTest_byClass_PASS3_details')">afterTest()</a>
               </td>
               <td nowrap="true">11:57:51</td>
               <td nowrap="true" align="right">1 ms
                  
               </td>
               <td nowrap="true">
                   
                  
               </td>
            </tr>
            <tr>
               <td colspan="4" class="detailsBox">
                  <div id="in.v2solutions.hybrid.testcases.VWR_11_Verify_HR_Maintenance_Functionality_afterTest_byClass_PASS3_details"
                       class="testMethodDetails">
                     <div>
                        <b>Name: </b>afterTest
                     </div>
                     <div>
                        <b>Signature: </b>afterTest()[pri:0, instance:in.v2solutions.hybrid.testcases.VWR_11_Verify_HR_Maintenance_Functionality@217ed35e]
                     </div>
                     <div>
                        <b>Start time: </b>11:57:51
                     </div>
                     <div>
                        <b>End time: </b>11:57:51
                     </div>
                     <div>
                        <b>Duration: </b>1 ms
                        
                     </div>
                  </div>
               </td>
            </tr>
            <tr></tr>
         </table>
         <br></br>
      </div>
      <div style="margin-top: 15px; color: gray; text-align: center; font-size: 9px;">
         Generated with
         
         <a href="http://code.google.com/p/testng-xslt/" style="color: #8888aa;"
            target="_blank">
            TestNG XSLT
            
         </a>
      </div>
   </body>
</html>
