<?xml version="1.0" encoding="UTF-8"?>
<!-- Generated by org.testng.reporters.JUnitReportReporter -->
<testsuite skipped="0" hostname="v2mumpc0455" name="in.v2solutions.hybrid.testcases.HLT_01_Verify_AddViewEditListAllAndSearchOptionsForUser" tests="1" failures="0" timestamp="09 Mar 2018 09:32:09 GMT" time="25.891" errors="1">
  <testcase name="verify_AddViewEditListAllAndSearchOptionsForUser" time="25.891" classname="in.v2solutions.hybrid.testcases.HLT_01_Verify_AddViewEditListAllAndSearchOptionsForUser">
    <error type="java.lang.NullPointerException">
      <![CDATA[java.lang.NullPointerException
	at in.v2solutions.hybrid.util.Keywords.InputText(Keywords.java:1936)
	at in.v2solutions.hybrid.util.Keywords.executeKeywords(Keywords.java:222)
	at in.v2solutions.hybrid.testcases.HLT_01_Verify_AddViewEditListAllAndSearchOptionsForUser.verify_AddViewEditListAllAndSearchOptionsForUser(HLT_01_Verify_AddViewEditListAllAndSearchOptionsForUser.java:59)
	at sun.reflect.NativeMethodAccessorImpl.invoke0(Native Method)
	at sun.reflect.NativeMethodAccessorImpl.invoke(Unknown Source)
	at sun.reflect.DelegatingMethodAccessorImpl.invoke(Unknown Source)
	at java.lang.reflect.Method.invoke(Unknown Source)
	at org.testng.internal.MethodInvocationHelper.invokeMethod(MethodInvocationHelper.java:108)
	at org.testng.internal.Invoker.invokeMethod(Invoker.java:661)
	at org.testng.internal.Invoker.invokeTestMethod(Invoker.java:869)
	at org.testng.internal.Invoker.invokeTestMethods(Invoker.java:1193)
	at org.testng.internal.TestMethodWorker.invokeTestMethods(TestMethodWorker.java:126)
	at org.testng.internal.TestMethodWorker.run(TestMethodWorker.java:109)
	at org.testng.TestRunner.privateRun(TestRunner.java:744)
	at org.testng.TestRunner.run(TestRunner.java:602)
	at org.testng.SuiteRunner.runTest(SuiteRunner.java:380)
	at org.testng.SuiteRunner.runSequentially(SuiteRunner.java:375)
	at org.testng.SuiteRunner.privateRun(SuiteRunner.java:340)
	at org.testng.SuiteRunner.run(SuiteRunner.java:289)
	at org.testng.SuiteRunnerWorker.runSuite(SuiteRunnerWorker.java:52)
	at org.testng.SuiteRunnerWorker.run(SuiteRunnerWorker.java:86)
	at org.testng.TestNG.runSuitesSequentially(TestNG.java:1301)
	at org.testng.TestNG.runSuitesLocally(TestNG.java:1226)
	at org.testng.TestNG.runSuites(TestNG.java:1144)
	at org.testng.TestNG.run(TestNG.java:1115)
	at org.testng.remote.AbstractRemoteTestNG.run(AbstractRemoteTestNG.java:132)
	at org.testng.remote.RemoteTestNG.initAndRun(RemoteTestNG.java:236)
	at org.testng.remote.RemoteTestNG.main(RemoteTestNG.java:81)
]]>
    </error>
  </testcase> <!-- verify_AddViewEditListAllAndSearchOptionsForUser -->
</testsuite> <!-- in.v2solutions.hybrid.testcases.HLT_01_Verify_AddViewEditListAllAndSearchOptionsForUser -->
