<?xml version="1.0" encoding="UTF-8"?>
<!-- Generated by org.testng.reporters.JUnitReportReporter -->
<testsuite skipped="1" hostname="v2mumpc0464" name="in.v2solutions.hybrid.testcases.VWR_09_Verify_Expense_Reimbursement_Functionality" tests="1" failures="0" timestamp="22 Jun 2018 07:31:59 GMT" time="0.001" errors="0">
  <testcase name="verify_Expense_Reimbursement_Functionality" time="0.001" classname="in.v2solutions.hybrid.testcases.VWR_09_Verify_Expense_Reimbursement_Functionality">
    <skipped/>
  </testcase> <!-- verify_Expense_Reimbursement_Functionality -->
</testsuite> <!-- in.v2solutions.hybrid.testcases.VWR_09_Verify_Expense_Reimbursement_Functionality -->
