<?xml version="1.0" encoding="UTF-8"?>
<!-- Generated by org.testng.reporters.JUnitReportReporter -->
<testsuite skipped="1" hostname="v2mumpc0464" name="in.v2solutions.hybrid.testcases.VWR_05_Verify_Helpdesk_Functionality" tests="1" failures="0" timestamp="21 Jun 2018 13:13:06 GMT" time="0.001" errors="0">
  <testcase name="verify_Helpdesk_Functionality" time="0.001" classname="in.v2solutions.hybrid.testcases.VWR_05_Verify_Helpdesk_Functionality">
    <skipped/>
  </testcase> <!-- verify_Helpdesk_Functionality -->
</testsuite> <!-- in.v2solutions.hybrid.testcases.VWR_05_Verify_Helpdesk_Functionality -->
