<?xml version="1.0" encoding="UTF-8"?>
<!-- Generated by org.testng.reporters.JUnitReportReporter -->
<testsuite skipped="1" hostname="v2mumpc0464" name="in.v2solutions.hybrid.testcases.VWR_06_Verify_Employees_Personal_Information" tests="1" failures="0" timestamp="21 Jun 2018 13:13:06 GMT" time="0.000" errors="0">
  <testcase name="verify_Employees_Personal_Information" time="0.000" classname="in.v2solutions.hybrid.testcases.VWR_06_Verify_Employees_Personal_Information">
    <skipped/>
  </testcase> <!-- verify_Employees_Personal_Information -->
</testsuite> <!-- in.v2solutions.hybrid.testcases.VWR_06_Verify_Employees_Personal_Information -->
